2022-12-16 13:59:01.192 +05:30  ERR  An error encountered while processing the request
2022-12-16 13:59:28.966 +05:30  DBG  Initializing Razor view compiler with compiled view: '/Views/FoodSite/AccountCreated.cshtml'.
2022-12-16 13:59:28.998 +05:30  DBG  Initializing Razor view compiler with compiled view: '/Views/FoodSite/CancelOrder.cshtml'.
2022-12-16 13:59:28.998 +05:30  DBG  Initializing Razor view compiler with compiled view: '/Views/FoodSite/Cart.cshtml'.
2022-12-16 13:59:28.998 +05:30  DBG  Initializing Razor view compiler with compiled view: '/Views/FoodSite/CreateAccount.cshtml'.
2022-12-16 13:59:29.002 +05:30  DBG  Initializing Razor view compiler with compiled view: '/Views/FoodSite/CustomerDetails.cshtml'.
2022-12-16 13:59:29.003 +05:30  DBG  Initializing Razor view compiler with compiled view: '/Views/FoodSite/Login.cshtml'.
2022-12-16 13:59:29.003 +05:30  DBG  Initializing Razor view compiler with compiled view: '/Views/FoodSite/Menu.cshtml'.
2022-12-16 13:59:29.003 +05:30  DBG  Initializing Razor view compiler with compiled view: '/Views/FoodSite/OrderStatus.cshtml'.
2022-12-16 13:59:29.003 +05:30  DBG  Initializing Razor view compiler with compiled view: '/Views/FoodSite/PlaceOrder.cshtml'.
2022-12-16 13:59:29.003 +05:30  DBG  Initializing Razor view compiler with compiled view: '/Views/FoodSite/Restaurants.cshtml'.
2022-12-16 13:59:29.003 +05:30  DBG  Initializing Razor view compiler with compiled view: '/Views/Home/Index.cshtml'.
2022-12-16 13:59:29.003 +05:30  DBG  Initializing Razor view compiler with compiled view: '/Views/Home/Privacy.cshtml'.
2022-12-16 13:59:29.003 +05:30  DBG  Initializing Razor view compiler with compiled view: '/Views/Shared/Error.cshtml'.
2022-12-16 13:59:29.003 +05:30  DBG  Initializing Razor view compiler with compiled view: '/Views/Shared/_Notification.cshtml'.
2022-12-16 13:59:29.003 +05:30  DBG  Initializing Razor view compiler with compiled view: '/Views/Shared/_ValidationScriptsPartial.cshtml'.
2022-12-16 13:59:29.003 +05:30  DBG  Initializing Razor view compiler with compiled view: '/Views/_ViewImports.cshtml'.
2022-12-16 13:59:29.003 +05:30  DBG  Initializing Razor view compiler with compiled view: '/Views/_ViewStart.cshtml'.
2022-12-16 13:59:29.003 +05:30  DBG  Initializing Razor view compiler with compiled view: '/Views/Shared/_Layout.cshtml'.
2022-12-16 13:59:29.011 +05:30  DBG  Registered model binder providers, in the following order: ["Microsoft.AspNetCore.Mvc.ModelBinding.Binders.BinderTypeModelBinderProvider","Microsoft.AspNetCore.Mvc.ModelBinding.Binders.ServicesModelBinderProvider","Microsoft.AspNetCore.Mvc.ModelBinding.Binders.BodyModelBinderProvider","Microsoft.AspNetCore.Mvc.ModelBinding.Binders.HeaderModelBinderProvider","Microsoft.AspNetCore.Mvc.ModelBinding.Binders.FloatingPointTypeModelBinderProvider","Microsoft.AspNetCore.Mvc.ModelBinding.Binders.EnumTypeModelBinderProvider","Microsoft.AspNetCore.Mvc.ModelBinding.Binders.DateTimeModelBinderProvider","Microsoft.AspNetCore.Mvc.ModelBinding.Binders.SimpleTypeModelBinderProvider","Microsoft.AspNetCore.Mvc.ModelBinding.Binders.CancellationTokenModelBinderProvider","Microsoft.AspNetCore.Mvc.ModelBinding.Binders.ByteArrayModelBinderProvider","Microsoft.AspNetCore.Mvc.ModelBinding.Binders.FormFileModelBinderProvider","Microsoft.AspNetCore.Mvc.ModelBinding.Binders.FormCollectionModelBinderProvider","Microsoft.AspNetCore.Mvc.ModelBinding.Binders.KeyValuePairModelBinderProvider","Microsoft.AspNetCore.Mvc.ModelBinding.Binders.DictionaryModelBinderProvider","Microsoft.AspNetCore.Mvc.ModelBinding.Binders.ArrayModelBinderProvider","Microsoft.AspNetCore.Mvc.ModelBinding.Binders.CollectionModelBinderProvider","Microsoft.AspNetCore.Mvc.ModelBinding.Binders.ComplexObjectModelBinderProvider"]
2022-12-16 13:59:29.076 +05:30  DBG  Hosting starting
2022-12-16 13:59:29.131 +05:30  INF  User profile is available. Using 'C:\Users\raksha_ganyarpawar\AppData\Local\ASP.NET\DataProtection-Keys' as key repository and Windows DPAPI to encrypt keys at rest.
2022-12-16 13:59:29.134 +05:30  DBG  Reading data from file 'C:\Users\raksha_ganyarpawar\AppData\Local\ASP.NET\DataProtection-Keys\key-79ad8948-c6a7-4098-9250-f7b29548ac6d.xml'.
2022-12-16 13:59:29.138 +05:30  DBG  Reading data from file 'C:\Users\raksha_ganyarpawar\AppData\Local\ASP.NET\DataProtection-Keys\key-fcbc33c9-fbe1-4aff-8638-219c50a28b3b.xml'.
2022-12-16 13:59:29.144 +05:30  DBG  Found key {79ad8948-c6a7-4098-9250-f7b29548ac6d}.
2022-12-16 13:59:29.146 +05:30  DBG  Found key {fcbc33c9-fbe1-4aff-8638-219c50a28b3b}.
2022-12-16 13:59:29.152 +05:30  DBG  Considering key {79ad8948-c6a7-4098-9250-f7b29548ac6d} with expiration date 2023-01-30 18:09:53Z as default key.
2022-12-16 13:59:29.153 +05:30  DBG  Forwarded activator type request from Microsoft.AspNetCore.DataProtection.XmlEncryption.DpapiXmlDecryptor, Microsoft.AspNetCore.DataProtection, Version=6.0.0.0, Culture=neutral, PublicKeyToken=adb9793829ddae60 to Microsoft.AspNetCore.DataProtection.XmlEncryption.DpapiXmlDecryptor, Microsoft.AspNetCore.DataProtection, Culture=neutral, PublicKeyToken=adb9793829ddae60
2022-12-16 13:59:29.155 +05:30  DBG  Decrypting secret element using Windows DPAPI.
2022-12-16 13:59:29.157 +05:30  DBG  Forwarded activator type request from Microsoft.AspNetCore.DataProtection.AuthenticatedEncryption.ConfigurationModel.AuthenticatedEncryptorDescriptorDeserializer, Microsoft.AspNetCore.DataProtection, Version=6.0.0.0, Culture=neutral, PublicKeyToken=adb9793829ddae60 to Microsoft.AspNetCore.DataProtection.AuthenticatedEncryption.ConfigurationModel.AuthenticatedEncryptorDescriptorDeserializer, Microsoft.AspNetCore.DataProtection, Culture=neutral, PublicKeyToken=adb9793829ddae60
2022-12-16 13:59:29.161 +05:30  DBG  Opening CNG algorithm 'AES' from provider 'null' with chaining mode CBC.
2022-12-16 13:59:29.163 +05:30  DBG  Opening CNG algorithm 'SHA256' from provider 'null' with HMAC.
2022-12-16 13:59:29.166 +05:30  DBG  Using key {79ad8948-c6a7-4098-9250-f7b29548ac6d} as the default key.
2022-12-16 13:59:29.166 +05:30  DBG  Key ring with default key {79ad8948-c6a7-4098-9250-f7b29548ac6d} was loaded during application startup.
2022-12-16 13:59:29.281 +05:30  DBG  Using development certificate: CN=localhost (Thumbprint: 4C51C087C884AD5F8F0F2241CBD89F90FD775F40)
2022-12-16 13:59:29.341 +05:30  INF  Now listening on: https://localhost:7119
2022-12-16 13:59:29.341 +05:30  INF  Now listening on: http://localhost:5119
2022-12-16 13:59:29.341 +05:30  DBG  Loaded hosting startup assembly FoodDeliveryApplication
2022-12-16 13:59:29.341 +05:30  DBG  Loaded hosting startup assembly Microsoft.AspNetCore.Watch.BrowserRefresh
2022-12-16 13:59:29.341 +05:30  DBG  Loaded hosting startup assembly Microsoft.WebTools.BrowserLink.Net
2022-12-16 13:59:29.341 +05:30  INF  Application started. Press Ctrl+C to shut down.
2022-12-16 13:59:29.341 +05:30  INF  Hosting environment: Development
2022-12-16 13:59:29.341 +05:30  INF  Content root path: C:\Users\raksha_ganyarpawar\source\repos\FoodDeliveryApplication\FoodDeliveryApplication\
2022-12-16 13:59:29.341 +05:30  DBG  Hosting started
2022-12-16 13:59:29.367 +05:30  DBG  Connection id "0HMMV7UJ621SM" accepted.
2022-12-16 13:59:29.368 +05:30  DBG  Connection id "0HMMV7UJ621SM" started.
2022-12-16 13:59:29.416 +05:30  DBG  Connection 0HMMV7UJ621SM established using the following protocol: "Tls13"
2022-12-16 13:59:29.455 +05:30  INF  Request starting HTTP/2 GET https://localhost:7119/FoodSite/Login - -
2022-12-16 13:59:29.480 +05:30  DBG  Wildcard detected, all requests with hosts will be allowed.
2022-12-16 13:59:29.481 +05:30  DBG  The request path /FoodSite/Login does not match a supported file type
2022-12-16 13:59:29.507 +05:30  DBG  1 candidate(s) found for the request path '/FoodSite/Login'
2022-12-16 13:59:29.511 +05:30  DBG  Endpoint 'FoodDeliveryApplication.Controllers.FoodSiteController.Login (FoodDeliveryApplication)' with route pattern '{controller=Home}/{action=Index}/{id?}' is valid for the request path '/FoodSite/Login'
2022-12-16 13:59:29.511 +05:30  DBG  Request matched endpoint 'FoodDeliveryApplication.Controllers.FoodSiteController.Login (FoodDeliveryApplication)'
2022-12-16 13:59:29.519 +05:30  INF  Executing endpoint 'FoodDeliveryApplication.Controllers.FoodSiteController.Login (FoodDeliveryApplication)'
2022-12-16 13:59:29.536 +05:30  INF  Route matched with {action = "Login", controller = "FoodSite"}. Executing controller action with signature Microsoft.AspNetCore.Mvc.IActionResult Login() on controller FoodDeliveryApplication.Controllers.FoodSiteController (FoodDeliveryApplication).
2022-12-16 13:59:29.537 +05:30  DBG  Execution plan of authorization filters (in the following order): ["None"]
2022-12-16 13:59:29.537 +05:30  DBG  Execution plan of resource filters (in the following order): ["Microsoft.AspNetCore.Mvc.ViewFeatures.Filters.SaveTempDataFilter"]
2022-12-16 13:59:29.537 +05:30  DBG  Execution plan of action filters (in the following order): ["Microsoft.AspNetCore.Mvc.Filters.ControllerActionFilter (Order: -2147483648)","Microsoft.AspNetCore.Mvc.ModelBinding.UnsupportedContentTypeFilter (Order: -3000)"]
2022-12-16 13:59:29.537 +05:30  DBG  Execution plan of exception filters (in the following order): ["FoodDeliveryApplication.CustomExceptionFilter"]
2022-12-16 13:59:29.537 +05:30  DBG  Execution plan of result filters (in the following order): ["Microsoft.AspNetCore.Mvc.ViewFeatures.Filters.SaveTempDataFilter"]
2022-12-16 13:59:29.538 +05:30  DBG  Executing controller factory for controller FoodDeliveryApplication.Controllers.FoodSiteController (FoodDeliveryApplication)
2022-12-16 13:59:29.724 +05:30  DBG  Executed controller factory for controller FoodDeliveryApplication.Controllers.FoodSiteController (FoodDeliveryApplication)
2022-12-16 13:59:29.725 +05:30  INF  Login Triggered
2022-12-16 13:59:29.727 +05:30  DBG  View lookup cache miss for view 'Login' in controller 'FoodSite'.
2022-12-16 13:59:29.731 +05:30  INF  Executing ViewResult, running view Login.
2022-12-16 13:59:29.734 +05:30  DBG  The view path '/Views/FoodSite/Login.cshtml' was found in 4.8531ms.
2022-12-16 13:59:29.755 +05:30  DBG  An antiforgery cookie token was reused.
2022-12-16 13:59:29.831 +05:30  DBG  Found the endpoints ["Route: {controller=Home}/{action=Index}/{id?}"] for address Microsoft.AspNetCore.Routing.RouteValuesAddress
2022-12-16 13:59:29.836 +05:30  DBG  Successfully processed template {controller=Home}/{action=Index}/{id?} for Route: {controller=Home}/{action=Index}/{id?} resulting in /FoodSite/CreateAccount and 
2022-12-16 13:59:29.836 +05:30  DBG  Link generation succeeded for endpoints ["Route: {controller=Home}/{action=Index}/{id?}"] with result /FoodSite/CreateAccount
2022-12-16 13:59:29.837 +05:30  DBG  View lookup cache miss for view '_Layout' in controller 'FoodSite'.
2022-12-16 13:59:29.854 +05:30  DBG  Found the endpoints ["Route: {controller=Home}/{action=Index}/{id?}"] for address Microsoft.AspNetCore.Routing.RouteValuesAddress
2022-12-16 13:59:29.854 +05:30  DBG  Successfully processed template {controller=Home}/{action=Index}/{id?} for Route: {controller=Home}/{action=Index}/{id?} resulting in  and 
2022-12-16 13:59:29.854 +05:30  DBG  Link generation succeeded for endpoints ["Route: {controller=Home}/{action=Index}/{id?}"] with result /
2022-12-16 13:59:29.855 +05:30  DBG  Found the endpoints ["Route: {controller=Home}/{action=Index}/{id?}"] for address Microsoft.AspNetCore.Routing.RouteValuesAddress
2022-12-16 13:59:29.855 +05:30  DBG  Successfully processed template {controller=Home}/{action=Index}/{id?} for Route: {controller=Home}/{action=Index}/{id?} resulting in  and 
2022-12-16 13:59:29.855 +05:30  DBG  Link generation succeeded for endpoints ["Route: {controller=Home}/{action=Index}/{id?}"] with result /
2022-12-16 13:59:29.855 +05:30  DBG  Found the endpoints ["Route: {controller=Home}/{action=Index}/{id?}"] for address Microsoft.AspNetCore.Routing.RouteValuesAddress
2022-12-16 13:59:29.855 +05:30  DBG  Successfully processed template {controller=Home}/{action=Index}/{id?} for Route: {controller=Home}/{action=Index}/{id?} resulting in /FoodSite/CreateAccount and 
2022-12-16 13:59:29.855 +05:30  DBG  Link generation succeeded for endpoints ["Route: {controller=Home}/{action=Index}/{id?}"] with result /FoodSite/CreateAccount
2022-12-16 13:59:29.855 +05:30  DBG  Found the endpoints ["Route: {controller=Home}/{action=Index}/{id?}"] for address Microsoft.AspNetCore.Routing.RouteValuesAddress
2022-12-16 13:59:29.855 +05:30  DBG  Successfully processed template {controller=Home}/{action=Index}/{id?} for Route: {controller=Home}/{action=Index}/{id?} resulting in /FoodSite/Login and 
2022-12-16 13:59:29.855 +05:30  DBG  Link generation succeeded for endpoints ["Route: {controller=Home}/{action=Index}/{id?}"] with result /FoodSite/Login
2022-12-16 13:59:29.856 +05:30  DBG  View lookup cache miss for view '_Notification' in controller 'FoodSite'.
2022-12-16 13:59:29.859 +05:30  DBG  The temp data cookie .AspNetCore.Mvc.CookieTempDataProvider was not found.
2022-12-16 13:59:29.859 +05:30  DBG  Found the endpoints ["Route: {controller=Home}/{action=Index}/{id?}"] for address Microsoft.AspNetCore.Routing.RouteValuesAddress
2022-12-16 13:59:29.859 +05:30  DBG  Successfully processed template {controller=Home}/{action=Index}/{id?} for Route: {controller=Home}/{action=Index}/{id?} resulting in /Home/Privacy and 
2022-12-16 13:59:29.859 +05:30  DBG  Link generation succeeded for endpoints ["Route: {controller=Home}/{action=Index}/{id?}"] with result /Home/Privacy
2022-12-16 13:59:29.979 +05:30  INF  Executed ViewResult - view Login executed in 252.4495ms.
2022-12-16 13:59:29.983 +05:30  INF  Executed action FoodDeliveryApplication.Controllers.FoodSiteController.Login (FoodDeliveryApplication) in 445.7057ms
2022-12-16 13:59:29.984 +05:30  INF  Executed endpoint 'FoodDeliveryApplication.Controllers.FoodSiteController.Login (FoodDeliveryApplication)'
2022-12-16 13:59:29.985 +05:30  INF  Accessing expired session, Key:ef898cdc-8e95-11a6-6c68-d1244381d33d
2022-12-16 13:59:29.990 +05:30  DBG  Response markup is scheduled to include browser refresh script injection.
2022-12-16 13:59:30.000 +05:30  DBG  Response markup was updated to include browser refresh script injection.
2022-12-16 13:59:30.004 +05:30  INF  Request finished HTTP/2 GET https://localhost:7119/FoodSite/Login - - - 200 - text/html;+charset=utf-8 552.4173ms
2022-12-16 13:59:30.047 +05:30  INF  Request starting HTTP/2 GET https://localhost:7119/_framework/aspnetcore-browser-refresh.js - -
2022-12-16 13:59:30.047 +05:30  INF  Request starting HTTP/2 GET https://localhost:7119/_vs/browserLink - -
2022-12-16 13:59:30.050 +05:30  INF  Request finished HTTP/2 GET https://localhost:7119/_framework/aspnetcore-browser-refresh.js - - - 200 12016 application/javascript;+charset=utf-8 2.9914ms
2022-12-16 13:59:30.067 +05:30  INF  Request finished HTTP/2 GET https://localhost:7119/_vs/browserLink - - - 200 - text/javascript;+charset=UTF-8 20.2793ms
2022-12-16 13:59:42.453 +05:30  INF  Request starting HTTP/2 POST https://localhost:7119/FoodSite/Login application/x-www-form-urlencoded 212
2022-12-16 13:59:42.454 +05:30  DBG  POST requests are not supported
2022-12-16 13:59:42.457 +05:30  DBG  2 candidate(s) found for the request path '/FoodSite/Login'
2022-12-16 13:59:42.458 +05:30  DBG  Endpoint 'FoodDeliveryApplication.Controllers.FoodSiteController.Login (FoodDeliveryApplication)' with route pattern '{controller=Home}/{action=Index}/{id?}' is valid for the request path '/FoodSite/Login'
2022-12-16 13:59:42.458 +05:30  DBG  Endpoint 'FoodDeliveryApplication.Controllers.FoodSiteController.Login (FoodDeliveryApplication)' with route pattern '{controller=Home}/{action=Index}/{id?}' is valid for the request path '/FoodSite/Login'
2022-12-16 13:59:42.458 +05:30  DBG  Request matched endpoint 'FoodDeliveryApplication.Controllers.FoodSiteController.Login (FoodDeliveryApplication)'
2022-12-16 13:59:42.458 +05:30  INF  Executing endpoint 'FoodDeliveryApplication.Controllers.FoodSiteController.Login (FoodDeliveryApplication)'
2022-12-16 13:59:42.472 +05:30  INF  Route matched with {action = "Login", controller = "FoodSite"}. Executing controller action with signature System.Threading.Tasks.Task`1[Microsoft.AspNetCore.Mvc.IActionResult] Login(FoodDeliveryApplication.Models.LoginDetails) on controller FoodDeliveryApplication.Controllers.FoodSiteController (FoodDeliveryApplication).
2022-12-16 13:59:42.472 +05:30  DBG  Execution plan of authorization filters (in the following order): ["None"]
2022-12-16 13:59:42.472 +05:30  DBG  Execution plan of resource filters (in the following order): ["Microsoft.AspNetCore.Mvc.ViewFeatures.Filters.SaveTempDataFilter"]
2022-12-16 13:59:42.472 +05:30  DBG  Execution plan of action filters (in the following order): ["Microsoft.AspNetCore.Mvc.Filters.ControllerActionFilter (Order: -2147483648)","Microsoft.AspNetCore.Mvc.ModelBinding.UnsupportedContentTypeFilter (Order: -3000)"]
2022-12-16 13:59:42.472 +05:30  DBG  Execution plan of exception filters (in the following order): ["FoodDeliveryApplication.CustomExceptionFilter"]
2022-12-16 13:59:42.472 +05:30  DBG  Execution plan of result filters (in the following order): ["Microsoft.AspNetCore.Mvc.ViewFeatures.Filters.SaveTempDataFilter"]
2022-12-16 13:59:42.472 +05:30  DBG  Executing controller factory for controller FoodDeliveryApplication.Controllers.FoodSiteController (FoodDeliveryApplication)
2022-12-16 13:59:42.479 +05:30  DBG  Executed controller factory for controller FoodDeliveryApplication.Controllers.FoodSiteController (FoodDeliveryApplication)
2022-12-16 13:59:42.483 +05:30  DBG  Connection id "0HMMV7UJ621SM", Request id "0HMMV7UJ621SM:00000007": started reading request body.
2022-12-16 13:59:42.483 +05:30  DBG  Connection id "0HMMV7UJ621SM", Request id "0HMMV7UJ621SM:00000007": done reading request body.
2022-12-16 13:59:42.488 +05:30  DBG  Attempting to bind parameter 'login' of type 'FoodDeliveryApplication.Models.LoginDetails' ...
2022-12-16 13:59:42.491 +05:30  DBG  Attempting to bind parameter 'login' of type 'FoodDeliveryApplication.Models.LoginDetails' using the name '' in request data ...
2022-12-16 13:59:42.495 +05:30  DBG  Attempting to bind property 'FoodDeliveryApplication.Models.LoginDetails.UserName' of type 'System.String' using the name 'UserName' in request data ...
2022-12-16 13:59:42.497 +05:30  DBG  Done attempting to bind property 'FoodDeliveryApplication.Models.LoginDetails.UserName' of type 'System.String'.
2022-12-16 13:59:42.499 +05:30  DBG  Attempting to bind property 'FoodDeliveryApplication.Models.LoginDetails.Password' of type 'System.String' using the name 'Password' in request data ...
2022-12-16 13:59:42.499 +05:30  DBG  Done attempting to bind property 'FoodDeliveryApplication.Models.LoginDetails.Password' of type 'System.String'.
2022-12-16 13:59:42.499 +05:30  DBG  Done attempting to bind parameter 'login' of type 'FoodDeliveryApplication.Models.LoginDetails'.
2022-12-16 13:59:42.499 +05:30  DBG  Done attempting to bind parameter 'login' of type 'FoodDeliveryApplication.Models.LoginDetails'.
2022-12-16 13:59:42.499 +05:30  DBG  Attempting to validate the bound parameter 'login' of type 'FoodDeliveryApplication.Models.LoginDetails' ...
2022-12-16 13:59:42.506 +05:30  DBG  Done attempting to validate the bound parameter 'login' of type 'FoodDeliveryApplication.Models.LoginDetails'.
2022-12-16 13:59:46.721 +05:30  DBG  Request was short circuited at exception filter 'FoodDeliveryApplication.CustomExceptionFilter'.
2022-12-16 13:59:46.722 +05:30  DBG  View lookup cache miss for view 'Error' in controller 'FoodSite'.
2022-12-16 13:59:46.723 +05:30  INF  Executing ViewResult, running view Error.
2022-12-16 13:59:46.724 +05:30  DBG  The view path '/Views/Shared/Error.cshtml' was found in 1.9378ms.
2022-12-16 13:59:46.749 +05:30  DBG  View lookup cache hit for view '_Layout' in controller 'FoodSite'.
2022-12-16 13:59:46.751 +05:30  DBG  Found the endpoints ["Route: {controller=Home}/{action=Index}/{id?}"] for address Microsoft.AspNetCore.Routing.RouteValuesAddress
2022-12-16 13:59:46.751 +05:30  DBG  Successfully processed template {controller=Home}/{action=Index}/{id?} for Route: {controller=Home}/{action=Index}/{id?} resulting in  and 
2022-12-16 13:59:46.751 +05:30  DBG  Link generation succeeded for endpoints ["Route: {controller=Home}/{action=Index}/{id?}"] with result /
2022-12-16 13:59:46.751 +05:30  DBG  Found the endpoints ["Route: {controller=Home}/{action=Index}/{id?}"] for address Microsoft.AspNetCore.Routing.RouteValuesAddress
2022-12-16 13:59:46.751 +05:30  DBG  Successfully processed template {controller=Home}/{action=Index}/{id?} for Route: {controller=Home}/{action=Index}/{id?} resulting in  and 
2022-12-16 13:59:46.751 +05:30  DBG  Link generation succeeded for endpoints ["Route: {controller=Home}/{action=Index}/{id?}"] with result /
2022-12-16 13:59:46.751 +05:30  DBG  Found the endpoints ["Route: {controller=Home}/{action=Index}/{id?}"] for address Microsoft.AspNetCore.Routing.RouteValuesAddress
2022-12-16 13:59:46.751 +05:30  DBG  Successfully processed template {controller=Home}/{action=Index}/{id?} for Route: {controller=Home}/{action=Index}/{id?} resulting in /FoodSite/CreateAccount and 
2022-12-16 13:59:46.751 +05:30  DBG  Link generation succeeded for endpoints ["Route: {controller=Home}/{action=Index}/{id?}"] with result /FoodSite/CreateAccount
2022-12-16 13:59:46.751 +05:30  DBG  Found the endpoints ["Route: {controller=Home}/{action=Index}/{id?}"] for address Microsoft.AspNetCore.Routing.RouteValuesAddress
2022-12-16 13:59:46.751 +05:30  DBG  Successfully processed template {controller=Home}/{action=Index}/{id?} for Route: {controller=Home}/{action=Index}/{id?} resulting in /FoodSite/Login and 
2022-12-16 13:59:46.751 +05:30  DBG  Link generation succeeded for endpoints ["Route: {controller=Home}/{action=Index}/{id?}"] with result /FoodSite/Login
2022-12-16 13:59:46.751 +05:30  DBG  View lookup cache hit for view '_Notification' in controller 'FoodSite'.
2022-12-16 13:59:46.752 +05:30  DBG  The temp data cookie .AspNetCore.Mvc.CookieTempDataProvider was not found.
2022-12-16 13:59:46.752 +05:30  DBG  Found the endpoints ["Route: {controller=Home}/{action=Index}/{id?}"] for address Microsoft.AspNetCore.Routing.RouteValuesAddress
2022-12-16 13:59:46.752 +05:30  DBG  Successfully processed template {controller=Home}/{action=Index}/{id?} for Route: {controller=Home}/{action=Index}/{id?} resulting in /Home/Privacy and 
2022-12-16 13:59:46.752 +05:30  DBG  Link generation succeeded for endpoints ["Route: {controller=Home}/{action=Index}/{id?}"] with result /Home/Privacy
2022-12-16 13:59:46.757 +05:30  INF  Executed ViewResult - view Error executed in 35.1411ms.
2022-12-16 13:59:46.757 +05:30  INF  Executed action FoodDeliveryApplication.Controllers.FoodSiteController.Login (FoodDeliveryApplication) in 4285.1445ms
2022-12-16 13:59:46.757 +05:30  INF  Executed endpoint 'FoodDeliveryApplication.Controllers.FoodSiteController.Login (FoodDeliveryApplication)'
2022-12-16 13:59:46.757 +05:30  INF  Accessing expired session, Key:ef898cdc-8e95-11a6-6c68-d1244381d33d
2022-12-16 13:59:46.758 +05:30  DBG  Response markup is scheduled to include browser refresh script injection.
2022-12-16 13:59:46.758 +05:30  DBG  Response markup was updated to include browser refresh script injection.
2022-12-16 13:59:46.759 +05:30  INF  Request finished HTTP/2 POST https://localhost:7119/FoodSite/Login application/x-www-form-urlencoded 212 - 200 - text/html;+charset=utf-8 4306.3899ms
2022-12-16 13:59:46.787 +05:30  INF  Request starting HTTP/2 GET https://localhost:7119/FoodDeliveryApplication.styles.css?v=9WVtNtbZWdlZSPUDo4l82Dg0Je6d9AMvAXr4GBHw4C4 - -
2022-12-16 13:59:46.788 +05:30  INF  Request starting HTTP/2 GET https://localhost:7119/_vs/browserLink - -
2022-12-16 13:59:46.788 +05:30  INF  Request starting HTTP/2 GET https://localhost:7119/_framework/aspnetcore-browser-refresh.js - -
2022-12-16 13:59:46.789 +05:30  INF  Request finished HTTP/2 GET https://localhost:7119/_framework/aspnetcore-browser-refresh.js - - - 200 12016 application/javascript;+charset=utf-8 0.2915ms
2022-12-16 13:59:46.789 +05:30  INF  The file /FoodDeliveryApplication.styles.css was not modified
2022-12-16 13:59:46.789 +05:30  DBG  Handled. Status code: 304 File: /FoodDeliveryApplication.styles.css
2022-12-16 13:59:46.790 +05:30  INF  Request finished HTTP/2 GET https://localhost:7119/FoodDeliveryApplication.styles.css?v=9WVtNtbZWdlZSPUDo4l82Dg0Je6d9AMvAXr4GBHw4C4 - - - 304 - text/css 2.7782ms
2022-12-16 13:59:46.795 +05:30  INF  Request finished HTTP/2 GET https://localhost:7119/_vs/browserLink - - - 200 - text/javascript;+charset=UTF-8 6.9389ms
2022-12-16 14:00:02.910 +05:30  INF  Request starting HTTP/2 GET https://localhost:7119/FoodSite/Login - -
2022-12-16 14:00:02.911 +05:30  DBG  The request path /FoodSite/Login does not match a supported file type
2022-12-16 14:00:02.911 +05:30  DBG  1 candidate(s) found for the request path '/FoodSite/Login'
2022-12-16 14:00:02.911 +05:30  DBG  Endpoint 'FoodDeliveryApplication.Controllers.FoodSiteController.Login (FoodDeliveryApplication)' with route pattern '{controller=Home}/{action=Index}/{id?}' is valid for the request path '/FoodSite/Login'
2022-12-16 14:00:02.911 +05:30  DBG  Request matched endpoint 'FoodDeliveryApplication.Controllers.FoodSiteController.Login (FoodDeliveryApplication)'
2022-12-16 14:00:02.912 +05:30  INF  Executing endpoint 'FoodDeliveryApplication.Controllers.FoodSiteController.Login (FoodDeliveryApplication)'
2022-12-16 14:00:02.912 +05:30  INF  Route matched with {action = "Login", controller = "FoodSite"}. Executing controller action with signature Microsoft.AspNetCore.Mvc.IActionResult Login() on controller FoodDeliveryApplication.Controllers.FoodSiteController (FoodDeliveryApplication).
2022-12-16 14:00:02.912 +05:30  DBG  Execution plan of authorization filters (in the following order): ["None"]
2022-12-16 14:00:02.912 +05:30  DBG  Execution plan of resource filters (in the following order): ["Microsoft.AspNetCore.Mvc.ViewFeatures.Filters.SaveTempDataFilter"]
2022-12-16 14:00:02.912 +05:30  DBG  Execution plan of action filters (in the following order): ["Microsoft.AspNetCore.Mvc.Filters.ControllerActionFilter (Order: -2147483648)","Microsoft.AspNetCore.Mvc.ModelBinding.UnsupportedContentTypeFilter (Order: -3000)"]
2022-12-16 14:00:02.912 +05:30  DBG  Execution plan of exception filters (in the following order): ["FoodDeliveryApplication.CustomExceptionFilter"]
2022-12-16 14:00:02.912 +05:30  DBG  Execution plan of result filters (in the following order): ["Microsoft.AspNetCore.Mvc.ViewFeatures.Filters.SaveTempDataFilter"]
2022-12-16 14:00:02.912 +05:30  DBG  Executing controller factory for controller FoodDeliveryApplication.Controllers.FoodSiteController (FoodDeliveryApplication)
2022-12-16 14:00:02.919 +05:30  DBG  Executed controller factory for controller FoodDeliveryApplication.Controllers.FoodSiteController (FoodDeliveryApplication)
2022-12-16 14:00:02.919 +05:30  INF  Login Triggered
2022-12-16 14:00:02.919 +05:30  DBG  View lookup cache hit for view 'Login' in controller 'FoodSite'.
2022-12-16 14:00:02.919 +05:30  INF  Executing ViewResult, running view Login.
2022-12-16 14:00:02.919 +05:30  DBG  The view path '/Views/FoodSite/Login.cshtml' was found in 0.1196ms.
2022-12-16 14:00:02.920 +05:30  DBG  An antiforgery cookie token was reused.
2022-12-16 14:00:02.921 +05:30  DBG  Found the endpoints ["Route: {controller=Home}/{action=Index}/{id?}"] for address Microsoft.AspNetCore.Routing.RouteValuesAddress
2022-12-16 14:00:02.921 +05:30  DBG  Successfully processed template {controller=Home}/{action=Index}/{id?} for Route: {controller=Home}/{action=Index}/{id?} resulting in /FoodSite/CreateAccount and 
2022-12-16 14:00:02.921 +05:30  DBG  Link generation succeeded for endpoints ["Route: {controller=Home}/{action=Index}/{id?}"] with result /FoodSite/CreateAccount
2022-12-16 14:00:02.921 +05:30  DBG  View lookup cache hit for view '_Layout' in controller 'FoodSite'.
2022-12-16 14:00:02.922 +05:30  DBG  Found the endpoints ["Route: {controller=Home}/{action=Index}/{id?}"] for address Microsoft.AspNetCore.Routing.RouteValuesAddress
2022-12-16 14:00:02.922 +05:30  DBG  Successfully processed template {controller=Home}/{action=Index}/{id?} for Route: {controller=Home}/{action=Index}/{id?} resulting in  and 
2022-12-16 14:00:02.922 +05:30  DBG  Link generation succeeded for endpoints ["Route: {controller=Home}/{action=Index}/{id?}"] with result /
2022-12-16 14:00:02.922 +05:30  DBG  Found the endpoints ["Route: {controller=Home}/{action=Index}/{id?}"] for address Microsoft.AspNetCore.Routing.RouteValuesAddress
2022-12-16 14:00:02.922 +05:30  DBG  Successfully processed template {controller=Home}/{action=Index}/{id?} for Route: {controller=Home}/{action=Index}/{id?} resulting in  and 
2022-12-16 14:00:02.922 +05:30  DBG  Link generation succeeded for endpoints ["Route: {controller=Home}/{action=Index}/{id?}"] with result /
2022-12-16 14:00:02.922 +05:30  DBG  Found the endpoints ["Route: {controller=Home}/{action=Index}/{id?}"] for address Microsoft.AspNetCore.Routing.RouteValuesAddress
2022-12-16 14:00:02.922 +05:30  DBG  Successfully processed template {controller=Home}/{action=Index}/{id?} for Route: {controller=Home}/{action=Index}/{id?} resulting in /FoodSite/CreateAccount and 
2022-12-16 14:00:02.922 +05:30  DBG  Link generation succeeded for endpoints ["Route: {controller=Home}/{action=Index}/{id?}"] with result /FoodSite/CreateAccount
2022-12-16 14:00:02.922 +05:30  DBG  Found the endpoints ["Route: {controller=Home}/{action=Index}/{id?}"] for address Microsoft.AspNetCore.Routing.RouteValuesAddress
2022-12-16 14:00:02.922 +05:30  DBG  Successfully processed template {controller=Home}/{action=Index}/{id?} for Route: {controller=Home}/{action=Index}/{id?} resulting in /FoodSite/Login and 
2022-12-16 14:00:02.922 +05:30  DBG  Link generation succeeded for endpoints ["Route: {controller=Home}/{action=Index}/{id?}"] with result /FoodSite/Login
2022-12-16 14:00:02.922 +05:30  DBG  View lookup cache hit for view '_Notification' in controller 'FoodSite'.
2022-12-16 14:00:02.922 +05:30  DBG  The temp data cookie .AspNetCore.Mvc.CookieTempDataProvider was not found.
2022-12-16 14:00:02.922 +05:30  DBG  Found the endpoints ["Route: {controller=Home}/{action=Index}/{id?}"] for address Microsoft.AspNetCore.Routing.RouteValuesAddress
2022-12-16 14:00:02.922 +05:30  DBG  Successfully processed template {controller=Home}/{action=Index}/{id?} for Route: {controller=Home}/{action=Index}/{id?} resulting in /Home/Privacy and 
2022-12-16 14:00:02.922 +05:30  DBG  Link generation succeeded for endpoints ["Route: {controller=Home}/{action=Index}/{id?}"] with result /Home/Privacy
2022-12-16 14:00:02.926 +05:30  INF  Executed ViewResult - view Login executed in 7.3049ms.
2022-12-16 14:00:02.926 +05:30  INF  Executed action FoodDeliveryApplication.Controllers.FoodSiteController.Login (FoodDeliveryApplication) in 14.2721ms
2022-12-16 14:00:02.927 +05:30  INF  Executed endpoint 'FoodDeliveryApplication.Controllers.FoodSiteController.Login (FoodDeliveryApplication)'
2022-12-16 14:00:02.927 +05:30  INF  Accessing expired session, Key:ef898cdc-8e95-11a6-6c68-d1244381d33d
2022-12-16 14:00:02.927 +05:30  DBG  Response markup is scheduled to include browser refresh script injection.
2022-12-16 14:00:02.928 +05:30  DBG  Response markup was updated to include browser refresh script injection.
2022-12-16 14:00:02.928 +05:30  INF  Request finished HTTP/2 GET https://localhost:7119/FoodSite/Login - - - 200 - text/html;+charset=utf-8 17.2637ms
2022-12-16 14:00:02.955 +05:30  INF  Request starting HTTP/2 GET https://localhost:7119/_vs/browserLink - -
2022-12-16 14:00:02.957 +05:30  INF  Request starting HTTP/2 GET https://localhost:7119/_framework/aspnetcore-browser-refresh.js - -
2022-12-16 14:00:02.957 +05:30  INF  Request finished HTTP/2 GET https://localhost:7119/_framework/aspnetcore-browser-refresh.js - - - 200 12016 application/javascript;+charset=utf-8 0.4697ms
2022-12-16 14:00:02.967 +05:30  INF  Request finished HTTP/2 GET https://localhost:7119/_vs/browserLink - - - 200 - text/javascript;+charset=UTF-8 12.1744ms
2022-12-16 14:00:13.399 +05:30  INF  Application is shutting down...
2022-12-16 14:00:13.399 +05:30  DBG  Hosting stopping
2022-12-16 14:00:13.407 +05:30  DBG  Connection id "0HMMV7UJ621SM" is closing.
2022-12-16 14:00:13.419 +05:30  DBG  Connection id "0HMMV7UJ621SM" is closed. The last processed stream ID was 19.
2022-12-16 14:00:13.420 +05:30  DBG  Connection id "0HMMV7UJ621SM" received FIN.
2022-12-16 14:00:13.420 +05:30  DBG  Connection id "0HMMV7UJ621SM" sending FIN because: "The client closed the connection."
2022-12-16 14:00:13.437 +05:30  DBG  Connection id "0HMMV7UJ621SM" stopped.
2022-12-16 14:00:13.442 +05:30  DBG  Hosting stopped
