2023-01-04 12:34:07.079 +05:30  DBG  Initializing Razor view compiler with compiled view: '/Views/FoodSite/AccountCreated.cshtml'.
2023-01-04 12:34:07.129 +05:30  DBG  Initializing Razor view compiler with compiled view: '/Views/FoodSite/CancelOrder.cshtml'.
2023-01-04 12:34:07.129 +05:30  DBG  Initializing Razor view compiler with compiled view: '/Views/FoodSite/Cart.cshtml'.
2023-01-04 12:34:07.129 +05:30  DBG  Initializing Razor view compiler with compiled view: '/Views/FoodSite/CreateAccount.cshtml'.
2023-01-04 12:34:07.129 +05:30  DBG  Initializing Razor view compiler with compiled view: '/Views/FoodSite/CustomerDetails.cshtml'.
2023-01-04 12:34:07.129 +05:30  DBG  Initializing Razor view compiler with compiled view: '/Views/FoodSite/Login.cshtml'.
2023-01-04 12:34:07.129 +05:30  DBG  Initializing Razor view compiler with compiled view: '/Views/FoodSite/Menu.cshtml'.
2023-01-04 12:34:07.129 +05:30  DBG  Initializing Razor view compiler with compiled view: '/Views/FoodSite/OrderStatus.cshtml'.
2023-01-04 12:34:07.129 +05:30  DBG  Initializing Razor view compiler with compiled view: '/Views/FoodSite/PlaceOrder.cshtml'.
2023-01-04 12:34:07.129 +05:30  DBG  Initializing Razor view compiler with compiled view: '/Views/FoodSite/Restaurants.cshtml'.
2023-01-04 12:34:07.129 +05:30  DBG  Initializing Razor view compiler with compiled view: '/Views/Home/Index.cshtml'.
2023-01-04 12:34:07.129 +05:30  DBG  Initializing Razor view compiler with compiled view: '/Views/Home/Privacy.cshtml'.
2023-01-04 12:34:07.129 +05:30  DBG  Initializing Razor view compiler with compiled view: '/Views/Shared/Error.cshtml'.
2023-01-04 12:34:07.129 +05:30  DBG  Initializing Razor view compiler with compiled view: '/Views/Shared/_Notification.cshtml'.
2023-01-04 12:34:07.129 +05:30  DBG  Initializing Razor view compiler with compiled view: '/Views/Shared/_ValidationScriptsPartial.cshtml'.
2023-01-04 12:34:07.129 +05:30  DBG  Initializing Razor view compiler with compiled view: '/Views/_ViewImports.cshtml'.
2023-01-04 12:34:07.129 +05:30  DBG  Initializing Razor view compiler with compiled view: '/Views/_ViewStart.cshtml'.
2023-01-04 12:34:07.129 +05:30  DBG  Initializing Razor view compiler with compiled view: '/Views/Shared/_Layout.cshtml'.
2023-01-04 12:34:07.137 +05:30  DBG  Registered model binder providers, in the following order: ["Microsoft.AspNetCore.Mvc.ModelBinding.Binders.BinderTypeModelBinderProvider","Microsoft.AspNetCore.Mvc.ModelBinding.Binders.ServicesModelBinderProvider","Microsoft.AspNetCore.Mvc.ModelBinding.Binders.BodyModelBinderProvider","Microsoft.AspNetCore.Mvc.ModelBinding.Binders.HeaderModelBinderProvider","Microsoft.AspNetCore.Mvc.ModelBinding.Binders.FloatingPointTypeModelBinderProvider","Microsoft.AspNetCore.Mvc.ModelBinding.Binders.EnumTypeModelBinderProvider","Microsoft.AspNetCore.Mvc.ModelBinding.Binders.DateTimeModelBinderProvider","Microsoft.AspNetCore.Mvc.ModelBinding.Binders.SimpleTypeModelBinderProvider","Microsoft.AspNetCore.Mvc.ModelBinding.Binders.CancellationTokenModelBinderProvider","Microsoft.AspNetCore.Mvc.ModelBinding.Binders.ByteArrayModelBinderProvider","Microsoft.AspNetCore.Mvc.ModelBinding.Binders.FormFileModelBinderProvider","Microsoft.AspNetCore.Mvc.ModelBinding.Binders.FormCollectionModelBinderProvider","Microsoft.AspNetCore.Mvc.ModelBinding.Binders.KeyValuePairModelBinderProvider","Microsoft.AspNetCore.Mvc.ModelBinding.Binders.DictionaryModelBinderProvider","Microsoft.AspNetCore.Mvc.ModelBinding.Binders.ArrayModelBinderProvider","Microsoft.AspNetCore.Mvc.ModelBinding.Binders.CollectionModelBinderProvider","Microsoft.AspNetCore.Mvc.ModelBinding.Binders.ComplexObjectModelBinderProvider"]
2023-01-04 12:34:07.292 +05:30  DBG  Hosting starting
2023-01-04 12:34:07.351 +05:30  INF  User profile is available. Using 'C:\Users\vempadapu_prasanth\AppData\Local\ASP.NET\DataProtection-Keys' as key repository and Windows DPAPI to encrypt keys at rest.
2023-01-04 12:34:07.355 +05:30  DBG  Reading data from file 'C:\Users\vempadapu_prasanth\AppData\Local\ASP.NET\DataProtection-Keys\key-145d6bc5-9b80-46f7-95e8-86825b150bd1.xml'.
2023-01-04 12:34:07.369 +05:30  DBG  Reading data from file 'C:\Users\vempadapu_prasanth\AppData\Local\ASP.NET\DataProtection-Keys\key-983f3911-cbc1-4ebd-a3d7-1e526b3d543b.xml'.
2023-01-04 12:34:07.372 +05:30  DBG  Reading data from file 'C:\Users\vempadapu_prasanth\AppData\Local\ASP.NET\DataProtection-Keys\key-b4d935d2-b7fa-426a-a448-ef879818d251.xml'.
2023-01-04 12:34:07.374 +05:30  DBG  Reading data from file 'C:\Users\vempadapu_prasanth\AppData\Local\ASP.NET\DataProtection-Keys\key-ee8e50a4-7c5c-4f1a-b2fd-e71076cf28c9.xml'.
2023-01-04 12:34:07.380 +05:30  DBG  Found key {145d6bc5-9b80-46f7-95e8-86825b150bd1}.
2023-01-04 12:34:07.382 +05:30  DBG  Found key {983f3911-cbc1-4ebd-a3d7-1e526b3d543b}.
2023-01-04 12:34:07.382 +05:30  DBG  Found key {b4d935d2-b7fa-426a-a448-ef879818d251}.
2023-01-04 12:34:07.382 +05:30  DBG  Found key {ee8e50a4-7c5c-4f1a-b2fd-e71076cf28c9}.
2023-01-04 12:34:07.386 +05:30  DBG  Considering key {b4d935d2-b7fa-426a-a448-ef879818d251} with expiration date 2023-04-02 07:02:44Z as default key.
2023-01-04 12:34:07.388 +05:30  DBG  Forwarded activator type request from Microsoft.AspNetCore.DataProtection.XmlEncryption.DpapiXmlDecryptor, Microsoft.AspNetCore.DataProtection, Version=6.0.0.0, Culture=neutral, PublicKeyToken=adb9793829ddae60 to Microsoft.AspNetCore.DataProtection.XmlEncryption.DpapiXmlDecryptor, Microsoft.AspNetCore.DataProtection, Culture=neutral, PublicKeyToken=adb9793829ddae60
2023-01-04 12:34:07.391 +05:30  DBG  Decrypting secret element using Windows DPAPI.
2023-01-04 12:34:07.392 +05:30  DBG  Forwarded activator type request from Microsoft.AspNetCore.DataProtection.AuthenticatedEncryption.ConfigurationModel.AuthenticatedEncryptorDescriptorDeserializer, Microsoft.AspNetCore.DataProtection, Version=6.0.0.0, Culture=neutral, PublicKeyToken=adb9793829ddae60 to Microsoft.AspNetCore.DataProtection.AuthenticatedEncryption.ConfigurationModel.AuthenticatedEncryptorDescriptorDeserializer, Microsoft.AspNetCore.DataProtection, Culture=neutral, PublicKeyToken=adb9793829ddae60
2023-01-04 12:34:07.394 +05:30  DBG  Opening CNG algorithm 'AES' from provider 'null' with chaining mode CBC.
2023-01-04 12:34:07.396 +05:30  DBG  Opening CNG algorithm 'SHA256' from provider 'null' with HMAC.
2023-01-04 12:34:07.398 +05:30  DBG  Using key {b4d935d2-b7fa-426a-a448-ef879818d251} as the default key.
2023-01-04 12:34:07.398 +05:30  DBG  Key ring with default key {b4d935d2-b7fa-426a-a448-ef879818d251} was loaded during application startup.
2023-01-04 12:34:07.434 +05:30  DBG  Loaded hosting startup assembly FoodDeliveryApplication
2023-01-04 12:34:07.434 +05:30  DBG  Loaded hosting startup assembly Microsoft.AspNetCore.Watch.BrowserRefresh
2023-01-04 12:34:07.434 +05:30  DBG  Loaded hosting startup assembly Microsoft.WebTools.BrowserLink.Net
2023-01-04 12:34:07.434 +05:30  INF  Application started. Press Ctrl+C to shut down.
2023-01-04 12:34:07.434 +05:30  INF  Hosting environment: Development
2023-01-04 12:34:07.434 +05:30  INF  Content root path: F:\FoodDeliveryUserWithApi\FoodDeliveryClient\FoodDeliveryApplication\
2023-01-04 12:34:07.434 +05:30  DBG  Hosting started
2023-01-04 12:34:07.476 +05:30  INF  Request starting HTTP/2 GET https://localhost:44339/ - -
2023-01-04 12:34:07.561 +05:30  DBG  Wildcard detected, all requests with hosts will be allowed.
2023-01-04 12:34:07.562 +05:30  DBG  The request path / does not match a supported file type
2023-01-04 12:34:07.582 +05:30  DBG  1 candidate(s) found for the request path '/'
2023-01-04 12:34:07.584 +05:30  DBG  Endpoint 'FoodDeliveryApplication.Controllers.HomeController.Index (FoodDeliveryApplication)' with route pattern '{controller=Home}/{action=Index}/{id?}' is valid for the request path '/'
2023-01-04 12:34:07.585 +05:30  DBG  Request matched endpoint 'FoodDeliveryApplication.Controllers.HomeController.Index (FoodDeliveryApplication)'
2023-01-04 12:34:07.600 +05:30  INF  Executing endpoint 'FoodDeliveryApplication.Controllers.HomeController.Index (FoodDeliveryApplication)'
2023-01-04 12:34:07.617 +05:30  INF  Route matched with {action = "Index", controller = "Home"}. Executing controller action with signature Microsoft.AspNetCore.Mvc.IActionResult Index() on controller FoodDeliveryApplication.Controllers.HomeController (FoodDeliveryApplication).
2023-01-04 12:34:07.617 +05:30  DBG  Execution plan of authorization filters (in the following order): ["None"]
2023-01-04 12:34:07.617 +05:30  DBG  Execution plan of resource filters (in the following order): ["Microsoft.AspNetCore.Mvc.ViewFeatures.Filters.SaveTempDataFilter"]
2023-01-04 12:34:07.617 +05:30  DBG  Execution plan of action filters (in the following order): ["Microsoft.AspNetCore.Mvc.Filters.ControllerActionFilter (Order: -2147483648)","Microsoft.AspNetCore.Mvc.ModelBinding.UnsupportedContentTypeFilter (Order: -3000)"]
2023-01-04 12:34:07.617 +05:30  DBG  Execution plan of exception filters (in the following order): ["None"]
2023-01-04 12:34:07.617 +05:30  DBG  Execution plan of result filters (in the following order): ["Microsoft.AspNetCore.Mvc.ViewFeatures.Filters.SaveTempDataFilter"]
2023-01-04 12:34:07.618 +05:30  DBG  Executing controller factory for controller FoodDeliveryApplication.Controllers.HomeController (FoodDeliveryApplication)
2023-01-04 12:34:07.619 +05:30  DBG  Executed controller factory for controller FoodDeliveryApplication.Controllers.HomeController (FoodDeliveryApplication)
2023-01-04 12:34:07.621 +05:30  DBG  View lookup cache miss for view 'Index' in controller 'Home'.
2023-01-04 12:34:07.625 +05:30  INF  Executing ViewResult, running view Index.
2023-01-04 12:34:07.630 +05:30  DBG  The view path '/Views/Home/Index.cshtml' was found in 4.3725ms.
2023-01-04 12:34:07.695 +05:30  DBG  View lookup cache miss for view '_Layout' in controller 'Home'.
2023-01-04 12:34:07.724 +05:30  DBG  Found the endpoints ["Route: {controller=Home}/{action=Index}/{id?}"] for address Microsoft.AspNetCore.Routing.RouteValuesAddress
2023-01-04 12:34:07.728 +05:30  DBG  Successfully processed template {controller=Home}/{action=Index}/{id?} for Route: {controller=Home}/{action=Index}/{id?} resulting in  and 
2023-01-04 12:34:07.729 +05:30  DBG  Link generation succeeded for endpoints ["Route: {controller=Home}/{action=Index}/{id?}"] with result /
2023-01-04 12:34:07.730 +05:30  DBG  Found the endpoints ["Route: {controller=Home}/{action=Index}/{id?}"] for address Microsoft.AspNetCore.Routing.RouteValuesAddress
2023-01-04 12:34:07.730 +05:30  DBG  Successfully processed template {controller=Home}/{action=Index}/{id?} for Route: {controller=Home}/{action=Index}/{id?} resulting in  and 
2023-01-04 12:34:07.730 +05:30  DBG  Link generation succeeded for endpoints ["Route: {controller=Home}/{action=Index}/{id?}"] with result /
2023-01-04 12:34:07.730 +05:30  DBG  Found the endpoints ["Route: {controller=Home}/{action=Index}/{id?}"] for address Microsoft.AspNetCore.Routing.RouteValuesAddress
2023-01-04 12:34:07.731 +05:30  DBG  Successfully processed template {controller=Home}/{action=Index}/{id?} for Route: {controller=Home}/{action=Index}/{id?} resulting in /FoodSite/CreateAccount and 
2023-01-04 12:34:07.731 +05:30  DBG  Link generation succeeded for endpoints ["Route: {controller=Home}/{action=Index}/{id?}"] with result /FoodSite/CreateAccount
2023-01-04 12:34:07.731 +05:30  DBG  Found the endpoints ["Route: {controller=Home}/{action=Index}/{id?}"] for address Microsoft.AspNetCore.Routing.RouteValuesAddress
2023-01-04 12:34:07.731 +05:30  DBG  Successfully processed template {controller=Home}/{action=Index}/{id?} for Route: {controller=Home}/{action=Index}/{id?} resulting in /FoodSite/Login and 
2023-01-04 12:34:07.731 +05:30  DBG  Link generation succeeded for endpoints ["Route: {controller=Home}/{action=Index}/{id?}"] with result /FoodSite/Login
2023-01-04 12:34:07.732 +05:30  DBG  View lookup cache miss for view '_Notification' in controller 'Home'.
2023-01-04 12:34:07.734 +05:30  DBG  The temp data cookie .AspNetCore.Mvc.CookieTempDataProvider was not found.
2023-01-04 12:34:07.735 +05:30  DBG  Found the endpoints ["Route: {controller=Home}/{action=Index}/{id?}"] for address Microsoft.AspNetCore.Routing.RouteValuesAddress
2023-01-04 12:34:07.735 +05:30  DBG  Successfully processed template {controller=Home}/{action=Index}/{id?} for Route: {controller=Home}/{action=Index}/{id?} resulting in /Home/Privacy and 
2023-01-04 12:34:07.735 +05:30  DBG  Link generation succeeded for endpoints ["Route: {controller=Home}/{action=Index}/{id?}"] with result /Home/Privacy
2023-01-04 12:34:07.907 +05:30  INF  Executed ViewResult - view Index executed in 286.7094ms.
2023-01-04 12:34:07.911 +05:30  INF  Executed action FoodDeliveryApplication.Controllers.HomeController.Index (FoodDeliveryApplication) in 293.5658ms
2023-01-04 12:34:07.911 +05:30  INF  Executed endpoint 'FoodDeliveryApplication.Controllers.HomeController.Index (FoodDeliveryApplication)'
2023-01-04 12:34:07.956 +05:30  DBG  Response markup is scheduled to include browser refresh script injection.
2023-01-04 12:34:07.976 +05:30  DBG  Response markup was updated to include browser refresh script injection.
2023-01-04 12:34:07.977 +05:30  DBG  Connection ID "18302628903618871336" disconnecting.
2023-01-04 12:34:07.980 +05:30  INF  Request finished HTTP/2 GET https://localhost:44339/ - - - 200 - text/html;+charset=utf-8 506.1925ms
2023-01-04 12:34:08.004 +05:30  INF  Request starting HTTP/2 GET https://localhost:44339/scss/index.css - -
2023-01-04 12:34:08.005 +05:30  INF  Request starting HTTP/2 GET https://localhost:44339/FoodDeliveryApplication.styles.css?v=9WVtNtbZWdlZSPUDo4l82Dg0Je6d9AMvAXr4GBHw4C4 - -
2023-01-04 12:34:08.013 +05:30  INF  Request starting HTTP/2 GET https://localhost:44339/_framework/aspnetcore-browser-refresh.js - -
2023-01-04 12:34:08.019 +05:30  INF  The file /scss/index.css was not modified
2023-01-04 12:34:08.020 +05:30  INF  The file /FoodDeliveryApplication.styles.css was not modified
2023-01-04 12:34:08.020 +05:30  DBG  Handled. Status code: 304 File: /scss/index.css
2023-01-04 12:34:08.020 +05:30  DBG  Handled. Status code: 304 File: /FoodDeliveryApplication.styles.css
2023-01-04 12:34:08.021 +05:30  INF  Request finished HTTP/2 GET https://localhost:44339/FoodDeliveryApplication.styles.css?v=9WVtNtbZWdlZSPUDo4l82Dg0Je6d9AMvAXr4GBHw4C4 - - - 304 - text/css 15.4674ms
2023-01-04 12:34:08.022 +05:30  INF  Request finished HTTP/2 GET https://localhost:44339/scss/index.css - - - 304 - text/css 17.4275ms
2023-01-04 12:34:08.022 +05:30  DBG  Connection ID "18374686501951766579" disconnecting.
2023-01-04 12:34:08.022 +05:30  DBG  Connection ID "18158513719837982721" disconnecting.
2023-01-04 12:34:08.028 +05:30  INF  Request finished HTTP/2 GET https://localhost:44339/_framework/aspnetcore-browser-refresh.js - - - 200 12004 application/javascript;+charset=utf-8 12.3888ms
2023-01-04 12:34:08.029 +05:30  DBG  Connection ID "18374686510541701170" disconnecting.
2023-01-04 12:34:09.821 +05:30  INF  Request starting HTTP/2 GET https://localhost:44339/FoodSite/Login - -
2023-01-04 12:34:09.824 +05:30  DBG  The request path /FoodSite/Login does not match a supported file type
2023-01-04 12:34:09.825 +05:30  DBG  1 candidate(s) found for the request path '/FoodSite/Login'
2023-01-04 12:34:09.825 +05:30  DBG  Endpoint 'FoodDeliveryApplication.Controllers.FoodSiteController.Login (FoodDeliveryApplication)' with route pattern '{controller=Home}/{action=Index}/{id?}' is valid for the request path '/FoodSite/Login'
2023-01-04 12:34:09.825 +05:30  DBG  Request matched endpoint 'FoodDeliveryApplication.Controllers.FoodSiteController.Login (FoodDeliveryApplication)'
2023-01-04 12:34:09.826 +05:30  INF  Executing endpoint 'FoodDeliveryApplication.Controllers.FoodSiteController.Login (FoodDeliveryApplication)'
2023-01-04 12:34:09.828 +05:30  INF  Route matched with {action = "Login", controller = "FoodSite"}. Executing controller action with signature Microsoft.AspNetCore.Mvc.IActionResult Login() on controller FoodDeliveryApplication.Controllers.FoodSiteController (FoodDeliveryApplication).
2023-01-04 12:34:09.828 +05:30  DBG  Execution plan of authorization filters (in the following order): ["None"]
2023-01-04 12:34:09.828 +05:30  DBG  Execution plan of resource filters (in the following order): ["Microsoft.AspNetCore.Mvc.ViewFeatures.Filters.SaveTempDataFilter"]
2023-01-04 12:34:09.828 +05:30  DBG  Execution plan of action filters (in the following order): ["Microsoft.AspNetCore.Mvc.Filters.ControllerActionFilter (Order: -2147483648)","Microsoft.AspNetCore.Mvc.ModelBinding.UnsupportedContentTypeFilter (Order: -3000)"]
2023-01-04 12:34:09.829 +05:30  DBG  Execution plan of exception filters (in the following order): ["FoodDeliveryApplication.CustomExceptionFilter"]
2023-01-04 12:34:09.829 +05:30  DBG  Execution plan of result filters (in the following order): ["Microsoft.AspNetCore.Mvc.ViewFeatures.Filters.SaveTempDataFilter"]
2023-01-04 12:34:09.829 +05:30  DBG  Executing controller factory for controller FoodDeliveryApplication.Controllers.FoodSiteController (FoodDeliveryApplication)
2023-01-04 12:34:10.456 +05:30  DBG  Executed controller factory for controller FoodDeliveryApplication.Controllers.FoodSiteController (FoodDeliveryApplication)
2023-01-04 12:34:10.457 +05:30  INF  Login Triggered
2023-01-04 12:34:10.457 +05:30  DBG  View lookup cache miss for view 'Login' in controller 'FoodSite'.
2023-01-04 12:34:10.458 +05:30  INF  Executing ViewResult, running view Login.
2023-01-04 12:34:10.458 +05:30  DBG  The view path '/Views/FoodSite/Login.cshtml' was found in 0.8382ms.
2023-01-04 12:34:10.464 +05:30  DBG  A new antiforgery cookie token was created.
2023-01-04 12:34:10.592 +05:30  DBG  Found the endpoints ["Route: {controller=Home}/{action=Index}/{id?}"] for address Microsoft.AspNetCore.Routing.RouteValuesAddress
2023-01-04 12:34:10.592 +05:30  DBG  Successfully processed template {controller=Home}/{action=Index}/{id?} for Route: {controller=Home}/{action=Index}/{id?} resulting in /FoodSite/CreateAccount and 
2023-01-04 12:34:10.592 +05:30  DBG  Link generation succeeded for endpoints ["Route: {controller=Home}/{action=Index}/{id?}"] with result /FoodSite/CreateAccount
2023-01-04 12:34:10.593 +05:30  DBG  View lookup cache miss for view '_Layout' in controller 'FoodSite'.
2023-01-04 12:34:10.594 +05:30  DBG  Found the endpoints ["Route: {controller=Home}/{action=Index}/{id?}"] for address Microsoft.AspNetCore.Routing.RouteValuesAddress
2023-01-04 12:34:10.594 +05:30  DBG  Successfully processed template {controller=Home}/{action=Index}/{id?} for Route: {controller=Home}/{action=Index}/{id?} resulting in  and 
2023-01-04 12:34:10.594 +05:30  DBG  Link generation succeeded for endpoints ["Route: {controller=Home}/{action=Index}/{id?}"] with result /
2023-01-04 12:34:10.594 +05:30  DBG  Found the endpoints ["Route: {controller=Home}/{action=Index}/{id?}"] for address Microsoft.AspNetCore.Routing.RouteValuesAddress
2023-01-04 12:34:10.594 +05:30  DBG  Successfully processed template {controller=Home}/{action=Index}/{id?} for Route: {controller=Home}/{action=Index}/{id?} resulting in  and 
2023-01-04 12:34:10.594 +05:30  DBG  Link generation succeeded for endpoints ["Route: {controller=Home}/{action=Index}/{id?}"] with result /
2023-01-04 12:34:10.595 +05:30  DBG  Found the endpoints ["Route: {controller=Home}/{action=Index}/{id?}"] for address Microsoft.AspNetCore.Routing.RouteValuesAddress
2023-01-04 12:34:10.595 +05:30  DBG  Successfully processed template {controller=Home}/{action=Index}/{id?} for Route: {controller=Home}/{action=Index}/{id?} resulting in /FoodSite/CreateAccount and 
2023-01-04 12:34:10.595 +05:30  DBG  Link generation succeeded for endpoints ["Route: {controller=Home}/{action=Index}/{id?}"] with result /FoodSite/CreateAccount
2023-01-04 12:34:10.595 +05:30  DBG  Found the endpoints ["Route: {controller=Home}/{action=Index}/{id?}"] for address Microsoft.AspNetCore.Routing.RouteValuesAddress
2023-01-04 12:34:10.595 +05:30  DBG  Successfully processed template {controller=Home}/{action=Index}/{id?} for Route: {controller=Home}/{action=Index}/{id?} resulting in /FoodSite/Login and 
2023-01-04 12:34:10.595 +05:30  DBG  Link generation succeeded for endpoints ["Route: {controller=Home}/{action=Index}/{id?}"] with result /FoodSite/Login
2023-01-04 12:34:10.595 +05:30  DBG  View lookup cache miss for view '_Notification' in controller 'FoodSite'.
2023-01-04 12:34:10.596 +05:30  DBG  The temp data cookie .AspNetCore.Mvc.CookieTempDataProvider was not found.
2023-01-04 12:34:10.596 +05:30  DBG  Found the endpoints ["Route: {controller=Home}/{action=Index}/{id?}"] for address Microsoft.AspNetCore.Routing.RouteValuesAddress
2023-01-04 12:34:10.596 +05:30  DBG  Successfully processed template {controller=Home}/{action=Index}/{id?} for Route: {controller=Home}/{action=Index}/{id?} resulting in /Home/Privacy and 
2023-01-04 12:34:10.596 +05:30  DBG  Link generation succeeded for endpoints ["Route: {controller=Home}/{action=Index}/{id?}"] with result /Home/Privacy
2023-01-04 12:34:10.601 +05:30  INF  Executed ViewResult - view Login executed in 144.0629ms.
2023-01-04 12:34:10.602 +05:30  INF  Executed action FoodDeliveryApplication.Controllers.FoodSiteController.Login (FoodDeliveryApplication) in 772.9863ms
2023-01-04 12:34:10.602 +05:30  INF  Executed endpoint 'FoodDeliveryApplication.Controllers.FoodSiteController.Login (FoodDeliveryApplication)'
2023-01-04 12:34:10.603 +05:30  DBG  Response markup is scheduled to include browser refresh script injection.
2023-01-04 12:34:10.604 +05:30  DBG  Response markup was updated to include browser refresh script injection.
2023-01-04 12:34:10.604 +05:30  DBG  Connection ID "18374686501951766581" disconnecting.
2023-01-04 12:34:10.605 +05:30  INF  Request finished HTTP/2 GET https://localhost:44339/FoodSite/Login - - - 200 - text/html;+charset=utf-8 783.8889ms
2023-01-04 12:34:10.637 +05:30  INF  Request starting HTTP/2 GET https://localhost:44339/_framework/aspnetcore-browser-refresh.js - -
2023-01-04 12:34:10.639 +05:30  INF  Request finished HTTP/2 GET https://localhost:44339/_framework/aspnetcore-browser-refresh.js - - - 200 12004 application/javascript;+charset=utf-8 2.0002ms
2023-01-04 12:34:17.289 +05:30  INF  Request starting HTTP/2 POST https://localhost:44339/FoodSite/Login application/x-www-form-urlencoded 211
2023-01-04 12:34:17.291 +05:30  DBG  POST requests are not supported
2023-01-04 12:34:17.295 +05:30  DBG  2 candidate(s) found for the request path '/FoodSite/Login'
2023-01-04 12:34:17.295 +05:30  DBG  Endpoint 'FoodDeliveryApplication.Controllers.FoodSiteController.Login (FoodDeliveryApplication)' with route pattern '{controller=Home}/{action=Index}/{id?}' is valid for the request path '/FoodSite/Login'
2023-01-04 12:34:17.295 +05:30  DBG  Endpoint 'FoodDeliveryApplication.Controllers.FoodSiteController.Login (FoodDeliveryApplication)' with route pattern '{controller=Home}/{action=Index}/{id?}' is valid for the request path '/FoodSite/Login'
2023-01-04 12:34:17.295 +05:30  DBG  Request matched endpoint 'FoodDeliveryApplication.Controllers.FoodSiteController.Login (FoodDeliveryApplication)'
2023-01-04 12:34:17.298 +05:30  INF  Executing endpoint 'FoodDeliveryApplication.Controllers.FoodSiteController.Login (FoodDeliveryApplication)'
2023-01-04 12:34:17.324 +05:30  INF  Route matched with {action = "Login", controller = "FoodSite"}. Executing controller action with signature System.Threading.Tasks.Task`1[Microsoft.AspNetCore.Mvc.IActionResult] Login(FoodDeliveryApplication.Models.LoginDetails) on controller FoodDeliveryApplication.Controllers.FoodSiteController (FoodDeliveryApplication).
2023-01-04 12:34:17.325 +05:30  DBG  Execution plan of authorization filters (in the following order): ["None"]
2023-01-04 12:34:17.325 +05:30  DBG  Execution plan of resource filters (in the following order): ["Microsoft.AspNetCore.Mvc.ViewFeatures.Filters.SaveTempDataFilter"]
2023-01-04 12:34:17.325 +05:30  DBG  Execution plan of action filters (in the following order): ["Microsoft.AspNetCore.Mvc.Filters.ControllerActionFilter (Order: -2147483648)","Microsoft.AspNetCore.Mvc.ModelBinding.UnsupportedContentTypeFilter (Order: -3000)"]
2023-01-04 12:34:17.325 +05:30  DBG  Execution plan of exception filters (in the following order): ["FoodDeliveryApplication.CustomExceptionFilter"]
2023-01-04 12:34:17.325 +05:30  DBG  Execution plan of result filters (in the following order): ["Microsoft.AspNetCore.Mvc.ViewFeatures.Filters.SaveTempDataFilter"]
2023-01-04 12:34:17.325 +05:30  DBG  Executing controller factory for controller FoodDeliveryApplication.Controllers.FoodSiteController (FoodDeliveryApplication)
2023-01-04 12:34:17.330 +05:30  DBG  Executed controller factory for controller FoodDeliveryApplication.Controllers.FoodSiteController (FoodDeliveryApplication)
2023-01-04 12:34:17.342 +05:30  DBG  Attempting to bind parameter 'login' of type 'FoodDeliveryApplication.Models.LoginDetails' ...
2023-01-04 12:34:17.347 +05:30  DBG  Attempting to bind parameter 'login' of type 'FoodDeliveryApplication.Models.LoginDetails' using the name '' in request data ...
2023-01-04 12:34:17.350 +05:30  DBG  Attempting to bind property 'FoodDeliveryApplication.Models.LoginDetails.UserName' of type 'System.String' using the name 'UserName' in request data ...
2023-01-04 12:34:17.351 +05:30  DBG  Done attempting to bind property 'FoodDeliveryApplication.Models.LoginDetails.UserName' of type 'System.String'.
2023-01-04 12:34:17.353 +05:30  DBG  Attempting to bind property 'FoodDeliveryApplication.Models.LoginDetails.Password' of type 'System.String' using the name 'Password' in request data ...
2023-01-04 12:34:17.353 +05:30  DBG  Done attempting to bind property 'FoodDeliveryApplication.Models.LoginDetails.Password' of type 'System.String'.
2023-01-04 12:34:17.353 +05:30  DBG  Done attempting to bind parameter 'login' of type 'FoodDeliveryApplication.Models.LoginDetails'.
2023-01-04 12:34:17.353 +05:30  DBG  Done attempting to bind parameter 'login' of type 'FoodDeliveryApplication.Models.LoginDetails'.
2023-01-04 12:34:17.353 +05:30  DBG  Attempting to validate the bound parameter 'login' of type 'FoodDeliveryApplication.Models.LoginDetails' ...
2023-01-04 12:34:17.359 +05:30  DBG  Done attempting to validate the bound parameter 'login' of type 'FoodDeliveryApplication.Models.LoginDetails'.
2023-01-04 12:34:21.667 +05:30  DBG  Request was short circuited at exception filter 'FoodDeliveryApplication.CustomExceptionFilter'.
2023-01-04 12:34:21.667 +05:30  DBG  View lookup cache miss for view 'Error' in controller 'FoodSite'.
2023-01-04 12:34:21.669 +05:30  INF  Executing ViewResult, running view Error.
2023-01-04 12:34:21.669 +05:30  DBG  The view path '/Views/Shared/Error.cshtml' was found in 1.4312ms.
2023-01-04 12:34:21.693 +05:30  DBG  View lookup cache hit for view '_Layout' in controller 'FoodSite'.
2023-01-04 12:34:21.694 +05:30  DBG  Found the endpoints ["Route: {controller=Home}/{action=Index}/{id?}"] for address Microsoft.AspNetCore.Routing.RouteValuesAddress
2023-01-04 12:34:21.694 +05:30  DBG  Successfully processed template {controller=Home}/{action=Index}/{id?} for Route: {controller=Home}/{action=Index}/{id?} resulting in  and 
2023-01-04 12:34:21.694 +05:30  DBG  Link generation succeeded for endpoints ["Route: {controller=Home}/{action=Index}/{id?}"] with result /
2023-01-04 12:34:21.694 +05:30  DBG  Found the endpoints ["Route: {controller=Home}/{action=Index}/{id?}"] for address Microsoft.AspNetCore.Routing.RouteValuesAddress
2023-01-04 12:34:21.694 +05:30  DBG  Successfully processed template {controller=Home}/{action=Index}/{id?} for Route: {controller=Home}/{action=Index}/{id?} resulting in  and 
2023-01-04 12:34:21.694 +05:30  DBG  Link generation succeeded for endpoints ["Route: {controller=Home}/{action=Index}/{id?}"] with result /
2023-01-04 12:34:21.694 +05:30  DBG  Found the endpoints ["Route: {controller=Home}/{action=Index}/{id?}"] for address Microsoft.AspNetCore.Routing.RouteValuesAddress
2023-01-04 12:34:21.694 +05:30  DBG  Successfully processed template {controller=Home}/{action=Index}/{id?} for Route: {controller=Home}/{action=Index}/{id?} resulting in /FoodSite/CreateAccount and 
2023-01-04 12:34:21.694 +05:30  DBG  Link generation succeeded for endpoints ["Route: {controller=Home}/{action=Index}/{id?}"] with result /FoodSite/CreateAccount
2023-01-04 12:34:21.694 +05:30  DBG  Found the endpoints ["Route: {controller=Home}/{action=Index}/{id?}"] for address Microsoft.AspNetCore.Routing.RouteValuesAddress
2023-01-04 12:34:21.694 +05:30  DBG  Successfully processed template {controller=Home}/{action=Index}/{id?} for Route: {controller=Home}/{action=Index}/{id?} resulting in /FoodSite/Login and 
2023-01-04 12:34:21.694 +05:30  DBG  Link generation succeeded for endpoints ["Route: {controller=Home}/{action=Index}/{id?}"] with result /FoodSite/Login
2023-01-04 12:34:21.694 +05:30  DBG  View lookup cache hit for view '_Notification' in controller 'FoodSite'.
2023-01-04 12:34:21.694 +05:30  DBG  The temp data cookie .AspNetCore.Mvc.CookieTempDataProvider was not found.
2023-01-04 12:34:21.694 +05:30  DBG  Found the endpoints ["Route: {controller=Home}/{action=Index}/{id?}"] for address Microsoft.AspNetCore.Routing.RouteValuesAddress
2023-01-04 12:34:21.694 +05:30  DBG  Successfully processed template {controller=Home}/{action=Index}/{id?} for Route: {controller=Home}/{action=Index}/{id?} resulting in /Home/Privacy and 
2023-01-04 12:34:21.694 +05:30  DBG  Link generation succeeded for endpoints ["Route: {controller=Home}/{action=Index}/{id?}"] with result /Home/Privacy
2023-01-04 12:34:21.700 +05:30  INF  Executed ViewResult - view Error executed in 32.4596ms.
2023-01-04 12:34:21.700 +05:30  INF  Executed action FoodDeliveryApplication.Controllers.FoodSiteController.Login (FoodDeliveryApplication) in 4375.6943ms
2023-01-04 12:34:21.700 +05:30  INF  Executed endpoint 'FoodDeliveryApplication.Controllers.FoodSiteController.Login (FoodDeliveryApplication)'
2023-01-04 12:34:21.701 +05:30  DBG  Response markup is scheduled to include browser refresh script injection.
2023-01-04 12:34:21.702 +05:30  DBG  Response markup was updated to include browser refresh script injection.
2023-01-04 12:34:21.703 +05:30  DBG  Connection ID "18302628903618871338" disconnecting.
2023-01-04 12:34:21.703 +05:30  INF  Request finished HTTP/2 POST https://localhost:44339/FoodSite/Login application/x-www-form-urlencoded 211 - 200 - text/html;+charset=utf-8 4413.4995ms
2023-01-04 12:34:21.730 +05:30  INF  Request starting HTTP/2 GET https://localhost:44339/_framework/aspnetcore-browser-refresh.js - -
2023-01-04 12:34:21.731 +05:30  DBG  Connection ID "17726168142725513217" disconnecting.
2023-01-04 12:34:21.731 +05:30  INF  Request finished HTTP/2 GET https://localhost:44339/_framework/aspnetcore-browser-refresh.js - - - 200 12004 application/javascript;+charset=utf-8 0.6745ms
2023-01-04 12:34:23.589 +05:30  INF  Request starting HTTP/2 GET https://localhost:44339/FoodSite/Login - -
2023-01-04 12:34:23.590 +05:30  DBG  The request path /FoodSite/Login does not match a supported file type
2023-01-04 12:34:23.590 +05:30  DBG  1 candidate(s) found for the request path '/FoodSite/Login'
2023-01-04 12:34:23.590 +05:30  DBG  Endpoint 'FoodDeliveryApplication.Controllers.FoodSiteController.Login (FoodDeliveryApplication)' with route pattern '{controller=Home}/{action=Index}/{id?}' is valid for the request path '/FoodSite/Login'
2023-01-04 12:34:23.590 +05:30  DBG  Request matched endpoint 'FoodDeliveryApplication.Controllers.FoodSiteController.Login (FoodDeliveryApplication)'
2023-01-04 12:34:23.590 +05:30  INF  Executing endpoint 'FoodDeliveryApplication.Controllers.FoodSiteController.Login (FoodDeliveryApplication)'
2023-01-04 12:34:23.591 +05:30  INF  Route matched with {action = "Login", controller = "FoodSite"}. Executing controller action with signature Microsoft.AspNetCore.Mvc.IActionResult Login() on controller FoodDeliveryApplication.Controllers.FoodSiteController (FoodDeliveryApplication).
2023-01-04 12:34:23.591 +05:30  DBG  Execution plan of authorization filters (in the following order): ["None"]
2023-01-04 12:34:23.591 +05:30  DBG  Execution plan of resource filters (in the following order): ["Microsoft.AspNetCore.Mvc.ViewFeatures.Filters.SaveTempDataFilter"]
2023-01-04 12:34:23.591 +05:30  DBG  Execution plan of action filters (in the following order): ["Microsoft.AspNetCore.Mvc.Filters.ControllerActionFilter (Order: -2147483648)","Microsoft.AspNetCore.Mvc.ModelBinding.UnsupportedContentTypeFilter (Order: -3000)"]
2023-01-04 12:34:23.591 +05:30  DBG  Execution plan of exception filters (in the following order): ["FoodDeliveryApplication.CustomExceptionFilter"]
2023-01-04 12:34:23.591 +05:30  DBG  Execution plan of result filters (in the following order): ["Microsoft.AspNetCore.Mvc.ViewFeatures.Filters.SaveTempDataFilter"]
2023-01-04 12:34:23.591 +05:30  DBG  Executing controller factory for controller FoodDeliveryApplication.Controllers.FoodSiteController (FoodDeliveryApplication)
2023-01-04 12:34:23.598 +05:30  DBG  Executed controller factory for controller FoodDeliveryApplication.Controllers.FoodSiteController (FoodDeliveryApplication)
2023-01-04 12:34:23.599 +05:30  INF  Login Triggered
2023-01-04 12:34:23.599 +05:30  DBG  View lookup cache hit for view 'Login' in controller 'FoodSite'.
2023-01-04 12:34:23.599 +05:30  INF  Executing ViewResult, running view Login.
2023-01-04 12:34:23.599 +05:30  DBG  The view path '/Views/FoodSite/Login.cshtml' was found in 0.2376ms.
2023-01-04 12:34:23.601 +05:30  DBG  An antiforgery cookie token was reused.
2023-01-04 12:34:23.602 +05:30  DBG  Found the endpoints ["Route: {controller=Home}/{action=Index}/{id?}"] for address Microsoft.AspNetCore.Routing.RouteValuesAddress
2023-01-04 12:34:23.602 +05:30  DBG  Successfully processed template {controller=Home}/{action=Index}/{id?} for Route: {controller=Home}/{action=Index}/{id?} resulting in /FoodSite/CreateAccount and 
2023-01-04 12:34:23.602 +05:30  DBG  Link generation succeeded for endpoints ["Route: {controller=Home}/{action=Index}/{id?}"] with result /FoodSite/CreateAccount
2023-01-04 12:34:23.602 +05:30  DBG  View lookup cache hit for view '_Layout' in controller 'FoodSite'.
2023-01-04 12:34:23.602 +05:30  DBG  Found the endpoints ["Route: {controller=Home}/{action=Index}/{id?}"] for address Microsoft.AspNetCore.Routing.RouteValuesAddress
2023-01-04 12:34:23.602 +05:30  DBG  Successfully processed template {controller=Home}/{action=Index}/{id?} for Route: {controller=Home}/{action=Index}/{id?} resulting in  and 
2023-01-04 12:34:23.602 +05:30  DBG  Link generation succeeded for endpoints ["Route: {controller=Home}/{action=Index}/{id?}"] with result /
2023-01-04 12:34:23.602 +05:30  DBG  Found the endpoints ["Route: {controller=Home}/{action=Index}/{id?}"] for address Microsoft.AspNetCore.Routing.RouteValuesAddress
2023-01-04 12:34:23.602 +05:30  DBG  Successfully processed template {controller=Home}/{action=Index}/{id?} for Route: {controller=Home}/{action=Index}/{id?} resulting in  and 
2023-01-04 12:34:23.602 +05:30  DBG  Link generation succeeded for endpoints ["Route: {controller=Home}/{action=Index}/{id?}"] with result /
2023-01-04 12:34:23.602 +05:30  DBG  Found the endpoints ["Route: {controller=Home}/{action=Index}/{id?}"] for address Microsoft.AspNetCore.Routing.RouteValuesAddress
2023-01-04 12:34:23.602 +05:30  DBG  Successfully processed template {controller=Home}/{action=Index}/{id?} for Route: {controller=Home}/{action=Index}/{id?} resulting in /FoodSite/CreateAccount and 
2023-01-04 12:34:23.602 +05:30  DBG  Link generation succeeded for endpoints ["Route: {controller=Home}/{action=Index}/{id?}"] with result /FoodSite/CreateAccount
2023-01-04 12:34:23.602 +05:30  DBG  Found the endpoints ["Route: {controller=Home}/{action=Index}/{id?}"] for address Microsoft.AspNetCore.Routing.RouteValuesAddress
2023-01-04 12:34:23.602 +05:30  DBG  Successfully processed template {controller=Home}/{action=Index}/{id?} for Route: {controller=Home}/{action=Index}/{id?} resulting in /FoodSite/Login and 
2023-01-04 12:34:23.602 +05:30  DBG  Link generation succeeded for endpoints ["Route: {controller=Home}/{action=Index}/{id?}"] with result /FoodSite/Login
2023-01-04 12:34:23.603 +05:30  DBG  View lookup cache hit for view '_Notification' in controller 'FoodSite'.
2023-01-04 12:34:23.603 +05:30  DBG  The temp data cookie .AspNetCore.Mvc.CookieTempDataProvider was not found.
2023-01-04 12:34:23.603 +05:30  DBG  Found the endpoints ["Route: {controller=Home}/{action=Index}/{id?}"] for address Microsoft.AspNetCore.Routing.RouteValuesAddress
2023-01-04 12:34:23.603 +05:30  DBG  Successfully processed template {controller=Home}/{action=Index}/{id?} for Route: {controller=Home}/{action=Index}/{id?} resulting in /Home/Privacy and 
2023-01-04 12:34:23.603 +05:30  DBG  Link generation succeeded for endpoints ["Route: {controller=Home}/{action=Index}/{id?}"] with result /Home/Privacy
2023-01-04 12:34:23.607 +05:30  INF  Executed ViewResult - view Login executed in 8.6453ms.
2023-01-04 12:34:23.608 +05:30  INF  Executed action FoodDeliveryApplication.Controllers.FoodSiteController.Login (FoodDeliveryApplication) in 16.7403ms
2023-01-04 12:34:23.608 +05:30  INF  Executed endpoint 'FoodDeliveryApplication.Controllers.FoodSiteController.Login (FoodDeliveryApplication)'
2023-01-04 12:34:23.609 +05:30  DBG  Response markup is scheduled to include browser refresh script injection.
2023-01-04 12:34:23.609 +05:30  DBG  Response markup was updated to include browser refresh script injection.
2023-01-04 12:34:23.609 +05:30  INF  Request finished HTTP/2 GET https://localhost:44339/FoodSite/Login - - - 200 - text/html;+charset=utf-8 20.9300ms
2023-01-04 12:34:23.610 +05:30  DBG  Connection ID "17870283326506401887" disconnecting.
2023-01-04 12:34:23.640 +05:30  INF  Request starting HTTP/2 GET https://localhost:44339/_framework/aspnetcore-browser-refresh.js - -
2023-01-04 12:34:23.641 +05:30  DBG  Connection ID "18302628912208805966" disconnecting.
2023-01-04 12:34:23.641 +05:30  INF  Request finished HTTP/2 GET https://localhost:44339/_framework/aspnetcore-browser-refresh.js - - - 200 12004 application/javascript;+charset=utf-8 1.5004ms
