2022-12-15 15:44:49.429 +05:30  ERR  An error encountered while processing the request
2022-12-15 15:45:27.824 +05:30  DBG  Initializing Razor view compiler with compiled view: '/Views/FoodSite/AccountCreated.cshtml'.
2022-12-15 15:45:27.856 +05:30  DBG  Initializing Razor view compiler with compiled view: '/Views/FoodSite/CancelOrder.cshtml'.
2022-12-15 15:45:27.856 +05:30  DBG  Initializing Razor view compiler with compiled view: '/Views/FoodSite/Cart.cshtml'.
2022-12-15 15:45:27.856 +05:30  DBG  Initializing Razor view compiler with compiled view: '/Views/FoodSite/CreateAccount.cshtml'.
2022-12-15 15:45:27.861 +05:30  DBG  Initializing Razor view compiler with compiled view: '/Views/FoodSite/CustomerDetails.cshtml'.
2022-12-15 15:45:27.861 +05:30  DBG  Initializing Razor view compiler with compiled view: '/Views/FoodSite/Login.cshtml'.
2022-12-15 15:45:27.861 +05:30  DBG  Initializing Razor view compiler with compiled view: '/Views/FoodSite/Menu.cshtml'.
2022-12-15 15:45:27.861 +05:30  DBG  Initializing Razor view compiler with compiled view: '/Views/FoodSite/OrderStatus.cshtml'.
2022-12-15 15:45:27.861 +05:30  DBG  Initializing Razor view compiler with compiled view: '/Views/FoodSite/PlaceOrder.cshtml'.
2022-12-15 15:45:27.861 +05:30  DBG  Initializing Razor view compiler with compiled view: '/Views/FoodSite/Restaurants.cshtml'.
2022-12-15 15:45:27.861 +05:30  DBG  Initializing Razor view compiler with compiled view: '/Views/Home/Index.cshtml'.
2022-12-15 15:45:27.861 +05:30  DBG  Initializing Razor view compiler with compiled view: '/Views/Home/Privacy.cshtml'.
2022-12-15 15:45:27.861 +05:30  DBG  Initializing Razor view compiler with compiled view: '/Views/Shared/Error.cshtml'.
2022-12-15 15:45:27.861 +05:30  DBG  Initializing Razor view compiler with compiled view: '/Views/Shared/_Notification.cshtml'.
2022-12-15 15:45:27.861 +05:30  DBG  Initializing Razor view compiler with compiled view: '/Views/Shared/_ValidationScriptsPartial.cshtml'.
2022-12-15 15:45:27.861 +05:30  DBG  Initializing Razor view compiler with compiled view: '/Views/_ViewImports.cshtml'.
2022-12-15 15:45:27.861 +05:30  DBG  Initializing Razor view compiler with compiled view: '/Views/_ViewStart.cshtml'.
2022-12-15 15:45:27.861 +05:30  DBG  Initializing Razor view compiler with compiled view: '/Views/Shared/_Layout.cshtml'.
2022-12-15 15:45:27.869 +05:30  DBG  Registered model binder providers, in the following order: ["Microsoft.AspNetCore.Mvc.ModelBinding.Binders.BinderTypeModelBinderProvider","Microsoft.AspNetCore.Mvc.ModelBinding.Binders.ServicesModelBinderProvider","Microsoft.AspNetCore.Mvc.ModelBinding.Binders.BodyModelBinderProvider","Microsoft.AspNetCore.Mvc.ModelBinding.Binders.HeaderModelBinderProvider","Microsoft.AspNetCore.Mvc.ModelBinding.Binders.FloatingPointTypeModelBinderProvider","Microsoft.AspNetCore.Mvc.ModelBinding.Binders.EnumTypeModelBinderProvider","Microsoft.AspNetCore.Mvc.ModelBinding.Binders.DateTimeModelBinderProvider","Microsoft.AspNetCore.Mvc.ModelBinding.Binders.SimpleTypeModelBinderProvider","Microsoft.AspNetCore.Mvc.ModelBinding.Binders.CancellationTokenModelBinderProvider","Microsoft.AspNetCore.Mvc.ModelBinding.Binders.ByteArrayModelBinderProvider","Microsoft.AspNetCore.Mvc.ModelBinding.Binders.FormFileModelBinderProvider","Microsoft.AspNetCore.Mvc.ModelBinding.Binders.FormCollectionModelBinderProvider","Microsoft.AspNetCore.Mvc.ModelBinding.Binders.KeyValuePairModelBinderProvider","Microsoft.AspNetCore.Mvc.ModelBinding.Binders.DictionaryModelBinderProvider","Microsoft.AspNetCore.Mvc.ModelBinding.Binders.ArrayModelBinderProvider","Microsoft.AspNetCore.Mvc.ModelBinding.Binders.CollectionModelBinderProvider","Microsoft.AspNetCore.Mvc.ModelBinding.Binders.ComplexObjectModelBinderProvider"]
2022-12-15 15:45:27.936 +05:30  DBG  Hosting starting
2022-12-15 15:45:27.992 +05:30  INF  User profile is available. Using 'C:\Users\raksha_ganyarpawar\AppData\Local\ASP.NET\DataProtection-Keys' as key repository and Windows DPAPI to encrypt keys at rest.
2022-12-15 15:45:27.995 +05:30  DBG  Reading data from file 'C:\Users\raksha_ganyarpawar\AppData\Local\ASP.NET\DataProtection-Keys\key-79ad8948-c6a7-4098-9250-f7b29548ac6d.xml'.
2022-12-15 15:45:27.999 +05:30  DBG  Reading data from file 'C:\Users\raksha_ganyarpawar\AppData\Local\ASP.NET\DataProtection-Keys\key-fcbc33c9-fbe1-4aff-8638-219c50a28b3b.xml'.
2022-12-15 15:45:28.004 +05:30  DBG  Found key {79ad8948-c6a7-4098-9250-f7b29548ac6d}.
2022-12-15 15:45:28.006 +05:30  DBG  Found key {fcbc33c9-fbe1-4aff-8638-219c50a28b3b}.
2022-12-15 15:45:28.012 +05:30  DBG  Considering key {79ad8948-c6a7-4098-9250-f7b29548ac6d} with expiration date 2023-01-30 18:09:53Z as default key.
2022-12-15 15:45:28.013 +05:30  DBG  Forwarded activator type request from Microsoft.AspNetCore.DataProtection.XmlEncryption.DpapiXmlDecryptor, Microsoft.AspNetCore.DataProtection, Version=6.0.0.0, Culture=neutral, PublicKeyToken=adb9793829ddae60 to Microsoft.AspNetCore.DataProtection.XmlEncryption.DpapiXmlDecryptor, Microsoft.AspNetCore.DataProtection, Culture=neutral, PublicKeyToken=adb9793829ddae60
2022-12-15 15:45:28.016 +05:30  DBG  Decrypting secret element using Windows DPAPI.
2022-12-15 15:45:28.017 +05:30  DBG  Forwarded activator type request from Microsoft.AspNetCore.DataProtection.AuthenticatedEncryption.ConfigurationModel.AuthenticatedEncryptorDescriptorDeserializer, Microsoft.AspNetCore.DataProtection, Version=6.0.0.0, Culture=neutral, PublicKeyToken=adb9793829ddae60 to Microsoft.AspNetCore.DataProtection.AuthenticatedEncryption.ConfigurationModel.AuthenticatedEncryptorDescriptorDeserializer, Microsoft.AspNetCore.DataProtection, Culture=neutral, PublicKeyToken=adb9793829ddae60
2022-12-15 15:45:28.019 +05:30  DBG  Opening CNG algorithm 'AES' from provider 'null' with chaining mode CBC.
2022-12-15 15:45:28.021 +05:30  DBG  Opening CNG algorithm 'SHA256' from provider 'null' with HMAC.
2022-12-15 15:45:28.022 +05:30  DBG  Using key {79ad8948-c6a7-4098-9250-f7b29548ac6d} as the default key.
2022-12-15 15:45:28.023 +05:30  DBG  Key ring with default key {79ad8948-c6a7-4098-9250-f7b29548ac6d} was loaded during application startup.
2022-12-15 15:45:28.131 +05:30  DBG  Using development certificate: CN=localhost (Thumbprint: 4C51C087C884AD5F8F0F2241CBD89F90FD775F40)
2022-12-15 15:45:28.181 +05:30  INF  Now listening on: https://localhost:7119
2022-12-15 15:45:28.181 +05:30  INF  Now listening on: http://localhost:5119
2022-12-15 15:45:28.181 +05:30  DBG  Loaded hosting startup assembly FoodDeliveryApplication
2022-12-15 15:45:28.181 +05:30  DBG  Loaded hosting startup assembly Microsoft.AspNetCore.Watch.BrowserRefresh
2022-12-15 15:45:28.181 +05:30  DBG  Loaded hosting startup assembly Microsoft.WebTools.BrowserLink.Net
2022-12-15 15:45:28.181 +05:30  INF  Application started. Press Ctrl+C to shut down.
2022-12-15 15:45:28.181 +05:30  INF  Hosting environment: Development
2022-12-15 15:45:28.181 +05:30  INF  Content root path: C:\Users\raksha_ganyarpawar\source\repos\FoodDeliveryApplication\FoodDeliveryApplication\
2022-12-15 15:45:28.181 +05:30  DBG  Hosting started
2022-12-15 15:45:28.285 +05:30  DBG  Connection id "0HMMUGL52QB00" accepted.
2022-12-15 15:45:28.285 +05:30  DBG  Connection id "0HMMUGL52QB00" started.
2022-12-15 15:45:28.294 +05:30  DBG  Connection id "0HMMUGL52QB01" accepted.
2022-12-15 15:45:28.294 +05:30  DBG  Connection id "0HMMUGL52QB01" started.
2022-12-15 15:45:28.312 +05:30  DBG  Connection id "0HMMUGL52QB00" received FIN.
2022-12-15 15:45:28.312 +05:30  DBG  Connection id "0HMMUGL52QB01" received FIN.
2022-12-15 15:45:28.316 +05:30  DBG  Failed to authenticate HTTPS connection.System.IO.IOException:  Received an unexpected EOF or 0 bytes from the transport stream.
   at System.Net.Security.SslStream.<FillHandshakeBufferAsync>g__InternalFillHandshakeBufferAsync|189_0[TIOAdapter](TIOAdapter adap, ValueTask`1 task, Int32 minSize)
   at System.Net.Security.SslStream.ReceiveBlobAsync[TIOAdapter](TIOAdapter adapter)
   at System.Net.Security.SslStream.ForceAuthenticationAsync[TIOAdapter](TIOAdapter adapter, Boolean receiveFirst, Byte[] reAuthenticationData, Boolean isApm)
   at Microsoft.AspNetCore.Server.Kestrel.Https.Internal.HttpsConnectionMiddleware.OnConnectionAsync(ConnectionContext context)

2022-12-15 15:45:28.316 +05:30  DBG  Failed to authenticate HTTPS connection.System.IO.IOException:  Received an unexpected EOF or 0 bytes from the transport stream.
   at System.Net.Security.SslStream.<FillHandshakeBufferAsync>g__InternalFillHandshakeBufferAsync|189_0[TIOAdapter](TIOAdapter adap, ValueTask`1 task, Int32 minSize)
   at System.Net.Security.SslStream.ReceiveBlobAsync[TIOAdapter](TIOAdapter adapter)
   at System.Net.Security.SslStream.ForceAuthenticationAsync[TIOAdapter](TIOAdapter adapter, Boolean receiveFirst, Byte[] reAuthenticationData, Boolean isApm)
   at Microsoft.AspNetCore.Server.Kestrel.Https.Internal.HttpsConnectionMiddleware.OnConnectionAsync(ConnectionContext context)

2022-12-15 15:45:28.338 +05:30  DBG  Connection id "0HMMUGL52QB02" accepted.
2022-12-15 15:45:28.358 +05:30  DBG  Connection id "0HMMUGL52QB02" started.
2022-12-15 15:45:28.361 +05:30  DBG  Connection id "0HMMUGL52QB01" stopped.
2022-12-15 15:45:28.361 +05:30  DBG  Connection id "0HMMUGL52QB00" stopped.
2022-12-15 15:45:28.362 +05:30  DBG  Connection id "0HMMUGL52QB01" sending FIN because: "The Socket transport's send loop completed gracefully."
2022-12-15 15:45:28.362 +05:30  DBG  Connection id "0HMMUGL52QB00" sending FIN because: "The Socket transport's send loop completed gracefully."
2022-12-15 15:45:28.390 +05:30  DBG  Connection 0HMMUGL52QB02 established using the following protocol: "Tls13"
2022-12-15 15:45:28.416 +05:30  INF  Request starting HTTP/2 GET https://localhost:7119/Foodsite/Status/3 - -
2022-12-15 15:45:28.437 +05:30  DBG  Wildcard detected, all requests with hosts will be allowed.
2022-12-15 15:45:28.437 +05:30  DBG  The request path /Foodsite/Status/3 does not match a supported file type
2022-12-15 15:45:28.454 +05:30  DBG  1 candidate(s) found for the request path '/Foodsite/Status/3'
2022-12-15 15:45:28.457 +05:30  DBG  Endpoint 'FoodDeliveryApplication.Controllers.FoodSiteController.Status (FoodDeliveryApplication)' with route pattern '{controller=Home}/{action=Index}/{id?}' is valid for the request path '/Foodsite/Status/3'
2022-12-15 15:45:28.457 +05:30  DBG  Request matched endpoint 'FoodDeliveryApplication.Controllers.FoodSiteController.Status (FoodDeliveryApplication)'
2022-12-15 15:45:28.460 +05:30  INF  Executing endpoint 'FoodDeliveryApplication.Controllers.FoodSiteController.Status (FoodDeliveryApplication)'
2022-12-15 15:45:28.484 +05:30  INF  Route matched with {action = "Status", controller = "FoodSite"}. Executing controller action with signature System.Threading.Tasks.Task`1[Microsoft.AspNetCore.Mvc.IActionResult] Status(Int32) on controller FoodDeliveryApplication.Controllers.FoodSiteController (FoodDeliveryApplication).
2022-12-15 15:45:28.484 +05:30  DBG  Execution plan of authorization filters (in the following order): ["None"]
2022-12-15 15:45:28.484 +05:30  DBG  Execution plan of resource filters (in the following order): ["Microsoft.AspNetCore.Mvc.ViewFeatures.Filters.SaveTempDataFilter"]
2022-12-15 15:45:28.485 +05:30  DBG  Execution plan of action filters (in the following order): ["Microsoft.AspNetCore.Mvc.Filters.ControllerActionFilter (Order: -2147483648)","Microsoft.AspNetCore.Mvc.ModelBinding.UnsupportedContentTypeFilter (Order: -3000)"]
2022-12-15 15:45:28.485 +05:30  DBG  Execution plan of exception filters (in the following order): ["FoodDeliveryApplication.CustomExceptionFilter"]
2022-12-15 15:45:28.485 +05:30  DBG  Execution plan of result filters (in the following order): ["Microsoft.AspNetCore.Mvc.ViewFeatures.Filters.SaveTempDataFilter"]
2022-12-15 15:45:28.485 +05:30  DBG  Executing controller factory for controller FoodDeliveryApplication.Controllers.FoodSiteController (FoodDeliveryApplication)
2022-12-15 15:45:28.686 +05:30  DBG  Executed controller factory for controller FoodDeliveryApplication.Controllers.FoodSiteController (FoodDeliveryApplication)
2022-12-15 15:45:28.697 +05:30  DBG  Attempting to bind parameter 'Id' of type 'System.Int32' ...
2022-12-15 15:45:28.698 +05:30  DBG  Attempting to bind parameter 'Id' of type 'System.Int32' using the name 'Id' in request data ...
2022-12-15 15:45:28.698 +05:30  DBG  Done attempting to bind parameter 'Id' of type 'System.Int32'.
2022-12-15 15:45:28.698 +05:30  DBG  Done attempting to bind parameter 'Id' of type 'System.Int32'.
2022-12-15 15:45:28.698 +05:30  DBG  Attempting to validate the bound parameter 'Id' of type 'System.Int32' ...
2022-12-15 15:45:28.699 +05:30  DBG  Done attempting to validate the bound parameter 'Id' of type 'System.Int32'.
2022-12-15 15:45:28.891 +05:30  DBG  Request was short circuited at exception filter 'FoodDeliveryApplication.CustomExceptionFilter'.
2022-12-15 15:45:28.893 +05:30  DBG  View lookup cache miss for view 'Error' in controller 'FoodSite'.
2022-12-15 15:45:28.896 +05:30  INF  Executing ViewResult, running view Error.
2022-12-15 15:45:28.900 +05:30  DBG  The view path '/Views/Shared/Error.cshtml' was found in 4.0545ms.
2022-12-15 15:45:28.932 +05:30  DBG  View lookup cache miss for view '_Layout' in controller 'FoodSite'.
2022-12-15 15:45:28.960 +05:30  DBG  Found the endpoints ["Route: {controller=Home}/{action=Index}/{id?}"] for address Microsoft.AspNetCore.Routing.RouteValuesAddress
2022-12-15 15:45:28.964 +05:30  DBG  Successfully processed template {controller=Home}/{action=Index}/{id?} for Route: {controller=Home}/{action=Index}/{id?} resulting in  and 
2022-12-15 15:45:28.964 +05:30  DBG  Link generation succeeded for endpoints ["Route: {controller=Home}/{action=Index}/{id?}"] with result /
2022-12-15 15:45:28.965 +05:30  DBG  Found the endpoints ["Route: {controller=Home}/{action=Index}/{id?}"] for address Microsoft.AspNetCore.Routing.RouteValuesAddress
2022-12-15 15:45:28.965 +05:30  DBG  Successfully processed template {controller=Home}/{action=Index}/{id?} for Route: {controller=Home}/{action=Index}/{id?} resulting in  and 
2022-12-15 15:45:28.965 +05:30  DBG  Link generation succeeded for endpoints ["Route: {controller=Home}/{action=Index}/{id?}"] with result /
2022-12-15 15:45:28.965 +05:30  DBG  Found the endpoints ["Route: {controller=Home}/{action=Index}/{id?}"] for address Microsoft.AspNetCore.Routing.RouteValuesAddress
2022-12-15 15:45:28.965 +05:30  DBG  Successfully processed template {controller=Home}/{action=Index}/{id?} for Route: {controller=Home}/{action=Index}/{id?} resulting in /FoodSite/CreateAccount and 
2022-12-15 15:45:28.965 +05:30  DBG  Link generation succeeded for endpoints ["Route: {controller=Home}/{action=Index}/{id?}"] with result /FoodSite/CreateAccount
2022-12-15 15:45:28.966 +05:30  DBG  Found the endpoints ["Route: {controller=Home}/{action=Index}/{id?}"] for address Microsoft.AspNetCore.Routing.RouteValuesAddress
2022-12-15 15:45:28.966 +05:30  DBG  Successfully processed template {controller=Home}/{action=Index}/{id?} for Route: {controller=Home}/{action=Index}/{id?} resulting in /FoodSite/Login and 
2022-12-15 15:45:28.966 +05:30  DBG  Link generation succeeded for endpoints ["Route: {controller=Home}/{action=Index}/{id?}"] with result /FoodSite/Login
2022-12-15 15:45:28.967 +05:30  DBG  View lookup cache miss for view '_Notification' in controller 'FoodSite'.
2022-12-15 15:45:28.968 +05:30  DBG  The temp data cookie .AspNetCore.Mvc.CookieTempDataProvider was not found.
2022-12-15 15:45:28.969 +05:30  DBG  Found the endpoints ["Route: {controller=Home}/{action=Index}/{id?}"] for address Microsoft.AspNetCore.Routing.RouteValuesAddress
2022-12-15 15:45:28.969 +05:30  DBG  Successfully processed template {controller=Home}/{action=Index}/{id?} for Route: {controller=Home}/{action=Index}/{id?} resulting in /Home/Privacy and 
2022-12-15 15:45:28.969 +05:30  DBG  Link generation succeeded for endpoints ["Route: {controller=Home}/{action=Index}/{id?}"] with result /Home/Privacy
2022-12-15 15:45:29.011 +05:30  INF  Executed ViewResult - view Error executed in 118.6704ms.
2022-12-15 15:45:29.013 +05:30  INF  Executed action FoodDeliveryApplication.Controllers.FoodSiteController.Status (FoodDeliveryApplication) in 527.855ms
2022-12-15 15:45:29.013 +05:30  INF  Executed endpoint 'FoodDeliveryApplication.Controllers.FoodSiteController.Status (FoodDeliveryApplication)'
2022-12-15 15:45:29.018 +05:30  DBG  Response markup is scheduled to include browser refresh script injection.
2022-12-15 15:45:29.023 +05:30  DBG  Response markup was updated to include browser refresh script injection.
2022-12-15 15:45:29.027 +05:30  INF  Request finished HTTP/2 GET https://localhost:7119/Foodsite/Status/3 - - - 200 - text/html;+charset=utf-8 612.3186ms
2022-12-15 15:45:29.054 +05:30  INF  Request starting HTTP/2 GET https://localhost:7119/_framework/aspnetcore-browser-refresh.js - -
2022-12-15 15:45:29.054 +05:30  INF  Request starting HTTP/2 GET https://localhost:7119/_vs/browserLink - -
2022-12-15 15:45:29.056 +05:30  INF  Request finished HTTP/2 GET https://localhost:7119/_framework/aspnetcore-browser-refresh.js - - - 200 12016 application/javascript;+charset=utf-8 2.1264ms
2022-12-15 15:45:29.065 +05:30  INF  Request finished HTTP/2 GET https://localhost:7119/_vs/browserLink - - - 200 - text/javascript;+charset=UTF-8 10.9330ms
