2023-01-02 12:41:17.756 +05:30  ERR  An error encountered while processing the request
2023-01-02 12:44:15.274 +05:30  DBG  Initializing Razor view compiler with compiled view: '/Views/FoodSite/AccountCreated.cshtml'.
2023-01-02 12:44:15.326 +05:30  DBG  Initializing Razor view compiler with compiled view: '/Views/FoodSite/CancelOrder.cshtml'.
2023-01-02 12:44:15.326 +05:30  DBG  Initializing Razor view compiler with compiled view: '/Views/FoodSite/Cart.cshtml'.
2023-01-02 12:44:15.326 +05:30  DBG  Initializing Razor view compiler with compiled view: '/Views/FoodSite/CreateAccount.cshtml'.
2023-01-02 12:44:15.326 +05:30  DBG  Initializing Razor view compiler with compiled view: '/Views/FoodSite/CustomerDetails.cshtml'.
2023-01-02 12:44:15.327 +05:30  DBG  Initializing Razor view compiler with compiled view: '/Views/FoodSite/Login.cshtml'.
2023-01-02 12:44:15.327 +05:30  DBG  Initializing Razor view compiler with compiled view: '/Views/FoodSite/Menu.cshtml'.
2023-01-02 12:44:15.327 +05:30  DBG  Initializing Razor view compiler with compiled view: '/Views/FoodSite/OrderStatus.cshtml'.
2023-01-02 12:44:15.327 +05:30  DBG  Initializing Razor view compiler with compiled view: '/Views/FoodSite/PlaceOrder.cshtml'.
2023-01-02 12:44:15.327 +05:30  DBG  Initializing Razor view compiler with compiled view: '/Views/FoodSite/Restaurants.cshtml'.
2023-01-02 12:44:15.327 +05:30  DBG  Initializing Razor view compiler with compiled view: '/Views/Home/Index.cshtml'.
2023-01-02 12:44:15.327 +05:30  DBG  Initializing Razor view compiler with compiled view: '/Views/Home/Privacy.cshtml'.
2023-01-02 12:44:15.327 +05:30  DBG  Initializing Razor view compiler with compiled view: '/Views/Shared/Error.cshtml'.
2023-01-02 12:44:15.327 +05:30  DBG  Initializing Razor view compiler with compiled view: '/Views/Shared/_Notification.cshtml'.
2023-01-02 12:44:15.327 +05:30  DBG  Initializing Razor view compiler with compiled view: '/Views/Shared/_ValidationScriptsPartial.cshtml'.
2023-01-02 12:44:15.327 +05:30  DBG  Initializing Razor view compiler with compiled view: '/Views/_ViewImports.cshtml'.
2023-01-02 12:44:15.327 +05:30  DBG  Initializing Razor view compiler with compiled view: '/Views/_ViewStart.cshtml'.
2023-01-02 12:44:15.327 +05:30  DBG  Initializing Razor view compiler with compiled view: '/Views/Shared/_Layout.cshtml'.
2023-01-02 12:44:15.338 +05:30  DBG  Registered model binder providers, in the following order: ["Microsoft.AspNetCore.Mvc.ModelBinding.Binders.BinderTypeModelBinderProvider","Microsoft.AspNetCore.Mvc.ModelBinding.Binders.ServicesModelBinderProvider","Microsoft.AspNetCore.Mvc.ModelBinding.Binders.BodyModelBinderProvider","Microsoft.AspNetCore.Mvc.ModelBinding.Binders.HeaderModelBinderProvider","Microsoft.AspNetCore.Mvc.ModelBinding.Binders.FloatingPointTypeModelBinderProvider","Microsoft.AspNetCore.Mvc.ModelBinding.Binders.EnumTypeModelBinderProvider","Microsoft.AspNetCore.Mvc.ModelBinding.Binders.DateTimeModelBinderProvider","Microsoft.AspNetCore.Mvc.ModelBinding.Binders.SimpleTypeModelBinderProvider","Microsoft.AspNetCore.Mvc.ModelBinding.Binders.CancellationTokenModelBinderProvider","Microsoft.AspNetCore.Mvc.ModelBinding.Binders.ByteArrayModelBinderProvider","Microsoft.AspNetCore.Mvc.ModelBinding.Binders.FormFileModelBinderProvider","Microsoft.AspNetCore.Mvc.ModelBinding.Binders.FormCollectionModelBinderProvider","Microsoft.AspNetCore.Mvc.ModelBinding.Binders.KeyValuePairModelBinderProvider","Microsoft.AspNetCore.Mvc.ModelBinding.Binders.DictionaryModelBinderProvider","Microsoft.AspNetCore.Mvc.ModelBinding.Binders.ArrayModelBinderProvider","Microsoft.AspNetCore.Mvc.ModelBinding.Binders.CollectionModelBinderProvider","Microsoft.AspNetCore.Mvc.ModelBinding.Binders.ComplexObjectModelBinderProvider"]
2023-01-02 12:44:15.453 +05:30  DBG  Hosting starting
2023-01-02 12:44:15.508 +05:30  INF  User profile is available. Using 'C:\Users\vempadapu_prasanth\AppData\Local\ASP.NET\DataProtection-Keys' as key repository and Windows DPAPI to encrypt keys at rest.
2023-01-02 12:44:15.513 +05:30  DBG  Reading data from file 'C:\Users\vempadapu_prasanth\AppData\Local\ASP.NET\DataProtection-Keys\key-145d6bc5-9b80-46f7-95e8-86825b150bd1.xml'.
2023-01-02 12:44:15.528 +05:30  DBG  Reading data from file 'C:\Users\vempadapu_prasanth\AppData\Local\ASP.NET\DataProtection-Keys\key-983f3911-cbc1-4ebd-a3d7-1e526b3d543b.xml'.
2023-01-02 12:44:15.530 +05:30  DBG  Reading data from file 'C:\Users\vempadapu_prasanth\AppData\Local\ASP.NET\DataProtection-Keys\key-b4d935d2-b7fa-426a-a448-ef879818d251.xml'.
2023-01-02 12:44:15.531 +05:30  DBG  Reading data from file 'C:\Users\vempadapu_prasanth\AppData\Local\ASP.NET\DataProtection-Keys\key-ee8e50a4-7c5c-4f1a-b2fd-e71076cf28c9.xml'.
2023-01-02 12:44:15.537 +05:30  DBG  Found key {145d6bc5-9b80-46f7-95e8-86825b150bd1}.
2023-01-02 12:44:15.540 +05:30  DBG  Found key {983f3911-cbc1-4ebd-a3d7-1e526b3d543b}.
2023-01-02 12:44:15.540 +05:30  DBG  Found key {b4d935d2-b7fa-426a-a448-ef879818d251}.
2023-01-02 12:44:15.540 +05:30  DBG  Found key {ee8e50a4-7c5c-4f1a-b2fd-e71076cf28c9}.
2023-01-02 12:44:15.547 +05:30  DBG  Considering key {b4d935d2-b7fa-426a-a448-ef879818d251} with expiration date 2023-04-02 07:02:44Z as default key.
2023-01-02 12:44:15.549 +05:30  DBG  Forwarded activator type request from Microsoft.AspNetCore.DataProtection.XmlEncryption.DpapiXmlDecryptor, Microsoft.AspNetCore.DataProtection, Version=6.0.0.0, Culture=neutral, PublicKeyToken=adb9793829ddae60 to Microsoft.AspNetCore.DataProtection.XmlEncryption.DpapiXmlDecryptor, Microsoft.AspNetCore.DataProtection, Culture=neutral, PublicKeyToken=adb9793829ddae60
2023-01-02 12:44:15.552 +05:30  DBG  Decrypting secret element using Windows DPAPI.
2023-01-02 12:44:15.553 +05:30  DBG  Forwarded activator type request from Microsoft.AspNetCore.DataProtection.AuthenticatedEncryption.ConfigurationModel.AuthenticatedEncryptorDescriptorDeserializer, Microsoft.AspNetCore.DataProtection, Version=6.0.0.0, Culture=neutral, PublicKeyToken=adb9793829ddae60 to Microsoft.AspNetCore.DataProtection.AuthenticatedEncryption.ConfigurationModel.AuthenticatedEncryptorDescriptorDeserializer, Microsoft.AspNetCore.DataProtection, Culture=neutral, PublicKeyToken=adb9793829ddae60
2023-01-02 12:44:15.557 +05:30  DBG  Opening CNG algorithm 'AES' from provider 'null' with chaining mode CBC.
2023-01-02 12:44:15.561 +05:30  DBG  Opening CNG algorithm 'SHA256' from provider 'null' with HMAC.
2023-01-02 12:44:15.564 +05:30  DBG  Using key {b4d935d2-b7fa-426a-a448-ef879818d251} as the default key.
2023-01-02 12:44:15.565 +05:30  DBG  Key ring with default key {b4d935d2-b7fa-426a-a448-ef879818d251} was loaded during application startup.
2023-01-02 12:44:15.610 +05:30  DBG  Loaded hosting startup assembly FoodDeliveryApplication
2023-01-02 12:44:15.610 +05:30  DBG  Loaded hosting startup assembly Microsoft.AspNetCore.Watch.BrowserRefresh
2023-01-02 12:44:15.610 +05:30  DBG  Loaded hosting startup assembly Microsoft.WebTools.BrowserLink.Net
2023-01-02 12:44:15.610 +05:30  INF  Application started. Press Ctrl+C to shut down.
2023-01-02 12:44:15.610 +05:30  INF  Hosting environment: Development
2023-01-02 12:44:15.610 +05:30  INF  Content root path: F:\Food Delivery Application(Zomato)\FoodDeliveryClient\FoodDeliveryApplication\
2023-01-02 12:44:15.610 +05:30  DBG  Hosting started
2023-01-02 12:44:15.657 +05:30  INF  Request starting HTTP/2 GET https://localhost:44339/ - -
2023-01-02 12:44:15.694 +05:30  DBG  Wildcard detected, all requests with hosts will be allowed.
2023-01-02 12:44:15.698 +05:30  DBG  The request path / does not match a supported file type
2023-01-02 12:44:15.728 +05:30  DBG  1 candidate(s) found for the request path '/'
2023-01-02 12:44:15.733 +05:30  DBG  Endpoint 'FoodDeliveryApplication.Controllers.HomeController.Index (FoodDeliveryApplication)' with route pattern '{controller=Home}/{action=Index}/{id?}' is valid for the request path '/'
2023-01-02 12:44:15.733 +05:30  DBG  Request matched endpoint 'FoodDeliveryApplication.Controllers.HomeController.Index (FoodDeliveryApplication)'
2023-01-02 12:44:15.756 +05:30  INF  Executing endpoint 'FoodDeliveryApplication.Controllers.HomeController.Index (FoodDeliveryApplication)'
2023-01-02 12:44:15.780 +05:30  INF  Route matched with {action = "Index", controller = "Home"}. Executing controller action with signature Microsoft.AspNetCore.Mvc.IActionResult Index() on controller FoodDeliveryApplication.Controllers.HomeController (FoodDeliveryApplication).
2023-01-02 12:44:15.781 +05:30  DBG  Execution plan of authorization filters (in the following order): ["None"]
2023-01-02 12:44:15.781 +05:30  DBG  Execution plan of resource filters (in the following order): ["Microsoft.AspNetCore.Mvc.ViewFeatures.Filters.SaveTempDataFilter"]
2023-01-02 12:44:15.781 +05:30  DBG  Execution plan of action filters (in the following order): ["Microsoft.AspNetCore.Mvc.Filters.ControllerActionFilter (Order: -2147483648)","Microsoft.AspNetCore.Mvc.ModelBinding.UnsupportedContentTypeFilter (Order: -3000)"]
2023-01-02 12:44:15.781 +05:30  DBG  Execution plan of exception filters (in the following order): ["None"]
2023-01-02 12:44:15.781 +05:30  DBG  Execution plan of result filters (in the following order): ["Microsoft.AspNetCore.Mvc.ViewFeatures.Filters.SaveTempDataFilter"]
2023-01-02 12:44:15.782 +05:30  DBG  Executing controller factory for controller FoodDeliveryApplication.Controllers.HomeController (FoodDeliveryApplication)
2023-01-02 12:44:15.782 +05:30  DBG  Executed controller factory for controller FoodDeliveryApplication.Controllers.HomeController (FoodDeliveryApplication)
2023-01-02 12:44:15.784 +05:30  DBG  View lookup cache miss for view 'Index' in controller 'Home'.
2023-01-02 12:44:15.788 +05:30  INF  Executing ViewResult, running view Index.
2023-01-02 12:44:15.793 +05:30  DBG  The view path '/Views/Home/Index.cshtml' was found in 4.3674ms.
2023-01-02 12:44:15.844 +05:30  DBG  View lookup cache miss for view '_Layout' in controller 'Home'.
2023-01-02 12:44:15.886 +05:30  DBG  Found the endpoints ["Route: {controller=Home}/{action=Index}/{id?}"] for address Microsoft.AspNetCore.Routing.RouteValuesAddress
2023-01-02 12:44:15.893 +05:30  DBG  Successfully processed template {controller=Home}/{action=Index}/{id?} for Route: {controller=Home}/{action=Index}/{id?} resulting in  and 
2023-01-02 12:44:15.893 +05:30  DBG  Link generation succeeded for endpoints ["Route: {controller=Home}/{action=Index}/{id?}"] with result /
2023-01-02 12:44:15.895 +05:30  DBG  Found the endpoints ["Route: {controller=Home}/{action=Index}/{id?}"] for address Microsoft.AspNetCore.Routing.RouteValuesAddress
2023-01-02 12:44:15.895 +05:30  DBG  Successfully processed template {controller=Home}/{action=Index}/{id?} for Route: {controller=Home}/{action=Index}/{id?} resulting in  and 
2023-01-02 12:44:15.895 +05:30  DBG  Link generation succeeded for endpoints ["Route: {controller=Home}/{action=Index}/{id?}"] with result /
2023-01-02 12:44:15.895 +05:30  DBG  Found the endpoints ["Route: {controller=Home}/{action=Index}/{id?}"] for address Microsoft.AspNetCore.Routing.RouteValuesAddress
2023-01-02 12:44:15.895 +05:30  DBG  Successfully processed template {controller=Home}/{action=Index}/{id?} for Route: {controller=Home}/{action=Index}/{id?} resulting in /FoodSite/CreateAccount and 
2023-01-02 12:44:15.896 +05:30  DBG  Link generation succeeded for endpoints ["Route: {controller=Home}/{action=Index}/{id?}"] with result /FoodSite/CreateAccount
2023-01-02 12:44:15.896 +05:30  DBG  Found the endpoints ["Route: {controller=Home}/{action=Index}/{id?}"] for address Microsoft.AspNetCore.Routing.RouteValuesAddress
2023-01-02 12:44:15.896 +05:30  DBG  Successfully processed template {controller=Home}/{action=Index}/{id?} for Route: {controller=Home}/{action=Index}/{id?} resulting in /FoodSite/Login and 
2023-01-02 12:44:15.896 +05:30  DBG  Link generation succeeded for endpoints ["Route: {controller=Home}/{action=Index}/{id?}"] with result /FoodSite/Login
2023-01-02 12:44:15.899 +05:30  DBG  View lookup cache miss for view '_Notification' in controller 'Home'.
2023-01-02 12:44:15.903 +05:30  DBG  The temp data cookie .AspNetCore.Mvc.CookieTempDataProvider was not found.
2023-01-02 12:44:15.903 +05:30  DBG  Found the endpoints ["Route: {controller=Home}/{action=Index}/{id?}"] for address Microsoft.AspNetCore.Routing.RouteValuesAddress
2023-01-02 12:44:15.903 +05:30  DBG  Successfully processed template {controller=Home}/{action=Index}/{id?} for Route: {controller=Home}/{action=Index}/{id?} resulting in /Home/Privacy and 
2023-01-02 12:44:15.903 +05:30  DBG  Link generation succeeded for endpoints ["Route: {controller=Home}/{action=Index}/{id?}"] with result /Home/Privacy
2023-01-02 12:44:16.077 +05:30  INF  Executed ViewResult - view Index executed in 293.1747ms.
2023-01-02 12:44:16.083 +05:30  INF  Executed action FoodDeliveryApplication.Controllers.HomeController.Index (FoodDeliveryApplication) in 301.7414ms
2023-01-02 12:44:16.083 +05:30  INF  Executed endpoint 'FoodDeliveryApplication.Controllers.HomeController.Index (FoodDeliveryApplication)'
2023-01-02 12:44:16.089 +05:30  DBG  Response markup is scheduled to include browser refresh script injection.
2023-01-02 12:44:16.115 +05:30  DBG  Response markup was updated to include browser refresh script injection.
2023-01-02 12:44:16.117 +05:30  DBG  Connection ID "17942340920544329741" disconnecting.
2023-01-02 12:44:16.120 +05:30  INF  Request finished HTTP/2 GET https://localhost:44339/ - - - 200 - text/html;+charset=utf-8 467.5932ms
2023-01-02 12:44:16.149 +05:30  INF  Request starting HTTP/2 GET https://localhost:44339/_framework/aspnetcore-browser-refresh.js - -
2023-01-02 12:44:16.159 +05:30  INF  Request finished HTTP/2 GET https://localhost:44339/_framework/aspnetcore-browser-refresh.js - - - 200 12004 application/javascript;+charset=utf-8 7.8084ms
2023-01-02 12:44:17.641 +05:30  INF  Request starting HTTP/2 GET https://localhost:44339/FoodSite/Login - -
2023-01-02 12:44:17.642 +05:30  DBG  The request path /FoodSite/Login does not match a supported file type
2023-01-02 12:44:17.643 +05:30  DBG  1 candidate(s) found for the request path '/FoodSite/Login'
2023-01-02 12:44:17.644 +05:30  DBG  Endpoint 'FoodDeliveryApplication.Controllers.FoodSiteController.Login (FoodDeliveryApplication)' with route pattern '{controller=Home}/{action=Index}/{id?}' is valid for the request path '/FoodSite/Login'
2023-01-02 12:44:17.644 +05:30  DBG  Request matched endpoint 'FoodDeliveryApplication.Controllers.FoodSiteController.Login (FoodDeliveryApplication)'
2023-01-02 12:44:17.645 +05:30  INF  Executing endpoint 'FoodDeliveryApplication.Controllers.FoodSiteController.Login (FoodDeliveryApplication)'
2023-01-02 12:44:17.648 +05:30  INF  Route matched with {action = "Login", controller = "FoodSite"}. Executing controller action with signature Microsoft.AspNetCore.Mvc.IActionResult Login() on controller FoodDeliveryApplication.Controllers.FoodSiteController (FoodDeliveryApplication).
2023-01-02 12:44:17.648 +05:30  DBG  Execution plan of authorization filters (in the following order): ["None"]
2023-01-02 12:44:17.648 +05:30  DBG  Execution plan of resource filters (in the following order): ["Microsoft.AspNetCore.Mvc.ViewFeatures.Filters.SaveTempDataFilter"]
2023-01-02 12:44:17.648 +05:30  DBG  Execution plan of action filters (in the following order): ["Microsoft.AspNetCore.Mvc.Filters.ControllerActionFilter (Order: -2147483648)","Microsoft.AspNetCore.Mvc.ModelBinding.UnsupportedContentTypeFilter (Order: -3000)"]
2023-01-02 12:44:17.648 +05:30  DBG  Execution plan of exception filters (in the following order): ["FoodDeliveryApplication.CustomExceptionFilter"]
2023-01-02 12:44:17.648 +05:30  DBG  Execution plan of result filters (in the following order): ["Microsoft.AspNetCore.Mvc.ViewFeatures.Filters.SaveTempDataFilter"]
2023-01-02 12:44:17.648 +05:30  DBG  Executing controller factory for controller FoodDeliveryApplication.Controllers.FoodSiteController (FoodDeliveryApplication)
2023-01-02 12:44:18.100 +05:30  DBG  Executed controller factory for controller FoodDeliveryApplication.Controllers.FoodSiteController (FoodDeliveryApplication)
2023-01-02 12:44:18.100 +05:30  INF  Login Triggered
2023-01-02 12:44:18.101 +05:30  DBG  View lookup cache miss for view 'Login' in controller 'FoodSite'.
2023-01-02 12:44:18.102 +05:30  INF  Executing ViewResult, running view Login.
2023-01-02 12:44:18.102 +05:30  DBG  The view path '/Views/FoodSite/Login.cshtml' was found in 0.9352ms.
2023-01-02 12:44:18.111 +05:30  DBG  An antiforgery cookie token was reused.
2023-01-02 12:44:18.261 +05:30  DBG  Found the endpoints ["Route: {controller=Home}/{action=Index}/{id?}"] for address Microsoft.AspNetCore.Routing.RouteValuesAddress
2023-01-02 12:44:18.262 +05:30  DBG  Successfully processed template {controller=Home}/{action=Index}/{id?} for Route: {controller=Home}/{action=Index}/{id?} resulting in /FoodSite/CreateAccount and 
2023-01-02 12:44:18.262 +05:30  DBG  Link generation succeeded for endpoints ["Route: {controller=Home}/{action=Index}/{id?}"] with result /FoodSite/CreateAccount
2023-01-02 12:44:18.262 +05:30  DBG  View lookup cache miss for view '_Layout' in controller 'FoodSite'.
2023-01-02 12:44:18.264 +05:30  DBG  Found the endpoints ["Route: {controller=Home}/{action=Index}/{id?}"] for address Microsoft.AspNetCore.Routing.RouteValuesAddress
2023-01-02 12:44:18.264 +05:30  DBG  Successfully processed template {controller=Home}/{action=Index}/{id?} for Route: {controller=Home}/{action=Index}/{id?} resulting in  and 
2023-01-02 12:44:18.264 +05:30  DBG  Link generation succeeded for endpoints ["Route: {controller=Home}/{action=Index}/{id?}"] with result /
2023-01-02 12:44:18.264 +05:30  DBG  Found the endpoints ["Route: {controller=Home}/{action=Index}/{id?}"] for address Microsoft.AspNetCore.Routing.RouteValuesAddress
2023-01-02 12:44:18.264 +05:30  DBG  Successfully processed template {controller=Home}/{action=Index}/{id?} for Route: {controller=Home}/{action=Index}/{id?} resulting in  and 
2023-01-02 12:44:18.264 +05:30  DBG  Link generation succeeded for endpoints ["Route: {controller=Home}/{action=Index}/{id?}"] with result /
2023-01-02 12:44:18.264 +05:30  DBG  Found the endpoints ["Route: {controller=Home}/{action=Index}/{id?}"] for address Microsoft.AspNetCore.Routing.RouteValuesAddress
2023-01-02 12:44:18.264 +05:30  DBG  Successfully processed template {controller=Home}/{action=Index}/{id?} for Route: {controller=Home}/{action=Index}/{id?} resulting in /FoodSite/CreateAccount and 
2023-01-02 12:44:18.264 +05:30  DBG  Link generation succeeded for endpoints ["Route: {controller=Home}/{action=Index}/{id?}"] with result /FoodSite/CreateAccount
2023-01-02 12:44:18.264 +05:30  DBG  Found the endpoints ["Route: {controller=Home}/{action=Index}/{id?}"] for address Microsoft.AspNetCore.Routing.RouteValuesAddress
2023-01-02 12:44:18.264 +05:30  DBG  Successfully processed template {controller=Home}/{action=Index}/{id?} for Route: {controller=Home}/{action=Index}/{id?} resulting in /FoodSite/Login and 
2023-01-02 12:44:18.264 +05:30  DBG  Link generation succeeded for endpoints ["Route: {controller=Home}/{action=Index}/{id?}"] with result /FoodSite/Login
2023-01-02 12:44:18.265 +05:30  DBG  View lookup cache miss for view '_Notification' in controller 'FoodSite'.
2023-01-02 12:44:18.265 +05:30  DBG  The temp data cookie .AspNetCore.Mvc.CookieTempDataProvider was not found.
2023-01-02 12:44:18.265 +05:30  DBG  Found the endpoints ["Route: {controller=Home}/{action=Index}/{id?}"] for address Microsoft.AspNetCore.Routing.RouteValuesAddress
2023-01-02 12:44:18.266 +05:30  DBG  Successfully processed template {controller=Home}/{action=Index}/{id?} for Route: {controller=Home}/{action=Index}/{id?} resulting in /Home/Privacy and 
2023-01-02 12:44:18.266 +05:30  DBG  Link generation succeeded for endpoints ["Route: {controller=Home}/{action=Index}/{id?}"] with result /Home/Privacy
2023-01-02 12:44:18.272 +05:30  INF  Executed ViewResult - view Login executed in 171.7204ms.
2023-01-02 12:44:18.273 +05:30  INF  Executed action FoodDeliveryApplication.Controllers.FoodSiteController.Login (FoodDeliveryApplication) in 625.1393ms
2023-01-02 12:44:18.273 +05:30  INF  Executed endpoint 'FoodDeliveryApplication.Controllers.FoodSiteController.Login (FoodDeliveryApplication)'
2023-01-02 12:44:18.275 +05:30  DBG  Response markup is scheduled to include browser refresh script injection.
2023-01-02 12:44:18.276 +05:30  DBG  Response markup was updated to include browser refresh script injection.
2023-01-02 12:44:18.276 +05:30  DBG  Connection ID "17942340920544329743" disconnecting.
2023-01-02 12:44:18.276 +05:30  INF  Request finished HTTP/2 GET https://localhost:44339/FoodSite/Login - - - 200 - text/html;+charset=utf-8 635.6486ms
2023-01-02 12:44:18.315 +05:30  INF  Request starting HTTP/2 GET https://localhost:44339/_framework/aspnetcore-browser-refresh.js - -
2023-01-02 12:44:18.316 +05:30  INF  Request finished HTTP/2 GET https://localhost:44339/_framework/aspnetcore-browser-refresh.js - - - 200 12004 application/javascript;+charset=utf-8 1.0310ms
2023-01-02 12:44:21.137 +05:30  INF  Request starting HTTP/2 POST https://localhost:44339/FoodSite/Login application/x-www-form-urlencoded 211
2023-01-02 12:44:21.138 +05:30  DBG  POST requests are not supported
2023-01-02 12:44:21.141 +05:30  DBG  2 candidate(s) found for the request path '/FoodSite/Login'
2023-01-02 12:44:21.141 +05:30  DBG  Endpoint 'FoodDeliveryApplication.Controllers.FoodSiteController.Login (FoodDeliveryApplication)' with route pattern '{controller=Home}/{action=Index}/{id?}' is valid for the request path '/FoodSite/Login'
2023-01-02 12:44:21.141 +05:30  DBG  Endpoint 'FoodDeliveryApplication.Controllers.FoodSiteController.Login (FoodDeliveryApplication)' with route pattern '{controller=Home}/{action=Index}/{id?}' is valid for the request path '/FoodSite/Login'
2023-01-02 12:44:21.141 +05:30  DBG  Request matched endpoint 'FoodDeliveryApplication.Controllers.FoodSiteController.Login (FoodDeliveryApplication)'
2023-01-02 12:44:21.142 +05:30  INF  Executing endpoint 'FoodDeliveryApplication.Controllers.FoodSiteController.Login (FoodDeliveryApplication)'
2023-01-02 12:44:21.162 +05:30  INF  Route matched with {action = "Login", controller = "FoodSite"}. Executing controller action with signature System.Threading.Tasks.Task`1[Microsoft.AspNetCore.Mvc.IActionResult] Login(FoodDeliveryApplication.Models.LoginDetails) on controller FoodDeliveryApplication.Controllers.FoodSiteController (FoodDeliveryApplication).
2023-01-02 12:44:21.162 +05:30  DBG  Execution plan of authorization filters (in the following order): ["None"]
2023-01-02 12:44:21.162 +05:30  DBG  Execution plan of resource filters (in the following order): ["Microsoft.AspNetCore.Mvc.ViewFeatures.Filters.SaveTempDataFilter"]
2023-01-02 12:44:21.163 +05:30  DBG  Execution plan of action filters (in the following order): ["Microsoft.AspNetCore.Mvc.Filters.ControllerActionFilter (Order: -2147483648)","Microsoft.AspNetCore.Mvc.ModelBinding.UnsupportedContentTypeFilter (Order: -3000)"]
2023-01-02 12:44:21.163 +05:30  DBG  Execution plan of exception filters (in the following order): ["FoodDeliveryApplication.CustomExceptionFilter"]
2023-01-02 12:44:21.163 +05:30  DBG  Execution plan of result filters (in the following order): ["Microsoft.AspNetCore.Mvc.ViewFeatures.Filters.SaveTempDataFilter"]
2023-01-02 12:44:21.163 +05:30  DBG  Executing controller factory for controller FoodDeliveryApplication.Controllers.FoodSiteController (FoodDeliveryApplication)
2023-01-02 12:44:21.172 +05:30  DBG  Executed controller factory for controller FoodDeliveryApplication.Controllers.FoodSiteController (FoodDeliveryApplication)
2023-01-02 12:44:21.187 +05:30  DBG  Attempting to bind parameter 'login' of type 'FoodDeliveryApplication.Models.LoginDetails' ...
2023-01-02 12:44:21.190 +05:30  DBG  Attempting to bind parameter 'login' of type 'FoodDeliveryApplication.Models.LoginDetails' using the name '' in request data ...
2023-01-02 12:44:21.192 +05:30  DBG  Attempting to bind property 'FoodDeliveryApplication.Models.LoginDetails.UserName' of type 'System.String' using the name 'UserName' in request data ...
2023-01-02 12:44:21.193 +05:30  DBG  Done attempting to bind property 'FoodDeliveryApplication.Models.LoginDetails.UserName' of type 'System.String'.
2023-01-02 12:44:21.196 +05:30  DBG  Attempting to bind property 'FoodDeliveryApplication.Models.LoginDetails.Password' of type 'System.String' using the name 'Password' in request data ...
2023-01-02 12:44:21.196 +05:30  DBG  Done attempting to bind property 'FoodDeliveryApplication.Models.LoginDetails.Password' of type 'System.String'.
2023-01-02 12:44:21.197 +05:30  DBG  Done attempting to bind parameter 'login' of type 'FoodDeliveryApplication.Models.LoginDetails'.
2023-01-02 12:44:21.197 +05:30  DBG  Done attempting to bind parameter 'login' of type 'FoodDeliveryApplication.Models.LoginDetails'.
2023-01-02 12:44:21.197 +05:30  DBG  Attempting to validate the bound parameter 'login' of type 'FoodDeliveryApplication.Models.LoginDetails' ...
2023-01-02 12:44:21.207 +05:30  DBG  Done attempting to validate the bound parameter 'login' of type 'FoodDeliveryApplication.Models.LoginDetails'.
2023-01-02 12:44:22.758 +05:30  DBG  Found the endpoints ["Route: {controller=Home}/{action=Index}/{id?}"] for address Microsoft.AspNetCore.Routing.RouteValuesAddress
2023-01-02 12:44:22.758 +05:30  DBG  Successfully processed template {controller=Home}/{action=Index}/{id?} for Route: {controller=Home}/{action=Index}/{id?} resulting in /FoodSite/Restaurants and 
2023-01-02 12:44:22.759 +05:30  DBG  Link generation succeeded for endpoints ["Route: {controller=Home}/{action=Index}/{id?}"] with result /FoodSite/Restaurants
2023-01-02 12:44:22.759 +05:30  INF  Executing RedirectResult, redirecting to /FoodSite/Restaurants.
2023-01-02 12:44:22.759 +05:30  INF  Executed action FoodDeliveryApplication.Controllers.FoodSiteController.Login (FoodDeliveryApplication) in 1596.7093ms
2023-01-02 12:44:22.760 +05:30  INF  Executed endpoint 'FoodDeliveryApplication.Controllers.FoodSiteController.Login (FoodDeliveryApplication)'
2023-01-02 12:44:22.761 +05:30  INF  Session started; Key:f0a59ad0-fc0f-18bb-3573-9a3f86c85b10, Id:8cfbb377-de79-c106-716c-93bff2ddbb92
2023-01-02 12:44:22.773 +05:30  DBG  Session stored; Key:f0a59ad0-fc0f-18bb-3573-9a3f86c85b10, Id:8cfbb377-de79-c106-716c-93bff2ddbb92, Count:3
2023-01-02 12:44:22.775 +05:30  DBG  Connection ID "17798225745353375755" disconnecting.
2023-01-02 12:44:22.775 +05:30  INF  Request finished HTTP/2 POST https://localhost:44339/FoodSite/Login application/x-www-form-urlencoded 211 - 302 - - 1637.6640ms
2023-01-02 12:44:22.778 +05:30  INF  Request starting HTTP/2 GET https://localhost:44339/FoodSite/Restaurants - -
2023-01-02 12:44:22.779 +05:30  DBG  The request path /FoodSite/Restaurants does not match a supported file type
2023-01-02 12:44:22.779 +05:30  DBG  1 candidate(s) found for the request path '/FoodSite/Restaurants'
2023-01-02 12:44:22.779 +05:30  DBG  Endpoint 'FoodDeliveryApplication.Controllers.FoodSiteController.Restaurants (FoodDeliveryApplication)' with route pattern '{controller=Home}/{action=Index}/{id?}' is valid for the request path '/FoodSite/Restaurants'
2023-01-02 12:44:22.779 +05:30  DBG  Request matched endpoint 'FoodDeliveryApplication.Controllers.FoodSiteController.Restaurants (FoodDeliveryApplication)'
2023-01-02 12:44:22.779 +05:30  INF  Executing endpoint 'FoodDeliveryApplication.Controllers.FoodSiteController.Restaurants (FoodDeliveryApplication)'
2023-01-02 12:44:22.782 +05:30  INF  Route matched with {action = "Restaurants", controller = "FoodSite"}. Executing controller action with signature System.Threading.Tasks.Task`1[Microsoft.AspNetCore.Mvc.IActionResult] Restaurants() on controller FoodDeliveryApplication.Controllers.FoodSiteController (FoodDeliveryApplication).
2023-01-02 12:44:22.782 +05:30  DBG  Execution plan of authorization filters (in the following order): ["None"]
2023-01-02 12:44:22.782 +05:30  DBG  Execution plan of resource filters (in the following order): ["Microsoft.AspNetCore.Mvc.ViewFeatures.Filters.SaveTempDataFilter"]
2023-01-02 12:44:22.782 +05:30  DBG  Execution plan of action filters (in the following order): ["Microsoft.AspNetCore.Mvc.Filters.ControllerActionFilter (Order: -2147483648)","Microsoft.AspNetCore.Mvc.ModelBinding.UnsupportedContentTypeFilter (Order: -3000)"]
2023-01-02 12:44:22.782 +05:30  DBG  Execution plan of exception filters (in the following order): ["FoodDeliveryApplication.CustomExceptionFilter"]
2023-01-02 12:44:22.782 +05:30  DBG  Execution plan of result filters (in the following order): ["Microsoft.AspNetCore.Mvc.ViewFeatures.Filters.SaveTempDataFilter"]
2023-01-02 12:44:22.782 +05:30  DBG  Executing controller factory for controller FoodDeliveryApplication.Controllers.FoodSiteController (FoodDeliveryApplication)
2023-01-02 12:44:22.787 +05:30  DBG  Executed controller factory for controller FoodDeliveryApplication.Controllers.FoodSiteController (FoodDeliveryApplication)
2023-01-02 12:44:22.788 +05:30  DBG  Session loaded; Key:f0a59ad0-fc0f-18bb-3573-9a3f86c85b10, Id:8cfbb377-de79-c106-716c-93bff2ddbb92, Count:3
2023-01-02 12:44:22.986 +05:30  DBG  View lookup cache miss for view 'Restaurants' in controller 'FoodSite'.
2023-01-02 12:44:22.988 +05:30  INF  Executing ViewResult, running view Restaurants.
2023-01-02 12:44:22.988 +05:30  DBG  The view path '/Views/FoodSite/Restaurants.cshtml' was found in 1.2183ms.
2023-01-02 12:44:22.996 +05:30  DBG  An antiforgery cookie token was reused.
2023-01-02 12:44:23.000 +05:30  DBG  Found the endpoints ["Route: {controller=Home}/{action=Index}/{id?}"] for address Microsoft.AspNetCore.Routing.RouteValuesAddress
2023-01-02 12:44:23.000 +05:30  DBG  Successfully processed template {controller=Home}/{action=Index}/{id?} for Route: {controller=Home}/{action=Index}/{id?} resulting in /FoodSite/Search and 
2023-01-02 12:44:23.001 +05:30  DBG  Link generation succeeded for endpoints ["Route: {controller=Home}/{action=Index}/{id?}"] with result /FoodSite/Search
2023-01-02 12:44:23.002 +05:30  DBG  Found the endpoints ["Route: {controller=Home}/{action=Index}/{id?}"] for address Microsoft.AspNetCore.Routing.RouteValuesAddress
2023-01-02 12:44:23.002 +05:30  DBG  Successfully processed template {controller=Home}/{action=Index}/{id?} for Route: {controller=Home}/{action=Index}/{id?} resulting in /FoodSite/Logout and 
2023-01-02 12:44:23.002 +05:30  DBG  Link generation succeeded for endpoints ["Route: {controller=Home}/{action=Index}/{id?}"] with result /FoodSite/Logout
2023-01-02 12:44:23.002 +05:30  DBG  Found the endpoints ["Route: {controller=Home}/{action=Index}/{id?}"] for address Microsoft.AspNetCore.Routing.RouteValuesAddress
2023-01-02 12:44:23.002 +05:30  DBG  Successfully processed template {controller=Home}/{action=Index}/{id?} for Route: {controller=Home}/{action=Index}/{id?} resulting in /FoodSite/OrderStatus and 
2023-01-02 12:44:23.002 +05:30  DBG  Link generation succeeded for endpoints ["Route: {controller=Home}/{action=Index}/{id?}"] with result /FoodSite/OrderStatus
2023-01-02 12:44:23.003 +05:30  DBG  Found the endpoints ["Route: {controller=Home}/{action=Index}/{id?}"] for address Microsoft.AspNetCore.Routing.RouteValuesAddress
2023-01-02 12:44:23.003 +05:30  DBG  Successfully processed template {controller=Home}/{action=Index}/{id?} for Route: {controller=Home}/{action=Index}/{id?} resulting in /FoodSite/Cart and 
2023-01-02 12:44:23.003 +05:30  DBG  Link generation succeeded for endpoints ["Route: {controller=Home}/{action=Index}/{id?}"] with result /FoodSite/Cart
2023-01-02 12:44:23.003 +05:30  DBG  Found the endpoints ["Route: {controller=Home}/{action=Index}/{id?}"] for address Microsoft.AspNetCore.Routing.RouteValuesAddress
2023-01-02 12:44:23.003 +05:30  DBG  Successfully processed template {controller=Home}/{action=Index}/{id?} for Route: {controller=Home}/{action=Index}/{id?} resulting in /FoodSite/RestaurantMenu/1 and 
2023-01-02 12:44:23.003 +05:30  DBG  Link generation succeeded for endpoints ["Route: {controller=Home}/{action=Index}/{id?}"] with result /FoodSite/RestaurantMenu/1
2023-01-02 12:44:23.004 +05:30  DBG  Found the endpoints ["Route: {controller=Home}/{action=Index}/{id?}"] for address Microsoft.AspNetCore.Routing.RouteValuesAddress
2023-01-02 12:44:23.004 +05:30  DBG  Successfully processed template {controller=Home}/{action=Index}/{id?} for Route: {controller=Home}/{action=Index}/{id?} resulting in /FoodSite/RestaurantMenu/2 and 
2023-01-02 12:44:23.004 +05:30  DBG  Link generation succeeded for endpoints ["Route: {controller=Home}/{action=Index}/{id?}"] with result /FoodSite/RestaurantMenu/2
2023-01-02 12:44:23.005 +05:30  DBG  Found the endpoints ["Route: {controller=Home}/{action=Index}/{id?}"] for address Microsoft.AspNetCore.Routing.RouteValuesAddress
2023-01-02 12:44:23.005 +05:30  DBG  Successfully processed template {controller=Home}/{action=Index}/{id?} for Route: {controller=Home}/{action=Index}/{id?} resulting in /FoodSite/RestaurantMenu/3 and 
2023-01-02 12:44:23.005 +05:30  DBG  Link generation succeeded for endpoints ["Route: {controller=Home}/{action=Index}/{id?}"] with result /FoodSite/RestaurantMenu/3
2023-01-02 12:44:23.005 +05:30  DBG  Found the endpoints ["Route: {controller=Home}/{action=Index}/{id?}"] for address Microsoft.AspNetCore.Routing.RouteValuesAddress
2023-01-02 12:44:23.006 +05:30  DBG  Successfully processed template {controller=Home}/{action=Index}/{id?} for Route: {controller=Home}/{action=Index}/{id?} resulting in /FoodSite/RestaurantMenu/4 and 
2023-01-02 12:44:23.006 +05:30  DBG  Link generation succeeded for endpoints ["Route: {controller=Home}/{action=Index}/{id?}"] with result /FoodSite/RestaurantMenu/4
2023-01-02 12:44:23.006 +05:30  DBG  View lookup cache hit for view '_Layout' in controller 'FoodSite'.
2023-01-02 12:44:23.006 +05:30  DBG  Found the endpoints ["Route: {controller=Home}/{action=Index}/{id?}"] for address Microsoft.AspNetCore.Routing.RouteValuesAddress
2023-01-02 12:44:23.006 +05:30  DBG  Successfully processed template {controller=Home}/{action=Index}/{id?} for Route: {controller=Home}/{action=Index}/{id?} resulting in  and 
2023-01-02 12:44:23.006 +05:30  DBG  Link generation succeeded for endpoints ["Route: {controller=Home}/{action=Index}/{id?}"] with result /
2023-01-02 12:44:23.007 +05:30  DBG  Found the endpoints ["Route: {controller=Home}/{action=Index}/{id?}"] for address Microsoft.AspNetCore.Routing.RouteValuesAddress
2023-01-02 12:44:23.007 +05:30  DBG  Successfully processed template {controller=Home}/{action=Index}/{id?} for Route: {controller=Home}/{action=Index}/{id?} resulting in  and 
2023-01-02 12:44:23.007 +05:30  DBG  Link generation succeeded for endpoints ["Route: {controller=Home}/{action=Index}/{id?}"] with result /
2023-01-02 12:44:23.007 +05:30  DBG  Found the endpoints ["Route: {controller=Home}/{action=Index}/{id?}"] for address Microsoft.AspNetCore.Routing.RouteValuesAddress
2023-01-02 12:44:23.007 +05:30  DBG  Successfully processed template {controller=Home}/{action=Index}/{id?} for Route: {controller=Home}/{action=Index}/{id?} resulting in /FoodSite/CreateAccount and 
2023-01-02 12:44:23.007 +05:30  DBG  Link generation succeeded for endpoints ["Route: {controller=Home}/{action=Index}/{id?}"] with result /FoodSite/CreateAccount
2023-01-02 12:44:23.007 +05:30  DBG  Found the endpoints ["Route: {controller=Home}/{action=Index}/{id?}"] for address Microsoft.AspNetCore.Routing.RouteValuesAddress
2023-01-02 12:44:23.007 +05:30  DBG  Successfully processed template {controller=Home}/{action=Index}/{id?} for Route: {controller=Home}/{action=Index}/{id?} resulting in /FoodSite/Login and 
2023-01-02 12:44:23.007 +05:30  DBG  Link generation succeeded for endpoints ["Route: {controller=Home}/{action=Index}/{id?}"] with result /FoodSite/Login
2023-01-02 12:44:23.007 +05:30  DBG  View lookup cache hit for view '_Notification' in controller 'FoodSite'.
2023-01-02 12:44:23.007 +05:30  DBG  The temp data cookie .AspNetCore.Mvc.CookieTempDataProvider was not found.
2023-01-02 12:44:23.007 +05:30  DBG  Found the endpoints ["Route: {controller=Home}/{action=Index}/{id?}"] for address Microsoft.AspNetCore.Routing.RouteValuesAddress
2023-01-02 12:44:23.007 +05:30  DBG  Successfully processed template {controller=Home}/{action=Index}/{id?} for Route: {controller=Home}/{action=Index}/{id?} resulting in /Home/Privacy and 
2023-01-02 12:44:23.007 +05:30  DBG  Link generation succeeded for endpoints ["Route: {controller=Home}/{action=Index}/{id?}"] with result /Home/Privacy
2023-01-02 12:44:23.015 +05:30  INF  Executed ViewResult - view Restaurants executed in 28.2687ms.
2023-01-02 12:44:23.015 +05:30  INF  Executed action FoodDeliveryApplication.Controllers.FoodSiteController.Restaurants (FoodDeliveryApplication) in 232.7934ms
2023-01-02 12:44:23.015 +05:30  INF  Executed endpoint 'FoodDeliveryApplication.Controllers.FoodSiteController.Restaurants (FoodDeliveryApplication)'
2023-01-02 12:44:23.022 +05:30  DBG  Response markup is scheduled to include browser refresh script injection.
2023-01-02 12:44:23.029 +05:30  DBG  Response markup was updated to include browser refresh script injection.
2023-01-02 12:44:23.042 +05:30  DBG  Connection ID "17870283335096336385" disconnecting.
2023-01-02 12:44:23.042 +05:30  INF  Request finished HTTP/2 GET https://localhost:44339/FoodSite/Restaurants - - - 200 - text/html;+charset=utf-8 263.7925ms
2023-01-02 12:44:23.077 +05:30  INF  Request starting HTTP/2 GET https://localhost:44339/_framework/aspnetcore-browser-refresh.js - -
2023-01-02 12:44:23.079 +05:30  INF  Request finished HTTP/2 GET https://localhost:44339/_framework/aspnetcore-browser-refresh.js - - - 200 12004 application/javascript;+charset=utf-8 1.1219ms
2023-01-02 12:44:27.552 +05:30  INF  Request starting HTTP/2 GET https://localhost:44339/FoodSite/RestaurantMenu/1 - -
2023-01-02 12:44:27.553 +05:30  DBG  The request path /FoodSite/RestaurantMenu/1 does not match a supported file type
2023-01-02 12:44:27.553 +05:30  DBG  1 candidate(s) found for the request path '/FoodSite/RestaurantMenu/1'
2023-01-02 12:44:27.553 +05:30  DBG  Endpoint 'FoodDeliveryApplication.Controllers.FoodSiteController.RestaurantMenu (FoodDeliveryApplication)' with route pattern '{controller=Home}/{action=Index}/{id?}' is valid for the request path '/FoodSite/RestaurantMenu/1'
2023-01-02 12:44:27.553 +05:30  DBG  Request matched endpoint 'FoodDeliveryApplication.Controllers.FoodSiteController.RestaurantMenu (FoodDeliveryApplication)'
2023-01-02 12:44:27.553 +05:30  INF  Executing endpoint 'FoodDeliveryApplication.Controllers.FoodSiteController.RestaurantMenu (FoodDeliveryApplication)'
2023-01-02 12:44:27.557 +05:30  INF  Route matched with {action = "RestaurantMenu", controller = "FoodSite"}. Executing controller action with signature System.Threading.Tasks.Task`1[Microsoft.AspNetCore.Mvc.IActionResult] RestaurantMenu(Int32) on controller FoodDeliveryApplication.Controllers.FoodSiteController (FoodDeliveryApplication).
2023-01-02 12:44:27.558 +05:30  DBG  Execution plan of authorization filters (in the following order): ["None"]
2023-01-02 12:44:27.558 +05:30  DBG  Execution plan of resource filters (in the following order): ["Microsoft.AspNetCore.Mvc.ViewFeatures.Filters.SaveTempDataFilter"]
2023-01-02 12:44:27.558 +05:30  DBG  Execution plan of action filters (in the following order): ["Microsoft.AspNetCore.Mvc.Filters.ControllerActionFilter (Order: -2147483648)","Microsoft.AspNetCore.Mvc.ModelBinding.UnsupportedContentTypeFilter (Order: -3000)"]
2023-01-02 12:44:27.558 +05:30  DBG  Execution plan of exception filters (in the following order): ["FoodDeliveryApplication.CustomExceptionFilter"]
2023-01-02 12:44:27.558 +05:30  DBG  Execution plan of result filters (in the following order): ["Microsoft.AspNetCore.Mvc.ViewFeatures.Filters.SaveTempDataFilter"]
2023-01-02 12:44:27.558 +05:30  DBG  Executing controller factory for controller FoodDeliveryApplication.Controllers.FoodSiteController (FoodDeliveryApplication)
2023-01-02 12:44:27.562 +05:30  DBG  Executed controller factory for controller FoodDeliveryApplication.Controllers.FoodSiteController (FoodDeliveryApplication)
2023-01-02 12:44:27.562 +05:30  DBG  Attempting to bind parameter 'Id' of type 'System.Int32' ...
2023-01-02 12:44:27.563 +05:30  DBG  Attempting to bind parameter 'Id' of type 'System.Int32' using the name 'Id' in request data ...
2023-01-02 12:44:27.564 +05:30  DBG  Done attempting to bind parameter 'Id' of type 'System.Int32'.
2023-01-02 12:44:27.564 +05:30  DBG  Done attempting to bind parameter 'Id' of type 'System.Int32'.
2023-01-02 12:44:27.564 +05:30  DBG  Attempting to validate the bound parameter 'Id' of type 'System.Int32' ...
2023-01-02 12:44:27.564 +05:30  DBG  Done attempting to validate the bound parameter 'Id' of type 'System.Int32'.
2023-01-02 12:44:27.566 +05:30  DBG  Session loaded; Key:f0a59ad0-fc0f-18bb-3573-9a3f86c85b10, Id:8cfbb377-de79-c106-716c-93bff2ddbb92, Count:3
2023-01-02 12:44:27.612 +05:30  DBG  View lookup cache miss for view 'Menu' in controller 'FoodSite'.
2023-01-02 12:44:27.613 +05:30  INF  Executing ViewResult, running view Menu.
2023-01-02 12:44:27.613 +05:30  DBG  The view path '/Views/FoodSite/Menu.cshtml' was found in 1.143ms.
2023-01-02 12:44:27.618 +05:30  DBG  Found the endpoints ["Route: {controller=Home}/{action=Index}/{id?}"] for address Microsoft.AspNetCore.Routing.RouteValuesAddress
2023-01-02 12:44:27.618 +05:30  DBG  Successfully processed template {controller=Home}/{action=Index}/{id?} for Route: {controller=Home}/{action=Index}/{id?} resulting in /FoodSite/Logout and 
2023-01-02 12:44:27.618 +05:30  DBG  Link generation succeeded for endpoints ["Route: {controller=Home}/{action=Index}/{id?}"] with result /FoodSite/Logout
2023-01-02 12:44:27.619 +05:30  DBG  Found the endpoints ["Route: {controller=Home}/{action=Index}/{id?}"] for address Microsoft.AspNetCore.Routing.RouteValuesAddress
2023-01-02 12:44:27.619 +05:30  DBG  Successfully processed template {controller=Home}/{action=Index}/{id?} for Route: {controller=Home}/{action=Index}/{id?} resulting in /FoodSite/OrderStatus and 
2023-01-02 12:44:27.619 +05:30  DBG  Link generation succeeded for endpoints ["Route: {controller=Home}/{action=Index}/{id?}"] with result /FoodSite/OrderStatus
2023-01-02 12:44:27.619 +05:30  DBG  Found the endpoints ["Route: {controller=Home}/{action=Index}/{id?}"] for address Microsoft.AspNetCore.Routing.RouteValuesAddress
2023-01-02 12:44:27.619 +05:30  DBG  Successfully processed template {controller=Home}/{action=Index}/{id?} for Route: {controller=Home}/{action=Index}/{id?} resulting in /FoodSite/Cart and 
2023-01-02 12:44:27.619 +05:30  DBG  Link generation succeeded for endpoints ["Route: {controller=Home}/{action=Index}/{id?}"] with result /FoodSite/Cart
2023-01-02 12:44:27.619 +05:30  DBG  Found the endpoints ["Route: {controller=Home}/{action=Index}/{id?}"] for address Microsoft.AspNetCore.Routing.RouteValuesAddress
2023-01-02 12:44:27.619 +05:30  DBG  Successfully processed template {controller=Home}/{action=Index}/{id?} for Route: {controller=Home}/{action=Index}/{id?} resulting in /FoodSite/AddToCart and 
2023-01-02 12:44:27.619 +05:30  DBG  Link generation succeeded for endpoints ["Route: {controller=Home}/{action=Index}/{id?}"] with result /FoodSite/AddToCart
2023-01-02 12:44:27.619 +05:30  DBG  An antiforgery cookie token was reused.
2023-01-02 12:44:27.621 +05:30  DBG  Found the endpoints ["Route: {controller=Home}/{action=Index}/{id?}"] for address Microsoft.AspNetCore.Routing.RouteValuesAddress
2023-01-02 12:44:27.621 +05:30  DBG  Successfully processed template {controller=Home}/{action=Index}/{id?} for Route: {controller=Home}/{action=Index}/{id?} resulting in /FoodSite/AddToCart and 
2023-01-02 12:44:27.621 +05:30  DBG  Link generation succeeded for endpoints ["Route: {controller=Home}/{action=Index}/{id?}"] with result /FoodSite/AddToCart
2023-01-02 12:44:27.621 +05:30  DBG  An antiforgery cookie token was reused.
2023-01-02 12:44:27.622 +05:30  DBG  Found the endpoints ["Route: {controller=Home}/{action=Index}/{id?}"] for address Microsoft.AspNetCore.Routing.RouteValuesAddress
2023-01-02 12:44:27.622 +05:30  DBG  Successfully processed template {controller=Home}/{action=Index}/{id?} for Route: {controller=Home}/{action=Index}/{id?} resulting in /FoodSite/AddToCart and 
2023-01-02 12:44:27.622 +05:30  DBG  Link generation succeeded for endpoints ["Route: {controller=Home}/{action=Index}/{id?}"] with result /FoodSite/AddToCart
2023-01-02 12:44:27.622 +05:30  DBG  An antiforgery cookie token was reused.
2023-01-02 12:44:27.623 +05:30  DBG  View lookup cache hit for view '_Layout' in controller 'FoodSite'.
2023-01-02 12:44:27.623 +05:30  DBG  Found the endpoints ["Route: {controller=Home}/{action=Index}/{id?}"] for address Microsoft.AspNetCore.Routing.RouteValuesAddress
2023-01-02 12:44:27.623 +05:30  DBG  Successfully processed template {controller=Home}/{action=Index}/{id?} for Route: {controller=Home}/{action=Index}/{id?} resulting in  and 
2023-01-02 12:44:27.623 +05:30  DBG  Link generation succeeded for endpoints ["Route: {controller=Home}/{action=Index}/{id?}"] with result /
2023-01-02 12:44:27.624 +05:30  DBG  Found the endpoints ["Route: {controller=Home}/{action=Index}/{id?}"] for address Microsoft.AspNetCore.Routing.RouteValuesAddress
2023-01-02 12:44:27.624 +05:30  DBG  Successfully processed template {controller=Home}/{action=Index}/{id?} for Route: {controller=Home}/{action=Index}/{id?} resulting in  and 
2023-01-02 12:44:27.624 +05:30  DBG  Link generation succeeded for endpoints ["Route: {controller=Home}/{action=Index}/{id?}"] with result /
2023-01-02 12:44:27.624 +05:30  DBG  Found the endpoints ["Route: {controller=Home}/{action=Index}/{id?}"] for address Microsoft.AspNetCore.Routing.RouteValuesAddress
2023-01-02 12:44:27.624 +05:30  DBG  Successfully processed template {controller=Home}/{action=Index}/{id?} for Route: {controller=Home}/{action=Index}/{id?} resulting in /FoodSite/CreateAccount and 
2023-01-02 12:44:27.624 +05:30  DBG  Link generation succeeded for endpoints ["Route: {controller=Home}/{action=Index}/{id?}"] with result /FoodSite/CreateAccount
2023-01-02 12:44:27.624 +05:30  DBG  Found the endpoints ["Route: {controller=Home}/{action=Index}/{id?}"] for address Microsoft.AspNetCore.Routing.RouteValuesAddress
2023-01-02 12:44:27.624 +05:30  DBG  Successfully processed template {controller=Home}/{action=Index}/{id?} for Route: {controller=Home}/{action=Index}/{id?} resulting in /FoodSite/Login and 
2023-01-02 12:44:27.624 +05:30  DBG  Link generation succeeded for endpoints ["Route: {controller=Home}/{action=Index}/{id?}"] with result /FoodSite/Login
2023-01-02 12:44:27.624 +05:30  DBG  View lookup cache hit for view '_Notification' in controller 'FoodSite'.
2023-01-02 12:44:27.624 +05:30  DBG  The temp data cookie .AspNetCore.Mvc.CookieTempDataProvider was not found.
2023-01-02 12:44:27.624 +05:30  DBG  Found the endpoints ["Route: {controller=Home}/{action=Index}/{id?}"] for address Microsoft.AspNetCore.Routing.RouteValuesAddress
2023-01-02 12:44:27.624 +05:30  DBG  Successfully processed template {controller=Home}/{action=Index}/{id?} for Route: {controller=Home}/{action=Index}/{id?} resulting in /Home/Privacy and 
2023-01-02 12:44:27.624 +05:30  DBG  Link generation succeeded for endpoints ["Route: {controller=Home}/{action=Index}/{id?}"] with result /Home/Privacy
2023-01-02 12:44:27.630 +05:30  INF  Executed ViewResult - view Menu executed in 18.2325ms.
2023-01-02 12:44:27.630 +05:30  INF  Executed action FoodDeliveryApplication.Controllers.FoodSiteController.RestaurantMenu (FoodDeliveryApplication) in 72.5769ms
2023-01-02 12:44:27.630 +05:30  INF  Executed endpoint 'FoodDeliveryApplication.Controllers.FoodSiteController.RestaurantMenu (FoodDeliveryApplication)'
2023-01-02 12:44:27.633 +05:30  DBG  Response markup is scheduled to include browser refresh script injection.
2023-01-02 12:44:27.640 +05:30  DBG  Response markup was updated to include browser refresh script injection.
2023-01-02 12:44:27.647 +05:30  DBG  Connection ID "18374686510541701154" disconnecting.
2023-01-02 12:44:27.647 +05:30  INF  Request finished HTTP/2 GET https://localhost:44339/FoodSite/RestaurantMenu/1 - - - 200 - text/html;+charset=utf-8 94.9917ms
2023-01-02 12:44:27.671 +05:30  INF  Request starting HTTP/2 GET https://localhost:44339/_framework/aspnetcore-browser-refresh.js - -
2023-01-02 12:44:27.672 +05:30  INF  Request finished HTTP/2 GET https://localhost:44339/_framework/aspnetcore-browser-refresh.js - - - 200 12004 application/javascript;+charset=utf-8 1.0104ms
