2022-12-15 15:46:19.351 +05:30  ERR  An error encountered while processing the request
2022-12-15 15:46:21.748 +05:30  ERR  An error encountered while processing the request
2022-12-15 15:46:44.369 +05:30  DBG  Initializing Razor view compiler with compiled view: '/Views/FoodSite/AccountCreated.cshtml'.
2022-12-15 15:46:44.428 +05:30  DBG  Initializing Razor view compiler with compiled view: '/Views/FoodSite/CancelOrder.cshtml'.
2022-12-15 15:46:44.428 +05:30  DBG  Initializing Razor view compiler with compiled view: '/Views/FoodSite/Cart.cshtml'.
2022-12-15 15:46:44.428 +05:30  DBG  Initializing Razor view compiler with compiled view: '/Views/FoodSite/CreateAccount.cshtml'.
2022-12-15 15:46:44.432 +05:30  DBG  Initializing Razor view compiler with compiled view: '/Views/FoodSite/CustomerDetails.cshtml'.
2022-12-15 15:46:44.432 +05:30  DBG  Initializing Razor view compiler with compiled view: '/Views/FoodSite/Login.cshtml'.
2022-12-15 15:46:44.432 +05:30  DBG  Initializing Razor view compiler with compiled view: '/Views/FoodSite/Menu.cshtml'.
2022-12-15 15:46:44.432 +05:30  DBG  Initializing Razor view compiler with compiled view: '/Views/FoodSite/OrderStatus.cshtml'.
2022-12-15 15:46:44.432 +05:30  DBG  Initializing Razor view compiler with compiled view: '/Views/FoodSite/PlaceOrder.cshtml'.
2022-12-15 15:46:44.432 +05:30  DBG  Initializing Razor view compiler with compiled view: '/Views/FoodSite/Restaurants.cshtml'.
2022-12-15 15:46:44.432 +05:30  DBG  Initializing Razor view compiler with compiled view: '/Views/Home/Index.cshtml'.
2022-12-15 15:46:44.432 +05:30  DBG  Initializing Razor view compiler with compiled view: '/Views/Home/Privacy.cshtml'.
2022-12-15 15:46:44.432 +05:30  DBG  Initializing Razor view compiler with compiled view: '/Views/Shared/Error.cshtml'.
2022-12-15 15:46:44.432 +05:30  DBG  Initializing Razor view compiler with compiled view: '/Views/Shared/_Notification.cshtml'.
2022-12-15 15:46:44.433 +05:30  DBG  Initializing Razor view compiler with compiled view: '/Views/Shared/_ValidationScriptsPartial.cshtml'.
2022-12-15 15:46:44.433 +05:30  DBG  Initializing Razor view compiler with compiled view: '/Views/_ViewImports.cshtml'.
2022-12-15 15:46:44.433 +05:30  DBG  Initializing Razor view compiler with compiled view: '/Views/_ViewStart.cshtml'.
2022-12-15 15:46:44.433 +05:30  DBG  Initializing Razor view compiler with compiled view: '/Views/Shared/_Layout.cshtml'.
2022-12-15 15:46:44.446 +05:30  DBG  Registered model binder providers, in the following order: ["Microsoft.AspNetCore.Mvc.ModelBinding.Binders.BinderTypeModelBinderProvider","Microsoft.AspNetCore.Mvc.ModelBinding.Binders.ServicesModelBinderProvider","Microsoft.AspNetCore.Mvc.ModelBinding.Binders.BodyModelBinderProvider","Microsoft.AspNetCore.Mvc.ModelBinding.Binders.HeaderModelBinderProvider","Microsoft.AspNetCore.Mvc.ModelBinding.Binders.FloatingPointTypeModelBinderProvider","Microsoft.AspNetCore.Mvc.ModelBinding.Binders.EnumTypeModelBinderProvider","Microsoft.AspNetCore.Mvc.ModelBinding.Binders.DateTimeModelBinderProvider","Microsoft.AspNetCore.Mvc.ModelBinding.Binders.SimpleTypeModelBinderProvider","Microsoft.AspNetCore.Mvc.ModelBinding.Binders.CancellationTokenModelBinderProvider","Microsoft.AspNetCore.Mvc.ModelBinding.Binders.ByteArrayModelBinderProvider","Microsoft.AspNetCore.Mvc.ModelBinding.Binders.FormFileModelBinderProvider","Microsoft.AspNetCore.Mvc.ModelBinding.Binders.FormCollectionModelBinderProvider","Microsoft.AspNetCore.Mvc.ModelBinding.Binders.KeyValuePairModelBinderProvider","Microsoft.AspNetCore.Mvc.ModelBinding.Binders.DictionaryModelBinderProvider","Microsoft.AspNetCore.Mvc.ModelBinding.Binders.ArrayModelBinderProvider","Microsoft.AspNetCore.Mvc.ModelBinding.Binders.CollectionModelBinderProvider","Microsoft.AspNetCore.Mvc.ModelBinding.Binders.ComplexObjectModelBinderProvider"]
2022-12-15 15:46:44.577 +05:30  DBG  Hosting starting
2022-12-15 15:46:44.702 +05:30  INF  User profile is available. Using 'C:\Users\raksha_ganyarpawar\AppData\Local\ASP.NET\DataProtection-Keys' as key repository and Windows DPAPI to encrypt keys at rest.
2022-12-15 15:46:44.712 +05:30  DBG  Reading data from file 'C:\Users\raksha_ganyarpawar\AppData\Local\ASP.NET\DataProtection-Keys\key-79ad8948-c6a7-4098-9250-f7b29548ac6d.xml'.
2022-12-15 15:46:44.719 +05:30  DBG  Reading data from file 'C:\Users\raksha_ganyarpawar\AppData\Local\ASP.NET\DataProtection-Keys\key-fcbc33c9-fbe1-4aff-8638-219c50a28b3b.xml'.
2022-12-15 15:46:44.728 +05:30  DBG  Found key {79ad8948-c6a7-4098-9250-f7b29548ac6d}.
2022-12-15 15:46:44.731 +05:30  DBG  Found key {fcbc33c9-fbe1-4aff-8638-219c50a28b3b}.
2022-12-15 15:46:44.742 +05:30  DBG  Considering key {79ad8948-c6a7-4098-9250-f7b29548ac6d} with expiration date 2023-01-30 18:09:53Z as default key.
2022-12-15 15:46:44.743 +05:30  DBG  Forwarded activator type request from Microsoft.AspNetCore.DataProtection.XmlEncryption.DpapiXmlDecryptor, Microsoft.AspNetCore.DataProtection, Version=6.0.0.0, Culture=neutral, PublicKeyToken=adb9793829ddae60 to Microsoft.AspNetCore.DataProtection.XmlEncryption.DpapiXmlDecryptor, Microsoft.AspNetCore.DataProtection, Culture=neutral, PublicKeyToken=adb9793829ddae60
2022-12-15 15:46:44.747 +05:30  DBG  Decrypting secret element using Windows DPAPI.
2022-12-15 15:46:44.749 +05:30  DBG  Forwarded activator type request from Microsoft.AspNetCore.DataProtection.AuthenticatedEncryption.ConfigurationModel.AuthenticatedEncryptorDescriptorDeserializer, Microsoft.AspNetCore.DataProtection, Version=6.0.0.0, Culture=neutral, PublicKeyToken=adb9793829ddae60 to Microsoft.AspNetCore.DataProtection.AuthenticatedEncryption.ConfigurationModel.AuthenticatedEncryptorDescriptorDeserializer, Microsoft.AspNetCore.DataProtection, Culture=neutral, PublicKeyToken=adb9793829ddae60
2022-12-15 15:46:44.753 +05:30  DBG  Opening CNG algorithm 'AES' from provider 'null' with chaining mode CBC.
2022-12-15 15:46:44.756 +05:30  DBG  Opening CNG algorithm 'SHA256' from provider 'null' with HMAC.
2022-12-15 15:46:44.759 +05:30  DBG  Using key {79ad8948-c6a7-4098-9250-f7b29548ac6d} as the default key.
2022-12-15 15:46:44.759 +05:30  DBG  Key ring with default key {79ad8948-c6a7-4098-9250-f7b29548ac6d} was loaded during application startup.
2022-12-15 15:46:45.023 +05:30  DBG  Using development certificate: CN=localhost (Thumbprint: 4C51C087C884AD5F8F0F2241CBD89F90FD775F40)
2022-12-15 15:46:45.218 +05:30  INF  Now listening on: https://localhost:7119
2022-12-15 15:46:45.218 +05:30  INF  Now listening on: http://localhost:5119
2022-12-15 15:46:45.218 +05:30  DBG  Loaded hosting startup assembly FoodDeliveryApplication
2022-12-15 15:46:45.218 +05:30  DBG  Loaded hosting startup assembly Microsoft.AspNetCore.Watch.BrowserRefresh
2022-12-15 15:46:45.218 +05:30  DBG  Loaded hosting startup assembly Microsoft.WebTools.BrowserLink.Net
2022-12-15 15:46:45.218 +05:30  INF  Application started. Press Ctrl+C to shut down.
2022-12-15 15:46:45.218 +05:30  INF  Hosting environment: Development
2022-12-15 15:46:45.218 +05:30  INF  Content root path: C:\Users\raksha_ganyarpawar\source\repos\FoodDeliveryApplication\FoodDeliveryApplication\
2022-12-15 15:46:45.218 +05:30  DBG  Hosting started
2022-12-15 15:46:45.416 +05:30  DBG  Connection id "0HMMUGLS2C1BE" accepted.
2022-12-15 15:46:45.418 +05:30  DBG  Connection id "0HMMUGLS2C1BE" started.
2022-12-15 15:46:45.443 +05:30  DBG  Connection id "0HMMUGLS2C1BE" received FIN.
2022-12-15 15:46:45.461 +05:30  DBG  Failed to authenticate HTTPS connection.System.IO.IOException:  Received an unexpected EOF or 0 bytes from the transport stream.
   at System.Net.Security.SslStream.<FillHandshakeBufferAsync>g__InternalFillHandshakeBufferAsync|189_0[TIOAdapter](TIOAdapter adap, ValueTask`1 task, Int32 minSize)
   at System.Net.Security.SslStream.ReceiveBlobAsync[TIOAdapter](TIOAdapter adapter)
   at System.Net.Security.SslStream.ForceAuthenticationAsync[TIOAdapter](TIOAdapter adapter, Boolean receiveFirst, Byte[] reAuthenticationData, Boolean isApm)
   at Microsoft.AspNetCore.Server.Kestrel.Https.Internal.HttpsConnectionMiddleware.OnConnectionAsync(ConnectionContext context)

2022-12-15 15:46:45.590 +05:30  DBG  Connection id "0HMMUGLS2C1BE" stopped.
2022-12-15 15:46:45.593 +05:30  DBG  Connection id "0HMMUGLS2C1BE" sending FIN because: "The Socket transport's send loop completed gracefully."
2022-12-15 15:46:46.886 +05:30  DBG  Connection id "0HMMUGLS2C1BF" accepted.
2022-12-15 15:46:46.943 +05:30  DBG  Connection id "0HMMUGLS2C1BF" started.
2022-12-15 15:46:47.102 +05:30  DBG  Connection 0HMMUGLS2C1BF established using the following protocol: "Tls13"
2022-12-15 15:46:47.216 +05:30  INF  Request starting HTTP/2 GET https://localhost:7119/ - -
2022-12-15 15:46:47.307 +05:30  DBG  Wildcard detected, all requests with hosts will be allowed.
2022-12-15 15:46:47.311 +05:30  DBG  The request path / does not match a supported file type
2022-12-15 15:46:47.369 +05:30  DBG  1 candidate(s) found for the request path '/'
2022-12-15 15:46:47.383 +05:30  DBG  Endpoint 'FoodDeliveryApplication.Controllers.HomeController.Index (FoodDeliveryApplication)' with route pattern '{controller=Home}/{action=Index}/{id?}' is valid for the request path '/'
2022-12-15 15:46:47.386 +05:30  DBG  Request matched endpoint 'FoodDeliveryApplication.Controllers.HomeController.Index (FoodDeliveryApplication)'
2022-12-15 15:46:47.406 +05:30  INF  Executing endpoint 'FoodDeliveryApplication.Controllers.HomeController.Index (FoodDeliveryApplication)'
2022-12-15 15:46:47.464 +05:30  INF  Route matched with {action = "Index", controller = "Home"}. Executing controller action with signature Microsoft.AspNetCore.Mvc.IActionResult Index() on controller FoodDeliveryApplication.Controllers.HomeController (FoodDeliveryApplication).
2022-12-15 15:46:47.467 +05:30  DBG  Execution plan of authorization filters (in the following order): ["None"]
2022-12-15 15:46:47.467 +05:30  DBG  Execution plan of resource filters (in the following order): ["Microsoft.AspNetCore.Mvc.ViewFeatures.Filters.SaveTempDataFilter"]
2022-12-15 15:46:47.468 +05:30  DBG  Execution plan of action filters (in the following order): ["Microsoft.AspNetCore.Mvc.Filters.ControllerActionFilter (Order: -2147483648)","Microsoft.AspNetCore.Mvc.ModelBinding.UnsupportedContentTypeFilter (Order: -3000)"]
2022-12-15 15:46:47.468 +05:30  DBG  Execution plan of exception filters (in the following order): ["None"]
2022-12-15 15:46:47.468 +05:30  DBG  Execution plan of result filters (in the following order): ["Microsoft.AspNetCore.Mvc.ViewFeatures.Filters.SaveTempDataFilter"]
2022-12-15 15:46:47.472 +05:30  DBG  Executing controller factory for controller FoodDeliveryApplication.Controllers.HomeController (FoodDeliveryApplication)
2022-12-15 15:46:47.474 +05:30  DBG  Executed controller factory for controller FoodDeliveryApplication.Controllers.HomeController (FoodDeliveryApplication)
2022-12-15 15:46:47.482 +05:30  DBG  View lookup cache miss for view 'Index' in controller 'Home'.
2022-12-15 15:46:47.493 +05:30  INF  Executing ViewResult, running view Index.
2022-12-15 15:46:47.503 +05:30  DBG  The view path '/Views/Home/Index.cshtml' was found in 12.5112ms.
2022-12-15 15:46:47.586 +05:30  DBG  View lookup cache miss for view '_Layout' in controller 'Home'.
2022-12-15 15:46:47.647 +05:30  DBG  Found the endpoints ["Route: {controller=Home}/{action=Index}/{id?}"] for address Microsoft.AspNetCore.Routing.RouteValuesAddress
2022-12-15 15:46:47.668 +05:30  DBG  Successfully processed template {controller=Home}/{action=Index}/{id?} for Route: {controller=Home}/{action=Index}/{id?} resulting in  and 
2022-12-15 15:46:47.669 +05:30  DBG  Link generation succeeded for endpoints ["Route: {controller=Home}/{action=Index}/{id?}"] with result /
2022-12-15 15:46:47.672 +05:30  DBG  Found the endpoints ["Route: {controller=Home}/{action=Index}/{id?}"] for address Microsoft.AspNetCore.Routing.RouteValuesAddress
2022-12-15 15:46:47.673 +05:30  DBG  Successfully processed template {controller=Home}/{action=Index}/{id?} for Route: {controller=Home}/{action=Index}/{id?} resulting in  and 
2022-12-15 15:46:47.673 +05:30  DBG  Link generation succeeded for endpoints ["Route: {controller=Home}/{action=Index}/{id?}"] with result /
2022-12-15 15:46:47.674 +05:30  DBG  Found the endpoints ["Route: {controller=Home}/{action=Index}/{id?}"] for address Microsoft.AspNetCore.Routing.RouteValuesAddress
2022-12-15 15:46:47.674 +05:30  DBG  Successfully processed template {controller=Home}/{action=Index}/{id?} for Route: {controller=Home}/{action=Index}/{id?} resulting in /FoodSite/CreateAccount and 
2022-12-15 15:46:47.674 +05:30  DBG  Link generation succeeded for endpoints ["Route: {controller=Home}/{action=Index}/{id?}"] with result /FoodSite/CreateAccount
2022-12-15 15:46:47.675 +05:30  DBG  Found the endpoints ["Route: {controller=Home}/{action=Index}/{id?}"] for address Microsoft.AspNetCore.Routing.RouteValuesAddress
2022-12-15 15:46:47.675 +05:30  DBG  Successfully processed template {controller=Home}/{action=Index}/{id?} for Route: {controller=Home}/{action=Index}/{id?} resulting in /FoodSite/Login and 
2022-12-15 15:46:47.675 +05:30  DBG  Link generation succeeded for endpoints ["Route: {controller=Home}/{action=Index}/{id?}"] with result /FoodSite/Login
2022-12-15 15:46:47.680 +05:30  DBG  View lookup cache miss for view '_Notification' in controller 'Home'.
2022-12-15 15:46:47.685 +05:30  DBG  The temp data cookie .AspNetCore.Mvc.CookieTempDataProvider was not found.
2022-12-15 15:46:47.685 +05:30  DBG  Found the endpoints ["Route: {controller=Home}/{action=Index}/{id?}"] for address Microsoft.AspNetCore.Routing.RouteValuesAddress
2022-12-15 15:46:47.685 +05:30  DBG  Successfully processed template {controller=Home}/{action=Index}/{id?} for Route: {controller=Home}/{action=Index}/{id?} resulting in /Home/Privacy and 
2022-12-15 15:46:47.685 +05:30  DBG  Link generation succeeded for endpoints ["Route: {controller=Home}/{action=Index}/{id?}"] with result /Home/Privacy
2022-12-15 15:46:48.035 +05:30  INF  Executed ViewResult - view Index executed in 554.8656ms.
2022-12-15 15:46:48.053 +05:30  INF  Executed action FoodDeliveryApplication.Controllers.HomeController.Index (FoodDeliveryApplication) in 584.4413ms
2022-12-15 15:46:48.054 +05:30  INF  Executed endpoint 'FoodDeliveryApplication.Controllers.HomeController.Index (FoodDeliveryApplication)'
2022-12-15 15:46:48.079 +05:30  DBG  Response markup is scheduled to include browser refresh script injection.
2022-12-15 15:46:48.109 +05:30  DBG  Response markup was updated to include browser refresh script injection.
2022-12-15 15:46:48.119 +05:30  INF  Request finished HTTP/2 GET https://localhost:7119/ - - - 200 - text/html;+charset=utf-8 909.5285ms
2022-12-15 15:46:48.213 +05:30  INF  Request starting HTTP/2 GET https://localhost:7119/_framework/aspnetcore-browser-refresh.js - -
2022-12-15 15:46:48.213 +05:30  INF  Request starting HTTP/2 GET https://localhost:7119/FoodDeliveryApplication.styles.css?v=9WVtNtbZWdlZSPUDo4l82Dg0Je6d9AMvAXr4GBHw4C4 - -
2022-12-15 15:46:48.217 +05:30  INF  Request starting HTTP/2 GET https://localhost:7119/_vs/browserLink - -
2022-12-15 15:46:48.238 +05:30  INF  Request finished HTTP/2 GET https://localhost:7119/_framework/aspnetcore-browser-refresh.js - - - 200 12016 application/javascript;+charset=utf-8 25.1426ms
2022-12-15 15:46:48.257 +05:30  INF  The file /FoodDeliveryApplication.styles.css was not modified
2022-12-15 15:46:48.258 +05:30  DBG  Handled. Status code: 304 File: /FoodDeliveryApplication.styles.css
2022-12-15 15:46:48.258 +05:30  INF  Request finished HTTP/2 GET https://localhost:7119/FoodDeliveryApplication.styles.css?v=9WVtNtbZWdlZSPUDo4l82Dg0Je6d9AMvAXr4GBHw4C4 - - - 304 - text/css 44.7869ms
2022-12-15 15:46:48.270 +05:30  INF  Request finished HTTP/2 GET https://localhost:7119/_vs/browserLink - - - 200 - text/javascript;+charset=UTF-8 53.3306ms
2022-12-15 15:46:49.161 +05:30  INF  Request starting HTTP/2 GET https://localhost:7119/Foodsite/Status/3 - -
2022-12-15 15:46:49.163 +05:30  DBG  The request path /Foodsite/Status/3 does not match a supported file type
2022-12-15 15:46:49.166 +05:30  DBG  1 candidate(s) found for the request path '/Foodsite/Status/3'
2022-12-15 15:46:49.166 +05:30  DBG  Endpoint 'FoodDeliveryApplication.Controllers.FoodSiteController.Status (FoodDeliveryApplication)' with route pattern '{controller=Home}/{action=Index}/{id?}' is valid for the request path '/Foodsite/Status/3'
2022-12-15 15:46:49.166 +05:30  DBG  Request matched endpoint 'FoodDeliveryApplication.Controllers.FoodSiteController.Status (FoodDeliveryApplication)'
2022-12-15 15:46:49.167 +05:30  INF  Executing endpoint 'FoodDeliveryApplication.Controllers.FoodSiteController.Status (FoodDeliveryApplication)'
2022-12-15 15:46:49.195 +05:30  INF  Route matched with {action = "Status", controller = "FoodSite"}. Executing controller action with signature System.Threading.Tasks.Task`1[Microsoft.AspNetCore.Mvc.IActionResult] Status(Int32) on controller FoodDeliveryApplication.Controllers.FoodSiteController (FoodDeliveryApplication).
2022-12-15 15:46:49.195 +05:30  DBG  Execution plan of authorization filters (in the following order): ["None"]
2022-12-15 15:46:49.195 +05:30  DBG  Execution plan of resource filters (in the following order): ["Microsoft.AspNetCore.Mvc.ViewFeatures.Filters.SaveTempDataFilter"]
2022-12-15 15:46:49.195 +05:30  DBG  Execution plan of action filters (in the following order): ["Microsoft.AspNetCore.Mvc.Filters.ControllerActionFilter (Order: -2147483648)","Microsoft.AspNetCore.Mvc.ModelBinding.UnsupportedContentTypeFilter (Order: -3000)"]
2022-12-15 15:46:49.195 +05:30  DBG  Execution plan of exception filters (in the following order): ["FoodDeliveryApplication.CustomExceptionFilter"]
2022-12-15 15:46:49.195 +05:30  DBG  Execution plan of result filters (in the following order): ["Microsoft.AspNetCore.Mvc.ViewFeatures.Filters.SaveTempDataFilter"]
2022-12-15 15:46:49.195 +05:30  DBG  Executing controller factory for controller FoodDeliveryApplication.Controllers.FoodSiteController (FoodDeliveryApplication)
2022-12-15 15:46:49.533 +05:30  DBG  Executed controller factory for controller FoodDeliveryApplication.Controllers.FoodSiteController (FoodDeliveryApplication)
2022-12-15 15:46:49.537 +05:30  DBG  Attempting to bind parameter 'Id' of type 'System.Int32' ...
2022-12-15 15:46:49.539 +05:30  DBG  Attempting to bind parameter 'Id' of type 'System.Int32' using the name 'Id' in request data ...
2022-12-15 15:46:49.539 +05:30  DBG  Done attempting to bind parameter 'Id' of type 'System.Int32'.
2022-12-15 15:46:49.539 +05:30  DBG  Done attempting to bind parameter 'Id' of type 'System.Int32'.
2022-12-15 15:46:49.539 +05:30  DBG  Attempting to validate the bound parameter 'Id' of type 'System.Int32' ...
2022-12-15 15:46:49.541 +05:30  DBG  Done attempting to validate the bound parameter 'Id' of type 'System.Int32'.
2022-12-15 15:47:06.589 +05:30  DBG  Initializing Razor view compiler with compiled view: '/Views/FoodSite/AccountCreated.cshtml'.
2022-12-15 15:47:06.628 +05:30  DBG  Initializing Razor view compiler with compiled view: '/Views/FoodSite/CancelOrder.cshtml'.
2022-12-15 15:47:06.629 +05:30  DBG  Initializing Razor view compiler with compiled view: '/Views/FoodSite/Cart.cshtml'.
2022-12-15 15:47:06.629 +05:30  DBG  Initializing Razor view compiler with compiled view: '/Views/FoodSite/CreateAccount.cshtml'.
2022-12-15 15:47:06.629 +05:30  DBG  Initializing Razor view compiler with compiled view: '/Views/FoodSite/CustomerDetails.cshtml'.
2022-12-15 15:47:06.629 +05:30  DBG  Initializing Razor view compiler with compiled view: '/Views/FoodSite/Login.cshtml'.
2022-12-15 15:47:06.629 +05:30  DBG  Initializing Razor view compiler with compiled view: '/Views/FoodSite/Menu.cshtml'.
2022-12-15 15:47:06.629 +05:30  DBG  Initializing Razor view compiler with compiled view: '/Views/FoodSite/OrderStatus.cshtml'.
2022-12-15 15:47:06.629 +05:30  DBG  Initializing Razor view compiler with compiled view: '/Views/FoodSite/PlaceOrder.cshtml'.
2022-12-15 15:47:06.629 +05:30  DBG  Initializing Razor view compiler with compiled view: '/Views/FoodSite/Restaurants.cshtml'.
2022-12-15 15:47:06.629 +05:30  DBG  Initializing Razor view compiler with compiled view: '/Views/Home/Index.cshtml'.
2022-12-15 15:47:06.629 +05:30  DBG  Initializing Razor view compiler with compiled view: '/Views/Home/Privacy.cshtml'.
2022-12-15 15:47:06.629 +05:30  DBG  Initializing Razor view compiler with compiled view: '/Views/Shared/Error.cshtml'.
2022-12-15 15:47:06.629 +05:30  DBG  Initializing Razor view compiler with compiled view: '/Views/Shared/_Notification.cshtml'.
2022-12-15 15:47:06.629 +05:30  DBG  Initializing Razor view compiler with compiled view: '/Views/Shared/_ValidationScriptsPartial.cshtml'.
2022-12-15 15:47:06.629 +05:30  DBG  Initializing Razor view compiler with compiled view: '/Views/_ViewImports.cshtml'.
2022-12-15 15:47:06.629 +05:30  DBG  Initializing Razor view compiler with compiled view: '/Views/_ViewStart.cshtml'.
2022-12-15 15:47:06.629 +05:30  DBG  Initializing Razor view compiler with compiled view: '/Views/Shared/_Layout.cshtml'.
2022-12-15 15:47:06.638 +05:30  DBG  Registered model binder providers, in the following order: ["Microsoft.AspNetCore.Mvc.ModelBinding.Binders.BinderTypeModelBinderProvider","Microsoft.AspNetCore.Mvc.ModelBinding.Binders.ServicesModelBinderProvider","Microsoft.AspNetCore.Mvc.ModelBinding.Binders.BodyModelBinderProvider","Microsoft.AspNetCore.Mvc.ModelBinding.Binders.HeaderModelBinderProvider","Microsoft.AspNetCore.Mvc.ModelBinding.Binders.FloatingPointTypeModelBinderProvider","Microsoft.AspNetCore.Mvc.ModelBinding.Binders.EnumTypeModelBinderProvider","Microsoft.AspNetCore.Mvc.ModelBinding.Binders.DateTimeModelBinderProvider","Microsoft.AspNetCore.Mvc.ModelBinding.Binders.SimpleTypeModelBinderProvider","Microsoft.AspNetCore.Mvc.ModelBinding.Binders.CancellationTokenModelBinderProvider","Microsoft.AspNetCore.Mvc.ModelBinding.Binders.ByteArrayModelBinderProvider","Microsoft.AspNetCore.Mvc.ModelBinding.Binders.FormFileModelBinderProvider","Microsoft.AspNetCore.Mvc.ModelBinding.Binders.FormCollectionModelBinderProvider","Microsoft.AspNetCore.Mvc.ModelBinding.Binders.KeyValuePairModelBinderProvider","Microsoft.AspNetCore.Mvc.ModelBinding.Binders.DictionaryModelBinderProvider","Microsoft.AspNetCore.Mvc.ModelBinding.Binders.ArrayModelBinderProvider","Microsoft.AspNetCore.Mvc.ModelBinding.Binders.CollectionModelBinderProvider","Microsoft.AspNetCore.Mvc.ModelBinding.Binders.ComplexObjectModelBinderProvider"]
2022-12-15 15:47:06.746 +05:30  DBG  Hosting starting
2022-12-15 15:47:06.832 +05:30  INF  User profile is available. Using 'C:\Users\raksha_ganyarpawar\AppData\Local\ASP.NET\DataProtection-Keys' as key repository and Windows DPAPI to encrypt keys at rest.
2022-12-15 15:47:06.835 +05:30  DBG  Reading data from file 'C:\Users\raksha_ganyarpawar\AppData\Local\ASP.NET\DataProtection-Keys\key-79ad8948-c6a7-4098-9250-f7b29548ac6d.xml'.
2022-12-15 15:47:06.839 +05:30  DBG  Reading data from file 'C:\Users\raksha_ganyarpawar\AppData\Local\ASP.NET\DataProtection-Keys\key-fcbc33c9-fbe1-4aff-8638-219c50a28b3b.xml'.
2022-12-15 15:47:06.845 +05:30  DBG  Found key {79ad8948-c6a7-4098-9250-f7b29548ac6d}.
2022-12-15 15:47:06.847 +05:30  DBG  Found key {fcbc33c9-fbe1-4aff-8638-219c50a28b3b}.
2022-12-15 15:47:06.853 +05:30  DBG  Considering key {79ad8948-c6a7-4098-9250-f7b29548ac6d} with expiration date 2023-01-30 18:09:53Z as default key.
2022-12-15 15:47:06.854 +05:30  DBG  Forwarded activator type request from Microsoft.AspNetCore.DataProtection.XmlEncryption.DpapiXmlDecryptor, Microsoft.AspNetCore.DataProtection, Version=6.0.0.0, Culture=neutral, PublicKeyToken=adb9793829ddae60 to Microsoft.AspNetCore.DataProtection.XmlEncryption.DpapiXmlDecryptor, Microsoft.AspNetCore.DataProtection, Culture=neutral, PublicKeyToken=adb9793829ddae60
2022-12-15 15:47:06.856 +05:30  DBG  Decrypting secret element using Windows DPAPI.
2022-12-15 15:47:06.858 +05:30  DBG  Forwarded activator type request from Microsoft.AspNetCore.DataProtection.AuthenticatedEncryption.ConfigurationModel.AuthenticatedEncryptorDescriptorDeserializer, Microsoft.AspNetCore.DataProtection, Version=6.0.0.0, Culture=neutral, PublicKeyToken=adb9793829ddae60 to Microsoft.AspNetCore.DataProtection.AuthenticatedEncryption.ConfigurationModel.AuthenticatedEncryptorDescriptorDeserializer, Microsoft.AspNetCore.DataProtection, Culture=neutral, PublicKeyToken=adb9793829ddae60
2022-12-15 15:47:06.862 +05:30  DBG  Opening CNG algorithm 'AES' from provider 'null' with chaining mode CBC.
2022-12-15 15:47:06.864 +05:30  DBG  Opening CNG algorithm 'SHA256' from provider 'null' with HMAC.
2022-12-15 15:47:06.866 +05:30  DBG  Using key {79ad8948-c6a7-4098-9250-f7b29548ac6d} as the default key.
2022-12-15 15:47:06.866 +05:30  DBG  Key ring with default key {79ad8948-c6a7-4098-9250-f7b29548ac6d} was loaded during application startup.
2022-12-15 15:47:07.051 +05:30  DBG  Using development certificate: CN=localhost (Thumbprint: 4C51C087C884AD5F8F0F2241CBD89F90FD775F40)
2022-12-15 15:47:07.162 +05:30  INF  Now listening on: https://localhost:7119
2022-12-15 15:47:07.162 +05:30  INF  Now listening on: http://localhost:5119
2022-12-15 15:47:07.162 +05:30  DBG  Loaded hosting startup assembly FoodDeliveryApplication
2022-12-15 15:47:07.162 +05:30  DBG  Loaded hosting startup assembly Microsoft.AspNetCore.Watch.BrowserRefresh
2022-12-15 15:47:07.162 +05:30  DBG  Loaded hosting startup assembly Microsoft.WebTools.BrowserLink.Net
2022-12-15 15:47:07.162 +05:30  INF  Application started. Press Ctrl+C to shut down.
2022-12-15 15:47:07.162 +05:30  INF  Hosting environment: Development
2022-12-15 15:47:07.162 +05:30  INF  Content root path: C:\Users\raksha_ganyarpawar\source\repos\FoodDeliveryApplication\FoodDeliveryApplication\
2022-12-15 15:47:07.162 +05:30  DBG  Hosting started
2022-12-15 15:47:07.518 +05:30  DBG  Connection id "0HMMUGM2L5PHQ" accepted.
2022-12-15 15:47:07.519 +05:30  DBG  Connection id "0HMMUGM2L5PHQ" started.
2022-12-15 15:47:07.524 +05:30  DBG  Connection id "0HMMUGM2L5PHR" accepted.
2022-12-15 15:47:07.525 +05:30  DBG  Connection id "0HMMUGM2L5PHR" started.
2022-12-15 15:47:07.557 +05:30  DBG  Connection id "0HMMUGM2L5PHQ" received FIN.
2022-12-15 15:47:07.557 +05:30  DBG  Connection id "0HMMUGM2L5PHR" received FIN.
2022-12-15 15:47:07.600 +05:30  DBG  Failed to authenticate HTTPS connection.System.IO.IOException:  Received an unexpected EOF or 0 bytes from the transport stream.
   at System.Net.Security.SslStream.<FillHandshakeBufferAsync>g__InternalFillHandshakeBufferAsync|189_0[TIOAdapter](TIOAdapter adap, ValueTask`1 task, Int32 minSize)
   at System.Net.Security.SslStream.ReceiveBlobAsync[TIOAdapter](TIOAdapter adapter)
   at System.Net.Security.SslStream.ForceAuthenticationAsync[TIOAdapter](TIOAdapter adapter, Boolean receiveFirst, Byte[] reAuthenticationData, Boolean isApm)
   at Microsoft.AspNetCore.Server.Kestrel.Https.Internal.HttpsConnectionMiddleware.OnConnectionAsync(ConnectionContext context)

2022-12-15 15:47:07.600 +05:30  DBG  Failed to authenticate HTTPS connection.System.IO.IOException:  Received an unexpected EOF or 0 bytes from the transport stream.
   at System.Net.Security.SslStream.<FillHandshakeBufferAsync>g__InternalFillHandshakeBufferAsync|189_0[TIOAdapter](TIOAdapter adap, ValueTask`1 task, Int32 minSize)
   at System.Net.Security.SslStream.ReceiveBlobAsync[TIOAdapter](TIOAdapter adapter)
   at System.Net.Security.SslStream.ForceAuthenticationAsync[TIOAdapter](TIOAdapter adapter, Boolean receiveFirst, Byte[] reAuthenticationData, Boolean isApm)
   at Microsoft.AspNetCore.Server.Kestrel.Https.Internal.HttpsConnectionMiddleware.OnConnectionAsync(ConnectionContext context)

2022-12-15 15:47:07.669 +05:30  DBG  Connection id "0HMMUGM2L5PHR" stopped.
2022-12-15 15:47:07.669 +05:30  DBG  Connection id "0HMMUGM2L5PHQ" stopped.
2022-12-15 15:47:07.671 +05:30  DBG  Connection id "0HMMUGM2L5PHR" sending FIN because: "The Socket transport's send loop completed gracefully."
2022-12-15 15:47:07.671 +05:30  DBG  Connection id "0HMMUGM2L5PHQ" sending FIN because: "The Socket transport's send loop completed gracefully."
2022-12-15 15:47:08.421 +05:30  DBG  Connection id "0HMMUGM2L5PHS" accepted.
2022-12-15 15:47:08.421 +05:30  DBG  Connection id "0HMMUGM2L5PHS" started.
2022-12-15 15:47:08.504 +05:30  DBG  Connection 0HMMUGM2L5PHS established using the following protocol: "Tls13"
2022-12-15 15:47:08.766 +05:30  INF  Request starting HTTP/2 GET https://localhost:7119/ - -
2022-12-15 15:47:08.877 +05:30  DBG  Wildcard detected, all requests with hosts will be allowed.
2022-12-15 15:47:08.883 +05:30  DBG  The request path / does not match a supported file type
2022-12-15 15:47:08.959 +05:30  DBG  1 candidate(s) found for the request path '/'
2022-12-15 15:47:08.967 +05:30  DBG  Endpoint 'FoodDeliveryApplication.Controllers.HomeController.Index (FoodDeliveryApplication)' with route pattern '{controller=Home}/{action=Index}/{id?}' is valid for the request path '/'
2022-12-15 15:47:08.968 +05:30  DBG  Request matched endpoint 'FoodDeliveryApplication.Controllers.HomeController.Index (FoodDeliveryApplication)'
2022-12-15 15:47:08.985 +05:30  INF  Executing endpoint 'FoodDeliveryApplication.Controllers.HomeController.Index (FoodDeliveryApplication)'
2022-12-15 15:47:09.072 +05:30  INF  Route matched with {action = "Index", controller = "Home"}. Executing controller action with signature Microsoft.AspNetCore.Mvc.IActionResult Index() on controller FoodDeliveryApplication.Controllers.HomeController (FoodDeliveryApplication).
2022-12-15 15:47:09.075 +05:30  DBG  Execution plan of authorization filters (in the following order): ["None"]
2022-12-15 15:47:09.075 +05:30  DBG  Execution plan of resource filters (in the following order): ["Microsoft.AspNetCore.Mvc.ViewFeatures.Filters.SaveTempDataFilter"]
2022-12-15 15:47:09.076 +05:30  DBG  Execution plan of action filters (in the following order): ["Microsoft.AspNetCore.Mvc.Filters.ControllerActionFilter (Order: -2147483648)","Microsoft.AspNetCore.Mvc.ModelBinding.UnsupportedContentTypeFilter (Order: -3000)"]
2022-12-15 15:47:09.076 +05:30  DBG  Execution plan of exception filters (in the following order): ["None"]
2022-12-15 15:47:09.076 +05:30  DBG  Execution plan of result filters (in the following order): ["Microsoft.AspNetCore.Mvc.ViewFeatures.Filters.SaveTempDataFilter"]
2022-12-15 15:47:09.078 +05:30  DBG  Executing controller factory for controller FoodDeliveryApplication.Controllers.HomeController (FoodDeliveryApplication)
2022-12-15 15:47:09.079 +05:30  DBG  Executed controller factory for controller FoodDeliveryApplication.Controllers.HomeController (FoodDeliveryApplication)
2022-12-15 15:47:09.088 +05:30  DBG  View lookup cache miss for view 'Index' in controller 'Home'.
2022-12-15 15:47:09.101 +05:30  INF  Executing ViewResult, running view Index.
2022-12-15 15:47:09.117 +05:30  DBG  The view path '/Views/Home/Index.cshtml' was found in 15.0739ms.
2022-12-15 15:47:09.221 +05:30  DBG  View lookup cache miss for view '_Layout' in controller 'Home'.
2022-12-15 15:47:09.297 +05:30  DBG  Found the endpoints ["Route: {controller=Home}/{action=Index}/{id?}"] for address Microsoft.AspNetCore.Routing.RouteValuesAddress
2022-12-15 15:47:09.316 +05:30  DBG  Successfully processed template {controller=Home}/{action=Index}/{id?} for Route: {controller=Home}/{action=Index}/{id?} resulting in  and 
2022-12-15 15:47:09.317 +05:30  DBG  Link generation succeeded for endpoints ["Route: {controller=Home}/{action=Index}/{id?}"] with result /
2022-12-15 15:47:09.318 +05:30  DBG  Found the endpoints ["Route: {controller=Home}/{action=Index}/{id?}"] for address Microsoft.AspNetCore.Routing.RouteValuesAddress
2022-12-15 15:47:09.319 +05:30  DBG  Successfully processed template {controller=Home}/{action=Index}/{id?} for Route: {controller=Home}/{action=Index}/{id?} resulting in  and 
2022-12-15 15:47:09.319 +05:30  DBG  Link generation succeeded for endpoints ["Route: {controller=Home}/{action=Index}/{id?}"] with result /
2022-12-15 15:47:09.319 +05:30  DBG  Found the endpoints ["Route: {controller=Home}/{action=Index}/{id?}"] for address Microsoft.AspNetCore.Routing.RouteValuesAddress
2022-12-15 15:47:09.320 +05:30  DBG  Successfully processed template {controller=Home}/{action=Index}/{id?} for Route: {controller=Home}/{action=Index}/{id?} resulting in /FoodSite/CreateAccount and 
2022-12-15 15:47:09.320 +05:30  DBG  Link generation succeeded for endpoints ["Route: {controller=Home}/{action=Index}/{id?}"] with result /FoodSite/CreateAccount
2022-12-15 15:47:09.321 +05:30  DBG  Found the endpoints ["Route: {controller=Home}/{action=Index}/{id?}"] for address Microsoft.AspNetCore.Routing.RouteValuesAddress
2022-12-15 15:47:09.321 +05:30  DBG  Successfully processed template {controller=Home}/{action=Index}/{id?} for Route: {controller=Home}/{action=Index}/{id?} resulting in /FoodSite/Login and 
2022-12-15 15:47:09.321 +05:30  DBG  Link generation succeeded for endpoints ["Route: {controller=Home}/{action=Index}/{id?}"] with result /FoodSite/Login
2022-12-15 15:47:09.325 +05:30  DBG  View lookup cache miss for view '_Notification' in controller 'Home'.
2022-12-15 15:47:09.333 +05:30  DBG  The temp data cookie .AspNetCore.Mvc.CookieTempDataProvider was not found.
2022-12-15 15:47:09.333 +05:30  DBG  Found the endpoints ["Route: {controller=Home}/{action=Index}/{id?}"] for address Microsoft.AspNetCore.Routing.RouteValuesAddress
2022-12-15 15:47:09.334 +05:30  DBG  Successfully processed template {controller=Home}/{action=Index}/{id?} for Route: {controller=Home}/{action=Index}/{id?} resulting in /Home/Privacy and 
2022-12-15 15:47:09.334 +05:30  DBG  Link generation succeeded for endpoints ["Route: {controller=Home}/{action=Index}/{id?}"] with result /Home/Privacy
2022-12-15 15:47:09.744 +05:30  INF  Executed ViewResult - view Index executed in 658.8801ms.
2022-12-15 15:47:09.759 +05:30  INF  Executed action FoodDeliveryApplication.Controllers.HomeController.Index (FoodDeliveryApplication) in 682.6301ms
2022-12-15 15:47:09.760 +05:30  INF  Executed endpoint 'FoodDeliveryApplication.Controllers.HomeController.Index (FoodDeliveryApplication)'
2022-12-15 15:47:09.785 +05:30  DBG  Response markup is scheduled to include browser refresh script injection.
2022-12-15 15:47:09.811 +05:30  DBG  Response markup was updated to include browser refresh script injection.
2022-12-15 15:47:09.822 +05:30  INF  Request finished HTTP/2 GET https://localhost:7119/ - - - 200 - text/html;+charset=utf-8 1062.4380ms
2022-12-15 15:47:09.875 +05:30  INF  Request starting HTTP/2 GET https://localhost:7119/_vs/browserLink - -
2022-12-15 15:47:09.877 +05:30  INF  Request starting HTTP/2 GET https://localhost:7119/_framework/aspnetcore-browser-refresh.js - -
2022-12-15 15:47:09.903 +05:30  INF  Request finished HTTP/2 GET https://localhost:7119/_framework/aspnetcore-browser-refresh.js - - - 200 12016 application/javascript;+charset=utf-8 25.9989ms
2022-12-15 15:47:09.920 +05:30  INF  Request finished HTTP/2 GET https://localhost:7119/_vs/browserLink - - - 200 - text/javascript;+charset=UTF-8 44.3938ms
2022-12-15 15:47:14.594 +05:30  INF  Request starting HTTP/2 GET https://localhost:7119/Foodsite/Status/3 - -
2022-12-15 15:47:14.594 +05:30  DBG  The request path /Foodsite/Status/3 does not match a supported file type
2022-12-15 15:47:14.597 +05:30  DBG  1 candidate(s) found for the request path '/Foodsite/Status/3'
2022-12-15 15:47:14.597 +05:30  DBG  Endpoint 'FoodDeliveryApplication.Controllers.FoodSiteController.Status (FoodDeliveryApplication)' with route pattern '{controller=Home}/{action=Index}/{id?}' is valid for the request path '/Foodsite/Status/3'
2022-12-15 15:47:14.597 +05:30  DBG  Request matched endpoint 'FoodDeliveryApplication.Controllers.FoodSiteController.Status (FoodDeliveryApplication)'
2022-12-15 15:47:14.597 +05:30  INF  Executing endpoint 'FoodDeliveryApplication.Controllers.FoodSiteController.Status (FoodDeliveryApplication)'
2022-12-15 15:47:14.613 +05:30  INF  Route matched with {action = "Status", controller = "FoodSite"}. Executing controller action with signature System.Threading.Tasks.Task`1[Microsoft.AspNetCore.Mvc.IActionResult] Status(Int32) on controller FoodDeliveryApplication.Controllers.FoodSiteController (FoodDeliveryApplication).
2022-12-15 15:47:14.613 +05:30  DBG  Execution plan of authorization filters (in the following order): ["None"]
2022-12-15 15:47:14.613 +05:30  DBG  Execution plan of resource filters (in the following order): ["Microsoft.AspNetCore.Mvc.ViewFeatures.Filters.SaveTempDataFilter"]
2022-12-15 15:47:14.613 +05:30  DBG  Execution plan of action filters (in the following order): ["Microsoft.AspNetCore.Mvc.Filters.ControllerActionFilter (Order: -2147483648)","Microsoft.AspNetCore.Mvc.ModelBinding.UnsupportedContentTypeFilter (Order: -3000)"]
2022-12-15 15:47:14.613 +05:30  DBG  Execution plan of exception filters (in the following order): ["FoodDeliveryApplication.CustomExceptionFilter"]
2022-12-15 15:47:14.613 +05:30  DBG  Execution plan of result filters (in the following order): ["Microsoft.AspNetCore.Mvc.ViewFeatures.Filters.SaveTempDataFilter"]
2022-12-15 15:47:14.613 +05:30  DBG  Executing controller factory for controller FoodDeliveryApplication.Controllers.FoodSiteController (FoodDeliveryApplication)
2022-12-15 15:47:14.872 +05:30  DBG  Executed controller factory for controller FoodDeliveryApplication.Controllers.FoodSiteController (FoodDeliveryApplication)
2022-12-15 15:47:14.875 +05:30  DBG  Attempting to bind parameter 'Id' of type 'System.Int32' ...
2022-12-15 15:47:14.876 +05:30  DBG  Attempting to bind parameter 'Id' of type 'System.Int32' using the name 'Id' in request data ...
2022-12-15 15:47:14.877 +05:30  DBG  Done attempting to bind parameter 'Id' of type 'System.Int32'.
2022-12-15 15:47:14.877 +05:30  DBG  Done attempting to bind parameter 'Id' of type 'System.Int32'.
2022-12-15 15:47:14.877 +05:30  DBG  Attempting to validate the bound parameter 'Id' of type 'System.Int32' ...
2022-12-15 15:47:14.878 +05:30  DBG  Done attempting to validate the bound parameter 'Id' of type 'System.Int32'.
2022-12-15 15:48:16.924 +05:30  DBG  Request was short circuited at exception filter 'FoodDeliveryApplication.CustomExceptionFilter'.
2022-12-15 15:48:16.924 +05:30  DBG  View lookup cache miss for view 'Error' in controller 'FoodSite'.
2022-12-15 15:48:16.925 +05:30  INF  Executing ViewResult, running view Error.
2022-12-15 15:48:16.925 +05:30  DBG  The view path '/Views/Shared/Error.cshtml' was found in 1.0332ms.
2022-12-15 15:48:16.939 +05:30  DBG  View lookup cache miss for view '_Layout' in controller 'FoodSite'.
2022-12-15 15:48:16.940 +05:30  DBG  Found the endpoints ["Route: {controller=Home}/{action=Index}/{id?}"] for address Microsoft.AspNetCore.Routing.RouteValuesAddress
2022-12-15 15:48:16.940 +05:30  DBG  Successfully processed template {controller=Home}/{action=Index}/{id?} for Route: {controller=Home}/{action=Index}/{id?} resulting in  and 
2022-12-15 15:48:16.940 +05:30  DBG  Link generation succeeded for endpoints ["Route: {controller=Home}/{action=Index}/{id?}"] with result /
2022-12-15 15:48:16.940 +05:30  DBG  Found the endpoints ["Route: {controller=Home}/{action=Index}/{id?}"] for address Microsoft.AspNetCore.Routing.RouteValuesAddress
2022-12-15 15:48:16.940 +05:30  DBG  Successfully processed template {controller=Home}/{action=Index}/{id?} for Route: {controller=Home}/{action=Index}/{id?} resulting in  and 
2022-12-15 15:48:16.940 +05:30  DBG  Link generation succeeded for endpoints ["Route: {controller=Home}/{action=Index}/{id?}"] with result /
2022-12-15 15:48:16.940 +05:30  DBG  Found the endpoints ["Route: {controller=Home}/{action=Index}/{id?}"] for address Microsoft.AspNetCore.Routing.RouteValuesAddress
2022-12-15 15:48:16.940 +05:30  DBG  Successfully processed template {controller=Home}/{action=Index}/{id?} for Route: {controller=Home}/{action=Index}/{id?} resulting in /FoodSite/CreateAccount and 
2022-12-15 15:48:16.940 +05:30  DBG  Link generation succeeded for endpoints ["Route: {controller=Home}/{action=Index}/{id?}"] with result /FoodSite/CreateAccount
2022-12-15 15:48:16.940 +05:30  DBG  Found the endpoints ["Route: {controller=Home}/{action=Index}/{id?}"] for address Microsoft.AspNetCore.Routing.RouteValuesAddress
2022-12-15 15:48:16.940 +05:30  DBG  Successfully processed template {controller=Home}/{action=Index}/{id?} for Route: {controller=Home}/{action=Index}/{id?} resulting in /FoodSite/Login and 
2022-12-15 15:48:16.940 +05:30  DBG  Link generation succeeded for endpoints ["Route: {controller=Home}/{action=Index}/{id?}"] with result /FoodSite/Login
2022-12-15 15:48:16.940 +05:30  DBG  View lookup cache miss for view '_Notification' in controller 'FoodSite'.
2022-12-15 15:48:16.941 +05:30  DBG  The temp data cookie .AspNetCore.Mvc.CookieTempDataProvider was not found.
2022-12-15 15:48:16.941 +05:30  DBG  Found the endpoints ["Route: {controller=Home}/{action=Index}/{id?}"] for address Microsoft.AspNetCore.Routing.RouteValuesAddress
2022-12-15 15:48:16.941 +05:30  DBG  Successfully processed template {controller=Home}/{action=Index}/{id?} for Route: {controller=Home}/{action=Index}/{id?} resulting in /Home/Privacy and 
2022-12-15 15:48:16.941 +05:30  DBG  Link generation succeeded for endpoints ["Route: {controller=Home}/{action=Index}/{id?}"] with result /Home/Privacy
2022-12-15 15:48:16.962 +05:30  INF  Executed ViewResult - view Error executed in 37.7024ms.
2022-12-15 15:48:16.966 +05:30  INF  Executed action FoodDeliveryApplication.Controllers.FoodSiteController.Status (FoodDeliveryApplication) in 62352.8776ms
2022-12-15 15:48:16.966 +05:30  INF  Executed endpoint 'FoodDeliveryApplication.Controllers.FoodSiteController.Status (FoodDeliveryApplication)'
2022-12-15 15:48:16.968 +05:30  DBG  Response markup is scheduled to include browser refresh script injection.
2022-12-15 15:48:16.968 +05:30  DBG  Response markup was updated to include browser refresh script injection.
2022-12-15 15:48:16.969 +05:30  INF  Request finished HTTP/2 GET https://localhost:7119/Foodsite/Status/3 - - - 200 - text/html;+charset=utf-8 62374.9099ms
2022-12-15 15:48:17.014 +05:30  INF  Request starting HTTP/2 GET https://localhost:7119/_framework/aspnetcore-browser-refresh.js - -
2022-12-15 15:48:17.015 +05:30  INF  Request starting HTTP/2 GET https://localhost:7119/_vs/browserLink - -
2022-12-15 15:48:17.015 +05:30  INF  Request finished HTTP/2 GET https://localhost:7119/_framework/aspnetcore-browser-refresh.js - - - 200 12016 application/javascript;+charset=utf-8 0.5240ms
2022-12-15 15:48:17.032 +05:30  INF  Request finished HTTP/2 GET https://localhost:7119/_vs/browserLink - - - 200 - text/javascript;+charset=UTF-8 17.0510ms
