2022-12-15 18:59:18.396 +05:30  ERR  An error encountered while processing the request
2022-12-15 19:00:47.293 +05:30  DBG  Initializing Razor view compiler with compiled view: '/Views/FoodSite/AccountCreated.cshtml'.
2022-12-15 19:00:47.372 +05:30  DBG  Initializing Razor view compiler with compiled view: '/Views/FoodSite/CancelOrder.cshtml'.
2022-12-15 19:00:47.373 +05:30  DBG  Initializing Razor view compiler with compiled view: '/Views/FoodSite/Cart.cshtml'.
2022-12-15 19:00:47.373 +05:30  DBG  Initializing Razor view compiler with compiled view: '/Views/FoodSite/CreateAccount.cshtml'.
2022-12-15 19:00:47.378 +05:30  DBG  Initializing Razor view compiler with compiled view: '/Views/FoodSite/CustomerDetails.cshtml'.
2022-12-15 19:00:47.378 +05:30  DBG  Initializing Razor view compiler with compiled view: '/Views/FoodSite/Login.cshtml'.
2022-12-15 19:00:47.378 +05:30  DBG  Initializing Razor view compiler with compiled view: '/Views/FoodSite/Menu.cshtml'.
2022-12-15 19:00:47.378 +05:30  DBG  Initializing Razor view compiler with compiled view: '/Views/FoodSite/OrderStatus.cshtml'.
2022-12-15 19:00:47.378 +05:30  DBG  Initializing Razor view compiler with compiled view: '/Views/FoodSite/PlaceOrder.cshtml'.
2022-12-15 19:00:47.378 +05:30  DBG  Initializing Razor view compiler with compiled view: '/Views/FoodSite/Restaurants.cshtml'.
2022-12-15 19:00:47.378 +05:30  DBG  Initializing Razor view compiler with compiled view: '/Views/Home/Index.cshtml'.
2022-12-15 19:00:47.378 +05:30  DBG  Initializing Razor view compiler with compiled view: '/Views/Home/Privacy.cshtml'.
2022-12-15 19:00:47.378 +05:30  DBG  Initializing Razor view compiler with compiled view: '/Views/Shared/Error.cshtml'.
2022-12-15 19:00:47.378 +05:30  DBG  Initializing Razor view compiler with compiled view: '/Views/Shared/_Notification.cshtml'.
2022-12-15 19:00:47.378 +05:30  DBG  Initializing Razor view compiler with compiled view: '/Views/Shared/_ValidationScriptsPartial.cshtml'.
2022-12-15 19:00:47.378 +05:30  DBG  Initializing Razor view compiler with compiled view: '/Views/_ViewImports.cshtml'.
2022-12-15 19:00:47.378 +05:30  DBG  Initializing Razor view compiler with compiled view: '/Views/_ViewStart.cshtml'.
2022-12-15 19:00:47.378 +05:30  DBG  Initializing Razor view compiler with compiled view: '/Views/Shared/_Layout.cshtml'.
2022-12-15 19:00:47.415 +05:30  DBG  Registered model binder providers, in the following order: ["Microsoft.AspNetCore.Mvc.ModelBinding.Binders.BinderTypeModelBinderProvider","Microsoft.AspNetCore.Mvc.ModelBinding.Binders.ServicesModelBinderProvider","Microsoft.AspNetCore.Mvc.ModelBinding.Binders.BodyModelBinderProvider","Microsoft.AspNetCore.Mvc.ModelBinding.Binders.HeaderModelBinderProvider","Microsoft.AspNetCore.Mvc.ModelBinding.Binders.FloatingPointTypeModelBinderProvider","Microsoft.AspNetCore.Mvc.ModelBinding.Binders.EnumTypeModelBinderProvider","Microsoft.AspNetCore.Mvc.ModelBinding.Binders.DateTimeModelBinderProvider","Microsoft.AspNetCore.Mvc.ModelBinding.Binders.SimpleTypeModelBinderProvider","Microsoft.AspNetCore.Mvc.ModelBinding.Binders.CancellationTokenModelBinderProvider","Microsoft.AspNetCore.Mvc.ModelBinding.Binders.ByteArrayModelBinderProvider","Microsoft.AspNetCore.Mvc.ModelBinding.Binders.FormFileModelBinderProvider","Microsoft.AspNetCore.Mvc.ModelBinding.Binders.FormCollectionModelBinderProvider","Microsoft.AspNetCore.Mvc.ModelBinding.Binders.KeyValuePairModelBinderProvider","Microsoft.AspNetCore.Mvc.ModelBinding.Binders.DictionaryModelBinderProvider","Microsoft.AspNetCore.Mvc.ModelBinding.Binders.ArrayModelBinderProvider","Microsoft.AspNetCore.Mvc.ModelBinding.Binders.CollectionModelBinderProvider","Microsoft.AspNetCore.Mvc.ModelBinding.Binders.ComplexObjectModelBinderProvider"]
2022-12-15 19:00:47.579 +05:30  DBG  Hosting starting
2022-12-15 19:00:47.725 +05:30  INF  User profile is available. Using 'C:\Users\raksha_ganyarpawar\AppData\Local\ASP.NET\DataProtection-Keys' as key repository and Windows DPAPI to encrypt keys at rest.
2022-12-15 19:00:47.730 +05:30  DBG  Reading data from file 'C:\Users\raksha_ganyarpawar\AppData\Local\ASP.NET\DataProtection-Keys\key-79ad8948-c6a7-4098-9250-f7b29548ac6d.xml'.
2022-12-15 19:00:47.739 +05:30  DBG  Reading data from file 'C:\Users\raksha_ganyarpawar\AppData\Local\ASP.NET\DataProtection-Keys\key-fcbc33c9-fbe1-4aff-8638-219c50a28b3b.xml'.
2022-12-15 19:00:47.747 +05:30  DBG  Found key {79ad8948-c6a7-4098-9250-f7b29548ac6d}.
2022-12-15 19:00:47.749 +05:30  DBG  Found key {fcbc33c9-fbe1-4aff-8638-219c50a28b3b}.
2022-12-15 19:00:47.756 +05:30  DBG  Considering key {79ad8948-c6a7-4098-9250-f7b29548ac6d} with expiration date 2023-01-30 18:09:53Z as default key.
2022-12-15 19:00:47.757 +05:30  DBG  Forwarded activator type request from Microsoft.AspNetCore.DataProtection.XmlEncryption.DpapiXmlDecryptor, Microsoft.AspNetCore.DataProtection, Version=6.0.0.0, Culture=neutral, PublicKeyToken=adb9793829ddae60 to Microsoft.AspNetCore.DataProtection.XmlEncryption.DpapiXmlDecryptor, Microsoft.AspNetCore.DataProtection, Culture=neutral, PublicKeyToken=adb9793829ddae60
2022-12-15 19:00:47.759 +05:30  DBG  Decrypting secret element using Windows DPAPI.
2022-12-15 19:00:47.760 +05:30  DBG  Forwarded activator type request from Microsoft.AspNetCore.DataProtection.AuthenticatedEncryption.ConfigurationModel.AuthenticatedEncryptorDescriptorDeserializer, Microsoft.AspNetCore.DataProtection, Version=6.0.0.0, Culture=neutral, PublicKeyToken=adb9793829ddae60 to Microsoft.AspNetCore.DataProtection.AuthenticatedEncryption.ConfigurationModel.AuthenticatedEncryptorDescriptorDeserializer, Microsoft.AspNetCore.DataProtection, Culture=neutral, PublicKeyToken=adb9793829ddae60
2022-12-15 19:00:47.763 +05:30  DBG  Opening CNG algorithm 'AES' from provider 'null' with chaining mode CBC.
2022-12-15 19:00:47.765 +05:30  DBG  Opening CNG algorithm 'SHA256' from provider 'null' with HMAC.
2022-12-15 19:00:47.767 +05:30  DBG  Using key {79ad8948-c6a7-4098-9250-f7b29548ac6d} as the default key.
2022-12-15 19:00:47.768 +05:30  DBG  Key ring with default key {79ad8948-c6a7-4098-9250-f7b29548ac6d} was loaded during application startup.
2022-12-15 19:00:48.150 +05:30  DBG  Using development certificate: CN=localhost (Thumbprint: 4C51C087C884AD5F8F0F2241CBD89F90FD775F40)
2022-12-15 19:00:48.350 +05:30  INF  Now listening on: https://localhost:7119
2022-12-15 19:00:48.351 +05:30  INF  Now listening on: http://localhost:5119
2022-12-15 19:00:48.351 +05:30  DBG  Loaded hosting startup assembly FoodDeliveryApplication
2022-12-15 19:00:48.351 +05:30  DBG  Loaded hosting startup assembly Microsoft.AspNetCore.Watch.BrowserRefresh
2022-12-15 19:00:48.351 +05:30  DBG  Loaded hosting startup assembly Microsoft.WebTools.BrowserLink.Net
2022-12-15 19:00:48.351 +05:30  INF  Application started. Press Ctrl+C to shut down.
2022-12-15 19:00:48.351 +05:30  INF  Hosting environment: Development
2022-12-15 19:00:48.351 +05:30  INF  Content root path: C:\Users\raksha_ganyarpawar\source\repos\FoodDeliveryApplication\FoodDeliveryApplication\
2022-12-15 19:00:48.351 +05:30  DBG  Hosting started
2022-12-15 19:00:48.586 +05:30  DBG  Connection id "0HMMUK2A09SA2" accepted.
2022-12-15 19:00:48.586 +05:30  DBG  Connection id "0HMMUK2A09SA3" accepted.
2022-12-15 19:00:48.587 +05:30  DBG  Connection id "0HMMUK2A09SA3" started.
2022-12-15 19:00:48.587 +05:30  DBG  Connection id "0HMMUK2A09SA2" started.
2022-12-15 19:00:48.603 +05:30  DBG  Connection id "0HMMUK2A09SA3" received FIN.
2022-12-15 19:00:48.603 +05:30  DBG  Connection id "0HMMUK2A09SA2" received FIN.
2022-12-15 19:00:48.633 +05:30  DBG  Failed to authenticate HTTPS connection.System.IO.IOException:  Received an unexpected EOF or 0 bytes from the transport stream.
   at System.Net.Security.SslStream.<FillHandshakeBufferAsync>g__InternalFillHandshakeBufferAsync|189_0[TIOAdapter](TIOAdapter adap, ValueTask`1 task, Int32 minSize)
   at System.Net.Security.SslStream.ReceiveBlobAsync[TIOAdapter](TIOAdapter adapter)
   at System.Net.Security.SslStream.ForceAuthenticationAsync[TIOAdapter](TIOAdapter adapter, Boolean receiveFirst, Byte[] reAuthenticationData, Boolean isApm)
   at Microsoft.AspNetCore.Server.Kestrel.Https.Internal.HttpsConnectionMiddleware.OnConnectionAsync(ConnectionContext context)

2022-12-15 19:00:48.633 +05:30  DBG  Failed to authenticate HTTPS connection.System.IO.IOException:  Received an unexpected EOF or 0 bytes from the transport stream.
   at System.Net.Security.SslStream.<FillHandshakeBufferAsync>g__InternalFillHandshakeBufferAsync|189_0[TIOAdapter](TIOAdapter adap, ValueTask`1 task, Int32 minSize)
   at System.Net.Security.SslStream.ReceiveBlobAsync[TIOAdapter](TIOAdapter adapter)
   at System.Net.Security.SslStream.ForceAuthenticationAsync[TIOAdapter](TIOAdapter adapter, Boolean receiveFirst, Byte[] reAuthenticationData, Boolean isApm)
   at Microsoft.AspNetCore.Server.Kestrel.Https.Internal.HttpsConnectionMiddleware.OnConnectionAsync(ConnectionContext context)

2022-12-15 19:00:48.738 +05:30  DBG  Connection id "0HMMUK2A09SA2" stopped.
2022-12-15 19:00:48.738 +05:30  DBG  Connection id "0HMMUK2A09SA3" stopped.
2022-12-15 19:00:48.743 +05:30  DBG  Connection id "0HMMUK2A09SA2" sending FIN because: "The Socket transport's send loop completed gracefully."
2022-12-15 19:00:48.746 +05:30  DBG  Connection id "0HMMUK2A09SA3" sending FIN because: "The Socket transport's send loop completed gracefully."
2022-12-15 19:00:49.804 +05:30  DBG  Connection id "0HMMUK2A09SA4" accepted.
2022-12-15 19:00:49.806 +05:30  DBG  Connection id "0HMMUK2A09SA4" started.
2022-12-15 19:00:49.925 +05:30  DBG  Connection 0HMMUK2A09SA4 established using the following protocol: "Tls13"
2022-12-15 19:00:50.051 +05:30  INF  Request starting HTTP/2 GET https://localhost:7119/ - -
2022-12-15 19:00:50.110 +05:30  DBG  Wildcard detected, all requests with hosts will be allowed.
2022-12-15 19:00:50.113 +05:30  DBG  The request path / does not match a supported file type
2022-12-15 19:00:50.150 +05:30  DBG  1 candidate(s) found for the request path '/'
2022-12-15 19:00:50.155 +05:30  DBG  Endpoint 'FoodDeliveryApplication.Controllers.HomeController.Index (FoodDeliveryApplication)' with route pattern '{controller=Home}/{action=Index}/{id?}' is valid for the request path '/'
2022-12-15 19:00:50.156 +05:30  DBG  Request matched endpoint 'FoodDeliveryApplication.Controllers.HomeController.Index (FoodDeliveryApplication)'
2022-12-15 19:00:50.164 +05:30  INF  Executing endpoint 'FoodDeliveryApplication.Controllers.HomeController.Index (FoodDeliveryApplication)'
2022-12-15 19:00:50.211 +05:30  INF  Route matched with {action = "Index", controller = "Home"}. Executing controller action with signature Microsoft.AspNetCore.Mvc.IActionResult Index() on controller FoodDeliveryApplication.Controllers.HomeController (FoodDeliveryApplication).
2022-12-15 19:00:50.212 +05:30  DBG  Execution plan of authorization filters (in the following order): ["None"]
2022-12-15 19:00:50.213 +05:30  DBG  Execution plan of resource filters (in the following order): ["Microsoft.AspNetCore.Mvc.ViewFeatures.Filters.SaveTempDataFilter"]
2022-12-15 19:00:50.213 +05:30  DBG  Execution plan of action filters (in the following order): ["Microsoft.AspNetCore.Mvc.Filters.ControllerActionFilter (Order: -2147483648)","Microsoft.AspNetCore.Mvc.ModelBinding.UnsupportedContentTypeFilter (Order: -3000)"]
2022-12-15 19:00:50.213 +05:30  DBG  Execution plan of exception filters (in the following order): ["None"]
2022-12-15 19:00:50.213 +05:30  DBG  Execution plan of result filters (in the following order): ["Microsoft.AspNetCore.Mvc.ViewFeatures.Filters.SaveTempDataFilter"]
2022-12-15 19:00:50.214 +05:30  DBG  Executing controller factory for controller FoodDeliveryApplication.Controllers.HomeController (FoodDeliveryApplication)
2022-12-15 19:00:50.215 +05:30  DBG  Executed controller factory for controller FoodDeliveryApplication.Controllers.HomeController (FoodDeliveryApplication)
2022-12-15 19:00:50.218 +05:30  DBG  View lookup cache miss for view 'Index' in controller 'Home'.
2022-12-15 19:00:50.227 +05:30  INF  Executing ViewResult, running view Index.
2022-12-15 19:00:50.236 +05:30  DBG  The view path '/Views/Home/Index.cshtml' was found in 9.2292ms.
2022-12-15 19:00:50.306 +05:30  DBG  View lookup cache miss for view '_Layout' in controller 'Home'.
2022-12-15 19:00:50.350 +05:30  DBG  Found the endpoints ["Route: {controller=Home}/{action=Index}/{id?}"] for address Microsoft.AspNetCore.Routing.RouteValuesAddress
2022-12-15 19:00:50.360 +05:30  DBG  Successfully processed template {controller=Home}/{action=Index}/{id?} for Route: {controller=Home}/{action=Index}/{id?} resulting in  and 
2022-12-15 19:00:50.362 +05:30  DBG  Link generation succeeded for endpoints ["Route: {controller=Home}/{action=Index}/{id?}"] with result /
2022-12-15 19:00:50.363 +05:30  DBG  Found the endpoints ["Route: {controller=Home}/{action=Index}/{id?}"] for address Microsoft.AspNetCore.Routing.RouteValuesAddress
2022-12-15 19:00:50.363 +05:30  DBG  Successfully processed template {controller=Home}/{action=Index}/{id?} for Route: {controller=Home}/{action=Index}/{id?} resulting in  and 
2022-12-15 19:00:50.363 +05:30  DBG  Link generation succeeded for endpoints ["Route: {controller=Home}/{action=Index}/{id?}"] with result /
2022-12-15 19:00:50.364 +05:30  DBG  Found the endpoints ["Route: {controller=Home}/{action=Index}/{id?}"] for address Microsoft.AspNetCore.Routing.RouteValuesAddress
2022-12-15 19:00:50.365 +05:30  DBG  Successfully processed template {controller=Home}/{action=Index}/{id?} for Route: {controller=Home}/{action=Index}/{id?} resulting in /FoodSite/CreateAccount and 
2022-12-15 19:00:50.365 +05:30  DBG  Link generation succeeded for endpoints ["Route: {controller=Home}/{action=Index}/{id?}"] with result /FoodSite/CreateAccount
2022-12-15 19:00:50.365 +05:30  DBG  Found the endpoints ["Route: {controller=Home}/{action=Index}/{id?}"] for address Microsoft.AspNetCore.Routing.RouteValuesAddress
2022-12-15 19:00:50.365 +05:30  DBG  Successfully processed template {controller=Home}/{action=Index}/{id?} for Route: {controller=Home}/{action=Index}/{id?} resulting in /FoodSite/Login and 
2022-12-15 19:00:50.365 +05:30  DBG  Link generation succeeded for endpoints ["Route: {controller=Home}/{action=Index}/{id?}"] with result /FoodSite/Login
2022-12-15 19:00:50.368 +05:30  DBG  View lookup cache miss for view '_Notification' in controller 'Home'.
2022-12-15 19:00:50.372 +05:30  DBG  The temp data cookie .AspNetCore.Mvc.CookieTempDataProvider was not found.
2022-12-15 19:00:50.374 +05:30  DBG  Found the endpoints ["Route: {controller=Home}/{action=Index}/{id?}"] for address Microsoft.AspNetCore.Routing.RouteValuesAddress
2022-12-15 19:00:50.374 +05:30  DBG  Successfully processed template {controller=Home}/{action=Index}/{id?} for Route: {controller=Home}/{action=Index}/{id?} resulting in /Home/Privacy and 
2022-12-15 19:00:50.374 +05:30  DBG  Link generation succeeded for endpoints ["Route: {controller=Home}/{action=Index}/{id?}"] with result /Home/Privacy
2022-12-15 19:00:50.625 +05:30  INF  Executed ViewResult - view Index executed in 407.5437ms.
2022-12-15 19:00:50.635 +05:30  INF  Executed action FoodDeliveryApplication.Controllers.HomeController.Index (FoodDeliveryApplication) in 422.2526ms
2022-12-15 19:00:50.636 +05:30  INF  Executed endpoint 'FoodDeliveryApplication.Controllers.HomeController.Index (FoodDeliveryApplication)'
2022-12-15 19:00:50.652 +05:30  DBG  Response markup is scheduled to include browser refresh script injection.
2022-12-15 19:00:50.670 +05:30  DBG  Response markup was updated to include browser refresh script injection.
2022-12-15 19:00:50.676 +05:30  INF  Request finished HTTP/2 GET https://localhost:7119/ - - - 200 - text/html;+charset=utf-8 630.1636ms
2022-12-15 19:00:50.706 +05:30  INF  Request starting HTTP/2 GET https://localhost:7119/_vs/browserLink - -
2022-12-15 19:00:50.706 +05:30  INF  Request starting HTTP/2 GET https://localhost:7119/_framework/aspnetcore-browser-refresh.js - -
2022-12-15 19:00:50.714 +05:30  INF  Request finished HTTP/2 GET https://localhost:7119/_framework/aspnetcore-browser-refresh.js - - - 200 12016 application/javascript;+charset=utf-8 7.5228ms
2022-12-15 19:00:50.740 +05:30  INF  Request finished HTTP/2 GET https://localhost:7119/_vs/browserLink - - - 200 - text/javascript;+charset=UTF-8 34.1409ms
2022-12-15 19:00:52.064 +05:30  INF  Request starting HTTP/2 GET https://localhost:7119/FoodSite/Login - -
2022-12-15 19:00:52.067 +05:30  DBG  The request path /FoodSite/Login does not match a supported file type
2022-12-15 19:00:52.074 +05:30  DBG  1 candidate(s) found for the request path '/FoodSite/Login'
2022-12-15 19:00:52.074 +05:30  DBG  Endpoint 'FoodDeliveryApplication.Controllers.FoodSiteController.Login (FoodDeliveryApplication)' with route pattern '{controller=Home}/{action=Index}/{id?}' is valid for the request path '/FoodSite/Login'
2022-12-15 19:00:52.074 +05:30  DBG  Request matched endpoint 'FoodDeliveryApplication.Controllers.FoodSiteController.Login (FoodDeliveryApplication)'
2022-12-15 19:00:52.074 +05:30  INF  Executing endpoint 'FoodDeliveryApplication.Controllers.FoodSiteController.Login (FoodDeliveryApplication)'
2022-12-15 19:00:52.076 +05:30  INF  Route matched with {action = "Login", controller = "FoodSite"}. Executing controller action with signature Microsoft.AspNetCore.Mvc.IActionResult Login() on controller FoodDeliveryApplication.Controllers.FoodSiteController (FoodDeliveryApplication).
2022-12-15 19:00:52.076 +05:30  DBG  Execution plan of authorization filters (in the following order): ["None"]
2022-12-15 19:00:52.076 +05:30  DBG  Execution plan of resource filters (in the following order): ["Microsoft.AspNetCore.Mvc.ViewFeatures.Filters.SaveTempDataFilter"]
2022-12-15 19:00:52.077 +05:30  DBG  Execution plan of action filters (in the following order): ["Microsoft.AspNetCore.Mvc.Filters.ControllerActionFilter (Order: -2147483648)","Microsoft.AspNetCore.Mvc.ModelBinding.UnsupportedContentTypeFilter (Order: -3000)"]
2022-12-15 19:00:52.077 +05:30  DBG  Execution plan of exception filters (in the following order): ["FoodDeliveryApplication.CustomExceptionFilter"]
2022-12-15 19:00:52.077 +05:30  DBG  Execution plan of result filters (in the following order): ["Microsoft.AspNetCore.Mvc.ViewFeatures.Filters.SaveTempDataFilter"]
2022-12-15 19:00:52.077 +05:30  DBG  Executing controller factory for controller FoodDeliveryApplication.Controllers.FoodSiteController (FoodDeliveryApplication)
2022-12-15 19:00:52.644 +05:30  DBG  Executed controller factory for controller FoodDeliveryApplication.Controllers.FoodSiteController (FoodDeliveryApplication)
2022-12-15 19:00:52.644 +05:30  INF  Login Triggered
2022-12-15 19:00:52.645 +05:30  DBG  View lookup cache miss for view 'Login' in controller 'FoodSite'.
2022-12-15 19:00:52.649 +05:30  INF  Executing ViewResult, running view Login.
2022-12-15 19:00:52.649 +05:30  DBG  The view path '/Views/FoodSite/Login.cshtml' was found in 4.422ms.
2022-12-15 19:00:52.659 +05:30  DBG  A new antiforgery cookie token was created.
2022-12-15 19:00:52.836 +05:30  DBG  Found the endpoints ["Route: {controller=Home}/{action=Index}/{id?}"] for address Microsoft.AspNetCore.Routing.RouteValuesAddress
2022-12-15 19:00:52.836 +05:30  DBG  Successfully processed template {controller=Home}/{action=Index}/{id?} for Route: {controller=Home}/{action=Index}/{id?} resulting in /FoodSite/CreateAccount and 
2022-12-15 19:00:52.836 +05:30  DBG  Link generation succeeded for endpoints ["Route: {controller=Home}/{action=Index}/{id?}"] with result /FoodSite/CreateAccount
2022-12-15 19:00:52.837 +05:30  DBG  View lookup cache miss for view '_Layout' in controller 'FoodSite'.
2022-12-15 19:00:52.839 +05:30  DBG  Found the endpoints ["Route: {controller=Home}/{action=Index}/{id?}"] for address Microsoft.AspNetCore.Routing.RouteValuesAddress
2022-12-15 19:00:52.839 +05:30  DBG  Successfully processed template {controller=Home}/{action=Index}/{id?} for Route: {controller=Home}/{action=Index}/{id?} resulting in  and 
2022-12-15 19:00:52.839 +05:30  DBG  Link generation succeeded for endpoints ["Route: {controller=Home}/{action=Index}/{id?}"] with result /
2022-12-15 19:00:52.839 +05:30  DBG  Found the endpoints ["Route: {controller=Home}/{action=Index}/{id?}"] for address Microsoft.AspNetCore.Routing.RouteValuesAddress
2022-12-15 19:00:52.839 +05:30  DBG  Successfully processed template {controller=Home}/{action=Index}/{id?} for Route: {controller=Home}/{action=Index}/{id?} resulting in  and 
2022-12-15 19:00:52.839 +05:30  DBG  Link generation succeeded for endpoints ["Route: {controller=Home}/{action=Index}/{id?}"] with result /
2022-12-15 19:00:52.839 +05:30  DBG  Found the endpoints ["Route: {controller=Home}/{action=Index}/{id?}"] for address Microsoft.AspNetCore.Routing.RouteValuesAddress
2022-12-15 19:00:52.839 +05:30  DBG  Successfully processed template {controller=Home}/{action=Index}/{id?} for Route: {controller=Home}/{action=Index}/{id?} resulting in /FoodSite/CreateAccount and 
2022-12-15 19:00:52.839 +05:30  DBG  Link generation succeeded for endpoints ["Route: {controller=Home}/{action=Index}/{id?}"] with result /FoodSite/CreateAccount
2022-12-15 19:00:52.839 +05:30  DBG  Found the endpoints ["Route: {controller=Home}/{action=Index}/{id?}"] for address Microsoft.AspNetCore.Routing.RouteValuesAddress
2022-12-15 19:00:52.839 +05:30  DBG  Successfully processed template {controller=Home}/{action=Index}/{id?} for Route: {controller=Home}/{action=Index}/{id?} resulting in /FoodSite/Login and 
2022-12-15 19:00:52.839 +05:30  DBG  Link generation succeeded for endpoints ["Route: {controller=Home}/{action=Index}/{id?}"] with result /FoodSite/Login
2022-12-15 19:00:52.840 +05:30  DBG  View lookup cache miss for view '_Notification' in controller 'FoodSite'.
2022-12-15 19:00:52.840 +05:30  DBG  The temp data cookie .AspNetCore.Mvc.CookieTempDataProvider was not found.
2022-12-15 19:00:52.840 +05:30  DBG  Found the endpoints ["Route: {controller=Home}/{action=Index}/{id?}"] for address Microsoft.AspNetCore.Routing.RouteValuesAddress
2022-12-15 19:00:52.841 +05:30  DBG  Successfully processed template {controller=Home}/{action=Index}/{id?} for Route: {controller=Home}/{action=Index}/{id?} resulting in /Home/Privacy and 
2022-12-15 19:00:52.841 +05:30  DBG  Link generation succeeded for endpoints ["Route: {controller=Home}/{action=Index}/{id?}"] with result /Home/Privacy
2022-12-15 19:00:52.850 +05:30  INF  Executed ViewResult - view Login executed in 205.4252ms.
2022-12-15 19:00:52.851 +05:30  INF  Executed action FoodDeliveryApplication.Controllers.FoodSiteController.Login (FoodDeliveryApplication) in 774.4635ms
2022-12-15 19:00:52.851 +05:30  INF  Executed endpoint 'FoodDeliveryApplication.Controllers.FoodSiteController.Login (FoodDeliveryApplication)'
2022-12-15 19:00:52.852 +05:30  DBG  Response markup is scheduled to include browser refresh script injection.
2022-12-15 19:00:52.854 +05:30  DBG  Response markup was updated to include browser refresh script injection.
2022-12-15 19:00:52.854 +05:30  INF  Request finished HTTP/2 GET https://localhost:7119/FoodSite/Login - - - 200 - text/html;+charset=utf-8 789.9739ms
2022-12-15 19:00:52.891 +05:30  INF  Request starting HTTP/2 GET https://localhost:7119/_vs/browserLink - -
2022-12-15 19:00:52.893 +05:30  INF  Request starting HTTP/2 GET https://localhost:7119/_framework/aspnetcore-browser-refresh.js - -
2022-12-15 19:00:52.894 +05:30  INF  Request finished HTTP/2 GET https://localhost:7119/_framework/aspnetcore-browser-refresh.js - - - 200 12016 application/javascript;+charset=utf-8 0.7665ms
2022-12-15 19:00:52.923 +05:30  INF  Request finished HTTP/2 GET https://localhost:7119/_vs/browserLink - - - 200 - text/javascript;+charset=UTF-8 32.0320ms
2022-12-15 19:00:57.899 +05:30  INF  Request starting HTTP/2 POST https://localhost:7119/FoodSite/Login application/x-www-form-urlencoded 212
2022-12-15 19:00:57.904 +05:30  DBG  POST requests are not supported
2022-12-15 19:00:57.915 +05:30  DBG  2 candidate(s) found for the request path '/FoodSite/Login'
2022-12-15 19:00:57.915 +05:30  DBG  Endpoint 'FoodDeliveryApplication.Controllers.FoodSiteController.Login (FoodDeliveryApplication)' with route pattern '{controller=Home}/{action=Index}/{id?}' is valid for the request path '/FoodSite/Login'
2022-12-15 19:00:57.915 +05:30  DBG  Endpoint 'FoodDeliveryApplication.Controllers.FoodSiteController.Login (FoodDeliveryApplication)' with route pattern '{controller=Home}/{action=Index}/{id?}' is valid for the request path '/FoodSite/Login'
2022-12-15 19:00:57.915 +05:30  DBG  Request matched endpoint 'FoodDeliveryApplication.Controllers.FoodSiteController.Login (FoodDeliveryApplication)'
2022-12-15 19:00:57.918 +05:30  INF  Executing endpoint 'FoodDeliveryApplication.Controllers.FoodSiteController.Login (FoodDeliveryApplication)'
2022-12-15 19:00:57.961 +05:30  INF  Route matched with {action = "Login", controller = "FoodSite"}. Executing controller action with signature System.Threading.Tasks.Task`1[Microsoft.AspNetCore.Mvc.IActionResult] Login(FoodDeliveryApplication.Models.LoginDetails) on controller FoodDeliveryApplication.Controllers.FoodSiteController (FoodDeliveryApplication).
2022-12-15 19:00:57.961 +05:30  DBG  Execution plan of authorization filters (in the following order): ["None"]
2022-12-15 19:00:57.961 +05:30  DBG  Execution plan of resource filters (in the following order): ["Microsoft.AspNetCore.Mvc.ViewFeatures.Filters.SaveTempDataFilter"]
2022-12-15 19:00:57.961 +05:30  DBG  Execution plan of action filters (in the following order): ["Microsoft.AspNetCore.Mvc.Filters.ControllerActionFilter (Order: -2147483648)","Microsoft.AspNetCore.Mvc.ModelBinding.UnsupportedContentTypeFilter (Order: -3000)"]
2022-12-15 19:00:57.961 +05:30  DBG  Execution plan of exception filters (in the following order): ["FoodDeliveryApplication.CustomExceptionFilter"]
2022-12-15 19:00:57.961 +05:30  DBG  Execution plan of result filters (in the following order): ["Microsoft.AspNetCore.Mvc.ViewFeatures.Filters.SaveTempDataFilter"]
2022-12-15 19:00:57.961 +05:30  DBG  Executing controller factory for controller FoodDeliveryApplication.Controllers.FoodSiteController (FoodDeliveryApplication)
2022-12-15 19:00:57.971 +05:30  DBG  Executed controller factory for controller FoodDeliveryApplication.Controllers.FoodSiteController (FoodDeliveryApplication)
2022-12-15 19:00:57.991 +05:30  DBG  Connection id "0HMMUK2A09SA4", Request id "0HMMUK2A09SA4:0000000D": started reading request body.
2022-12-15 19:00:57.992 +05:30  DBG  Connection id "0HMMUK2A09SA4", Request id "0HMMUK2A09SA4:0000000D": done reading request body.
2022-12-15 19:00:58.007 +05:30  DBG  Attempting to bind parameter 'login' of type 'FoodDeliveryApplication.Models.LoginDetails' ...
2022-12-15 19:00:58.014 +05:30  DBG  Attempting to bind parameter 'login' of type 'FoodDeliveryApplication.Models.LoginDetails' using the name '' in request data ...
2022-12-15 19:00:58.023 +05:30  DBG  Attempting to bind property 'FoodDeliveryApplication.Models.LoginDetails.UserName' of type 'System.String' using the name 'UserName' in request data ...
2022-12-15 19:00:58.025 +05:30  DBG  Done attempting to bind property 'FoodDeliveryApplication.Models.LoginDetails.UserName' of type 'System.String'.
2022-12-15 19:00:58.030 +05:30  DBG  Attempting to bind property 'FoodDeliveryApplication.Models.LoginDetails.Password' of type 'System.String' using the name 'Password' in request data ...
2022-12-15 19:00:58.030 +05:30  DBG  Done attempting to bind property 'FoodDeliveryApplication.Models.LoginDetails.Password' of type 'System.String'.
2022-12-15 19:00:58.031 +05:30  DBG  Done attempting to bind parameter 'login' of type 'FoodDeliveryApplication.Models.LoginDetails'.
2022-12-15 19:00:58.031 +05:30  DBG  Done attempting to bind parameter 'login' of type 'FoodDeliveryApplication.Models.LoginDetails'.
2022-12-15 19:00:58.031 +05:30  DBG  Attempting to validate the bound parameter 'login' of type 'FoodDeliveryApplication.Models.LoginDetails' ...
2022-12-15 19:00:58.044 +05:30  DBG  Done attempting to validate the bound parameter 'login' of type 'FoodDeliveryApplication.Models.LoginDetails'.
2022-12-15 19:00:58.904 +05:30  DBG  Found the endpoints ["Route: {controller=Home}/{action=Index}/{id?}"] for address Microsoft.AspNetCore.Routing.RouteValuesAddress
2022-12-15 19:00:58.904 +05:30  DBG  Successfully processed template {controller=Home}/{action=Index}/{id?} for Route: {controller=Home}/{action=Index}/{id?} resulting in /FoodSite/Restaurants and 
2022-12-15 19:00:58.904 +05:30  DBG  Link generation succeeded for endpoints ["Route: {controller=Home}/{action=Index}/{id?}"] with result /FoodSite/Restaurants
2022-12-15 19:00:58.904 +05:30  INF  Executing RedirectResult, redirecting to /FoodSite/Restaurants.
2022-12-15 19:00:58.905 +05:30  INF  Executed action FoodDeliveryApplication.Controllers.FoodSiteController.Login (FoodDeliveryApplication) in 943.8724ms
2022-12-15 19:00:58.905 +05:30  INF  Executed endpoint 'FoodDeliveryApplication.Controllers.FoodSiteController.Login (FoodDeliveryApplication)'
2022-12-15 19:00:58.908 +05:30  INF  Session started; Key:545e36f1-baf6-3a41-9f5b-8d6ff50d404f, Id:96ae9fdc-4d3a-83d7-0203-4a3ee0c2ccae
2022-12-15 19:00:58.922 +05:30  DBG  Session stored; Key:545e36f1-baf6-3a41-9f5b-8d6ff50d404f, Id:96ae9fdc-4d3a-83d7-0203-4a3ee0c2ccae, Count:2
2022-12-15 19:00:58.924 +05:30  INF  Request finished HTTP/2 POST https://localhost:7119/FoodSite/Login application/x-www-form-urlencoded 212 - 302 0 - 1025.6516ms
2022-12-15 19:00:58.928 +05:30  INF  Request starting HTTP/2 GET https://localhost:7119/FoodSite/Restaurants - -
2022-12-15 19:00:58.929 +05:30  DBG  The request path /FoodSite/Restaurants does not match a supported file type
2022-12-15 19:00:58.929 +05:30  DBG  1 candidate(s) found for the request path '/FoodSite/Restaurants'
2022-12-15 19:00:58.929 +05:30  DBG  Endpoint 'FoodDeliveryApplication.Controllers.FoodSiteController.Restaurants (FoodDeliveryApplication)' with route pattern '{controller=Home}/{action=Index}/{id?}' is valid for the request path '/FoodSite/Restaurants'
2022-12-15 19:00:58.929 +05:30  DBG  Request matched endpoint 'FoodDeliveryApplication.Controllers.FoodSiteController.Restaurants (FoodDeliveryApplication)'
2022-12-15 19:00:58.930 +05:30  INF  Executing endpoint 'FoodDeliveryApplication.Controllers.FoodSiteController.Restaurants (FoodDeliveryApplication)'
2022-12-15 19:00:58.937 +05:30  INF  Route matched with {action = "Restaurants", controller = "FoodSite"}. Executing controller action with signature System.Threading.Tasks.Task`1[Microsoft.AspNetCore.Mvc.IActionResult] Restaurants() on controller FoodDeliveryApplication.Controllers.FoodSiteController (FoodDeliveryApplication).
2022-12-15 19:00:58.938 +05:30  DBG  Execution plan of authorization filters (in the following order): ["None"]
2022-12-15 19:00:58.938 +05:30  DBG  Execution plan of resource filters (in the following order): ["Microsoft.AspNetCore.Mvc.ViewFeatures.Filters.SaveTempDataFilter"]
2022-12-15 19:00:58.938 +05:30  DBG  Execution plan of action filters (in the following order): ["Microsoft.AspNetCore.Mvc.Filters.ControllerActionFilter (Order: -2147483648)","Microsoft.AspNetCore.Mvc.ModelBinding.UnsupportedContentTypeFilter (Order: -3000)"]
2022-12-15 19:00:58.938 +05:30  DBG  Execution plan of exception filters (in the following order): ["FoodDeliveryApplication.CustomExceptionFilter"]
2022-12-15 19:00:58.938 +05:30  DBG  Execution plan of result filters (in the following order): ["Microsoft.AspNetCore.Mvc.ViewFeatures.Filters.SaveTempDataFilter"]
2022-12-15 19:00:58.938 +05:30  DBG  Executing controller factory for controller FoodDeliveryApplication.Controllers.FoodSiteController (FoodDeliveryApplication)
2022-12-15 19:00:58.946 +05:30  DBG  Executed controller factory for controller FoodDeliveryApplication.Controllers.FoodSiteController (FoodDeliveryApplication)
2022-12-15 19:01:03.181 +05:30  DBG  Request was short circuited at exception filter 'FoodDeliveryApplication.CustomExceptionFilter'.
2022-12-15 19:01:03.182 +05:30  DBG  View lookup cache miss for view 'Error' in controller 'FoodSite'.
2022-12-15 19:01:03.183 +05:30  INF  Executing ViewResult, running view Error.
2022-12-15 19:01:03.183 +05:30  DBG  The view path '/Views/Shared/Error.cshtml' was found in 1.2387ms.
2022-12-15 19:01:03.228 +05:30  DBG  View lookup cache hit for view '_Layout' in controller 'FoodSite'.
2022-12-15 19:01:03.229 +05:30  DBG  Found the endpoints ["Route: {controller=Home}/{action=Index}/{id?}"] for address Microsoft.AspNetCore.Routing.RouteValuesAddress
2022-12-15 19:01:03.230 +05:30  DBG  Successfully processed template {controller=Home}/{action=Index}/{id?} for Route: {controller=Home}/{action=Index}/{id?} resulting in  and 
2022-12-15 19:01:03.230 +05:30  DBG  Link generation succeeded for endpoints ["Route: {controller=Home}/{action=Index}/{id?}"] with result /
2022-12-15 19:01:03.230 +05:30  DBG  Found the endpoints ["Route: {controller=Home}/{action=Index}/{id?}"] for address Microsoft.AspNetCore.Routing.RouteValuesAddress
2022-12-15 19:01:03.230 +05:30  DBG  Successfully processed template {controller=Home}/{action=Index}/{id?} for Route: {controller=Home}/{action=Index}/{id?} resulting in  and 
2022-12-15 19:01:03.230 +05:30  DBG  Link generation succeeded for endpoints ["Route: {controller=Home}/{action=Index}/{id?}"] with result /
2022-12-15 19:01:03.230 +05:30  DBG  Found the endpoints ["Route: {controller=Home}/{action=Index}/{id?}"] for address Microsoft.AspNetCore.Routing.RouteValuesAddress
2022-12-15 19:01:03.230 +05:30  DBG  Successfully processed template {controller=Home}/{action=Index}/{id?} for Route: {controller=Home}/{action=Index}/{id?} resulting in /FoodSite/CreateAccount and 
2022-12-15 19:01:03.230 +05:30  DBG  Link generation succeeded for endpoints ["Route: {controller=Home}/{action=Index}/{id?}"] with result /FoodSite/CreateAccount
2022-12-15 19:01:03.231 +05:30  DBG  Found the endpoints ["Route: {controller=Home}/{action=Index}/{id?}"] for address Microsoft.AspNetCore.Routing.RouteValuesAddress
2022-12-15 19:01:03.231 +05:30  DBG  Successfully processed template {controller=Home}/{action=Index}/{id?} for Route: {controller=Home}/{action=Index}/{id?} resulting in /FoodSite/Login and 
2022-12-15 19:01:03.231 +05:30  DBG  Link generation succeeded for endpoints ["Route: {controller=Home}/{action=Index}/{id?}"] with result /FoodSite/Login
2022-12-15 19:01:03.231 +05:30  DBG  View lookup cache hit for view '_Notification' in controller 'FoodSite'.
2022-12-15 19:01:03.231 +05:30  DBG  The temp data cookie .AspNetCore.Mvc.CookieTempDataProvider was not found.
2022-12-15 19:01:03.231 +05:30  DBG  Found the endpoints ["Route: {controller=Home}/{action=Index}/{id?}"] for address Microsoft.AspNetCore.Routing.RouteValuesAddress
2022-12-15 19:01:03.231 +05:30  DBG  Successfully processed template {controller=Home}/{action=Index}/{id?} for Route: {controller=Home}/{action=Index}/{id?} resulting in /Home/Privacy and 
2022-12-15 19:01:03.231 +05:30  DBG  Link generation succeeded for endpoints ["Route: {controller=Home}/{action=Index}/{id?}"] with result /Home/Privacy
2022-12-15 19:01:03.243 +05:30  INF  Executed ViewResult - view Error executed in 61.2039ms.
2022-12-15 19:01:03.250 +05:30  INF  Executed action FoodDeliveryApplication.Controllers.FoodSiteController.Restaurants (FoodDeliveryApplication) in 4311.6127ms
2022-12-15 19:01:03.250 +05:30  INF  Executed endpoint 'FoodDeliveryApplication.Controllers.FoodSiteController.Restaurants (FoodDeliveryApplication)'
2022-12-15 19:01:03.250 +05:30  DBG  Session loaded; Key:545e36f1-baf6-3a41-9f5b-8d6ff50d404f, Id:96ae9fdc-4d3a-83d7-0203-4a3ee0c2ccae, Count:2
2022-12-15 19:01:03.251 +05:30  DBG  Response markup is scheduled to include browser refresh script injection.
2022-12-15 19:01:03.252 +05:30  DBG  Response markup was updated to include browser refresh script injection.
2022-12-15 19:01:03.253 +05:30  INF  Request finished HTTP/2 GET https://localhost:7119/FoodSite/Restaurants - - - 200 - text/html;+charset=utf-8 4325.0680ms
2022-12-15 19:01:03.287 +05:30  INF  Request starting HTTP/2 GET https://localhost:7119/_vs/browserLink - -
2022-12-15 19:01:03.290 +05:30  INF  Request starting HTTP/2 GET https://localhost:7119/_framework/aspnetcore-browser-refresh.js - -
2022-12-15 19:01:03.290 +05:30  INF  Request finished HTTP/2 GET https://localhost:7119/_framework/aspnetcore-browser-refresh.js - - - 200 12016 application/javascript;+charset=utf-8 0.1610ms
2022-12-15 19:01:03.305 +05:30  INF  Request finished HTTP/2 GET https://localhost:7119/_vs/browserLink - - - 200 - text/javascript;+charset=UTF-8 18.5971ms
